<?xml version="1.0" encoding="utf-8"?><testsuites name="pytest tests"><testsuite name="pytest" errors="0" failures="0" skipped="0" tests="40" time="9.391" timestamp="2026-07-26T14:09:24.823665+00:00" hostname="agent-env-fd549b7c-101a-4a19-89b4-f609b39ff9c1"><testcase classname="tests.test_stats_summary.TestStatsSummary" name="test_unauthorized_returns_401" time="0.104" /><testcase classname="tests.test_stats_summary.TestStatsSummary" name="test_admin_stats_shape_and_is_admin_scope" time="0.400" /><testcase classname="tests.test_stats_summary.TestStatsSummary" name="test_user_stats_shape_and_scope" time="0.417" /><testcase classname="tests.test_stats_summary.TestStatsSummary" name="test_admin_db_size_larger_than_user_db_size" time="0.164" /><testcase classname="tests.test_stats_summary.TestStatsSummary" name="test_personal_counts_differ_between_admin_and_user" time="0.181" /><testcase classname="tests.test_stats_summary.TestStatsSummary" name="test_task_active_semantics" time="0.330" /><testcase classname="tests.test_stats_summary.TestStorageQuota" name="test_admin_quota_system_wide_label_sistem" time="0.076" /><testcase classname="tests.test_stats_summary.TestStorageQuota" name="test_user_trial_quota_100mb" time="0.094" /><testcase classname="tests.test_stats_summary.TestStorageQuota" name="test_all_previous_keys_still_present" time="0.081" /><testcase classname="tests.test_stats_summary.TestStorageQuota" name="test_new_quota_keys_present_admin_and_user" time="0.170" /><testcase classname="tests.test_system_quota.TestGetSystemQuota" name="test_admin_can_read" time="0.450" /><testcase classname="tests.test_system_quota.TestGetSystemQuota" name="test_non_admin_forbidden" time="0.379" /><testcase classname="tests.test_system_quota.TestGetSystemQuota" name="test_unauthenticated_401" time="0.086" /><testcase classname="tests.test_system_quota.TestPutSystemQuota" name="test_admin_can_update_and_read" time="0.156" /><testcase classname="tests.test_system_quota.TestPutSystemQuota" name="test_admin_update_reflects_in_stats_summary" time="0.162" /><testcase classname="tests.test_system_quota.TestPutSystemQuota" name="test_stats_summary_math_reshapes_low_pct_after_increase" time="0.336" /><testcase classname="tests.test_system_quota.TestPutSystemQuota" name="test_below_min_rejected" time="0.089" /><testcase classname="tests.test_system_quota.TestPutSystemQuota" name="test_zero_rejected" time="0.080" /><testcase classname="tests.test_system_quota.TestPutSystemQuota" name="test_above_max_rejected" time="0.078" /><testcase classname="tests.test_system_quota.TestPutSystemQuota" name="test_non_admin_forbidden" time="0.091" /><testcase classname="tests.test_system_quota.TestPutSystemQuota" name="test_unauthenticated_401" time="0.077" /><testcase classname="tests.test_system_quota.TestAdminStatsSummaryQuota" name="test_admin_default_10gb" time="0.179" /><testcase classname="tests.test_system_quota.TestAdminStatsSummaryQuota" name="test_user_still_gets_license_based_quota" time="0.167" /><testcase classname="tests.test_admin_user_quota.TestCreateUserWithQuota" name="test_create_user_with_custom_quota_mb" time="0.976" /><testcase classname="tests.test_admin_user_quota.TestCreateUserWithQuota" name="test_create_user_without_quota_field_omits_it" time="0.460" /><testcase classname="tests.test_admin_user_quota.TestCreateUserWithQuota" name="test_create_user_with_custom_quota_mb_null_omits" time="0.401" /><testcase classname="tests.test_admin_user_quota.TestCreateUserWithQuota" name="test_create_user_quota_negative_rejected_422" time="0.079" /><testcase classname="tests.test_admin_user_quota.TestCreateUserWithQuota" name="test_create_user_quota_above_max_rejected_422" time="0.075" /><testcase classname="tests.test_admin_user_quota.TestCreateUserWithQuota" name="test_create_user_quota_zero_rejected_by_create" time="0.089" /><testcase classname="tests.test_admin_user_quota.TestCreateUserWithQuota" name="test_non_admin_cannot_create_403" time="0.385" /><testcase classname="tests.test_admin_user_quota.TestPatchUserQuota" name="test_set_quota_5120_on_ahmet" time="0.175" /><testcase classname="tests.test_admin_user_quota.TestPatchUserQuota" name="test_zero_unsets_field" time="0.260" /><testcase classname="tests.test_admin_user_quota.TestPatchUserQuota" name="test_absent_field_preserves_value" time="0.325" /><testcase classname="tests.test_admin_user_quota.TestPatchUserQuota" name="test_patch_quota_negative_rejected" time="0.070" /><testcase classname="tests.test_admin_user_quota.TestPatchUserQuota" name="test_patch_quota_above_max_rejected" time="0.092" /><testcase classname="tests.test_admin_user_quota.TestPatchUserQuota" name="test_non_admin_cannot_patch" time="0.080" /><testcase classname="tests.test_admin_user_quota.TestListUsersExposesQuota" name="test_list_users_shows_custom_quota_mb_when_set" time="0.256" /><testcase classname="tests.test_admin_user_quota.TestStatsSummaryPriorityChain" name="test_override_wins_over_trial" time="0.247" /><testcase classname="tests.test_admin_user_quota.TestStatsSummaryPriorityChain" name="test_after_unset_returns_to_trial_default" time="0.164" /><testcase classname="tests.test_admin_user_quota.TestStatsSummaryPriorityChain" name="test_new_user_with_override_uses_override_immediately" time="0.837" /></testsuite></testsuites>