<?xml version="1.0" encoding="utf-8"?><testsuites name="pytest tests"><testsuite name="pytest" errors="0" failures="3" skipped="0" tests="9" time="2.733" timestamp="2026-07-27T17:08:04.008906+00:00" hostname="agent-env-fd549b7c-101a-4a19-89b4-f609b39ff9c1"><testcase classname="tests.test_announcements.TestPublishRBAC" name="test_admin_can_publish" time="0.753"><failure message="AssertionError: {&quot;detail&quot;:&quot;SESSION_KICKED: Başka bir cihazdan giriş yapıldı — bu oturum sonlandırıldı&quot;}&#10;assert 401 == 200&#10; +  where 401 = &lt;Response [401]&gt;.status_code">backend/tests/test_announcements.py:74: in test_admin_can_publish
    assert r.status_code == 200, r.text
E   AssertionError: {"detail":"SESSION_KICKED: Başka bir cihazdan giriş yapıldı — bu oturum sonlandırıldı"}
E   assert 401 == 200
E    +  where 401 = &lt;Response [401]&gt;.status_code</failure></testcase><testcase classname="tests.test_announcements.TestValidation" name="test_missing_title" time="0.918" /><testcase classname="tests.test_announcements.TestValidation" name="test_invalid_severity" time="0.074" /><testcase classname="tests.test_announcements.TestValidation" name="test_role_target_without_value" time="0.225" /><testcase classname="tests.test_announcements.TestPublishRBAC" name="test_employee_forbidden" time="0.513" /><testcase classname="tests.test_announcements.TestTargetingAndAck" name="test_role_target_filters" time="0.292"><failure message="AssertionError: {&quot;detail&quot;:&quot;SESSION_KICKED: Başka bir cihazdan giriş yapıldı — bu oturum sonlandırıldı&quot;}&#10;assert 401 == 200&#10; +  where 401 = &lt;Response [401]&gt;.status_code">backend/tests/test_announcements.py:118: in test_role_target_filters
    assert r.status_code == 200, r.text
E   AssertionError: {"detail":"SESSION_KICKED: Başka bir cihazdan giriş yapıldı — bu oturum sonlandırıldı"}
E   assert 401 == 200
E    +  where 401 = &lt;Response [401]&gt;.status_code</failure></testcase><testcase classname="tests.test_announcements.TestCrudAndStats" name="test_update_and_soft_delete_and_stats" time="0.858" /><testcase classname="tests.test_announcements.TestTargetingAndAck" name="test_all_target_reaches_employee_and_ack" time="0.086"><failure message="AssertionError: {&quot;detail&quot;:&quot;SESSION_KICKED: Başka bir cihazdan giriş yapıldı — bu oturum sonlandırıldı&quot;}&#10;assert 401 == 200&#10; +  where 401 = &lt;Response [401]&gt;.status_code">backend/tests/test_announcements.py:141: in test_all_target_reaches_employee_and_ack
    assert r.status_code == 200, r.text
E   AssertionError: {"detail":"SESSION_KICKED: Başka bir cihazdan giriş yapıldı — bu oturum sonlandırıldı"}
E   assert 401 == 200
E    +  where 401 = &lt;Response [401]&gt;.status_code</failure></testcase><testcase classname="tests.test_announcements.TestCrudAndStats" name="test_purge_removes_acks" time="0.318" /></testsuite></testsuites>