<?xml version="1.0" encoding="utf-8"?><testsuites name="pytest tests"><testsuite name="pytest" errors="0" failures="5" skipped="1" tests="15" time="48.282" timestamp="2026-07-23T19:44:24.089572+00:00" hostname="agent-env-7c49d08f-be77-4404-99d1-eea4ef19378f"><testcase classname="tests.test_chat_chart.TestChartIntentDetection" name="test_greeting_chart_is_none" time="3.656" /><testcase classname="tests.test_chat_chart.TestChartIntentDetection" name="test_license_query_chart_is_none" time="2.565" /><testcase classname="tests.test_chat_chart.TestChartIntentDetection" name="test_weather_query_chart_is_none" time="2.279" /><testcase classname="tests.test_chat_chart.TestChartGeneration" name="test_bar_chart_ay_toplam" time="4.663"><failure message="AssertionError: expected chart payload, got None&#10;assert None is not None">E   AssertionError: expected chart payload, got None
    assert None is not None</failure></testcase><testcase classname="tests.test_chat_chart.TestChartGeneration" name="test_pie_chart_kategori" time="6.311" /><testcase classname="tests.test_chat_chart.TestChartGeneration" name="test_sutun_grafik_intent" time="6.012" /><testcase classname="tests.test_chat_chart.TestNoSpreadsheetFallback" name="test_admin_with_no_spreadsheet_chart_none" time="0.126"><skipped type="pytest.skip" message="Admin has spreadsheet files uploaded; cannot verify no-spreadsheet fallback">/app/backend/tests/test_chat_chart.py:220: Admin has spreadsheet files uploaded; cannot verify no-spreadsheet fallback</skipped></testcase><testcase classname="tests.test_chat_chart.TestChartPersistence" name="test_chart_persisted_in_history" time="4.842"><failure message="AssertionError: chart missing in initial response&#10;assert None is not None">E   AssertionError: chart missing in initial response
    assert None is not None</failure></testcase><testcase classname="tests.test_chat_chart.TestXYEdgeCase" name="test_kategori_dagilim_no_raise" time="6.062" /><testcase classname="tests.test_chat_chart.TestLicenseGate" name="test_unlicensed_chart_request_402" time="0.742" /><testcase classname="tests.test_chat_chart.TestRagMemoryCoexistWithChart" name="test_chart_response_includes_sources_field" time="4.297"><failure message="AssertionError: assert None is not None&#10; +  where None = &lt;built-in method get of dict object at 0xfea1d0333480&gt;('chart')&#10; +    where &lt;built-in method get of dict object at 0xfea1d0333480&gt; = {'id': 'c850f24b-4027-4eb6-b769-66c35845b8da', 'conversation_id': '49ee8fdd-81e1-4ef8-b394-caceb128c265', 'role': 'assistant', 'content': 'Efendim, yüklediğin Excel’e göre (TEST_satislar_1b82e74d.xlsx / Sheet1) ay bazında toplam satışlar şöyle; bunu grafiğe döktüm:\n\n**Ay bazında toplam satış (₺)**\n- **Ocak:** 93.500  \n- **Şubat:** 153.300  \n- **Mart:** 104.240  \n\n**Basit çubuk grafik (ölçekli)**\n```\nOcak  | ████████████████  93.500\nŞubat | ██████████████████████████ 153.300\nMart  | ██████████████████ 104.240\n```\n\nİstersen bunu Excel’de/Power BI’da birebir aynı şekilde çizmen için adım adım da çıkarırım efendim.', ...}.get">E   AssertionError: assert None is not None
     +  where None = &lt;built-in method get of dict object at 0xfea1d0333480&gt;('chart')
     +    where &lt;built-in method get of dict object at 0xfea1d0333480&gt; = {'id': 'c850f24b-4027-4eb6-b769-66c35845b8da', 'conversation_id': '49ee8fdd-81e1-4ef8-b394-caceb128c265', 'role': 'assistant', 'content': 'Efendim, yüklediğin Excel’e göre (TEST_satislar_1b82e74d.xlsx / Sheet1) ay bazında toplam satışlar şöyle; bunu grafiğe döktüm:\n\n**Ay bazında toplam satış (₺)**\n- **Ocak:** 93.500  \n- **Şubat:** 153.300  \n- **Mart:** 104.240  \n\n**Basit çubuk grafik (ölçekli)**\n```\nOcak  | ████████████████  93.500\nŞubat | ██████████████████████████ 153.300\nMart  | ██████████████████ 104.240\n```\n\nİstersen bunu Excel’de/Power BI’da birebir aynı şekilde çizmen için adım adım da çıkarırım efendim.', ...}.get</failure></testcase><testcase classname="tests.test_chat_chart.TestRagMemoryCoexistWithChart" name="test_memory_extraction_still_works" time="4.727"><failure message="AssertionError: assert None is not None&#10; +  where None = &lt;built-in method get of dict object at 0xfea1d03556c0&gt;('chart')&#10; +    where &lt;built-in method get of dict object at 0xfea1d03556c0&gt; = {'id': '04ad9f58-f5a9-400f-8b76-2bcef5167285', 'conversation_id': 'dba02c5b-1fbe-4b3d-9096-41a6c3c4dd93', 'role': 'assistant', 'content': 'Tabii efendim—15 Temmuz not edildi. Yüklediğin **TEST_satislar_1b82e74d.xlsx**’e göre ay bazında toplam satışlar şöyle (Sheet1’den):\n\n- **Ocak:** 93.500  \n- **Şubat:** 153.300  \n- **Mart:** 104.240  *(Mart’ta dosyada sadece Laptop+Klavye satırı var; diğer ürünler yok)*\n\nBasit grafik (₺):\n\n```\nOcak   | ████████████████  93.500\nŞubat  | ████████████████████████████  153.300\nMart   | ██████████████████  104.240\n```\n\nİstersen bunu pasta/çizgi grafik gibi daha “sunumluk” formatta da çıkarayım efendim; Excel mi, yoksa görsel (PNG) mi olsun?', ...}.get">E   AssertionError: assert None is not None
     +  where None = &lt;built-in method get of dict object at 0xfea1d03556c0&gt;('chart')
     +    where &lt;built-in method get of dict object at 0xfea1d03556c0&gt; = {'id': '04ad9f58-f5a9-400f-8b76-2bcef5167285', 'conversation_id': 'dba02c5b-1fbe-4b3d-9096-41a6c3c4dd93', 'role': 'assistant', 'content': 'Tabii efendim—15 Temmuz not edildi. Yüklediğin **TEST_satislar_1b82e74d.xlsx**’e göre ay bazında toplam satışlar şöyle (Sheet1’den):\n\n- **Ocak:** 93.500  \n- **Şubat:** 153.300  \n- **Mart:** 104.240  *(Mart’ta dosyada sadece Laptop+Klavye satırı var; diğer ürünler yok)*\n\nBasit grafik (₺):\n\n```\nOcak   | ████████████████  93.500\nŞubat  | ████████████████████████████  153.300\nMart   | ██████████████████  104.240\n```\n\nİstersen bunu pasta/çizgi grafik gibi daha “sunumluk” formatta da çıkarayım efendim; Excel mi, yoksa görsel (PNG) mi olsun?', ...}.get</failure></testcase><testcase classname="tests.test_chat_chart.TestIntentRegex" name="test_intent_matches_common_forms" time="1.631" /><testcase classname="tests.test_chat_chart.TestIntentRegex" name="test_intent_missed_turkish_declensions_BUG" time="0.001"><failure message="AssertionError: BUG: intent regex misses these common Turkish forms: ['Ay bazında toplam satış grafiğini göster', 'Ay bazında toplam satış bar grafiği göster', 'Ay bazında toplam satış grafiği göster', 'Kategori bazında grafiğini istiyorum']. Root cause: pattern 'grafi[ğk]\b' requires a word-boundary after ğ/k, but 'grafiği'/'grafiğini' have word chars immediately after so no boundary matches. Fix: drop trailing \b or extend alternatives to include declensions (e.g. 'grafi[ğk]\w*').&#10;assert ['Ay bazında ...ni istiyorum'] == []&#10;  &#10;  Left contains 4 more items, first extra item: 'Ay bazında toplam satış grafiğini göster'&#10;  &#10;  Full diff:&#10;  - []&#10;  + [&#10;  +     'Ay bazında toplam satış grafiğini göster',...&#10;  &#10;  ...Full output truncated (4 lines hidden), use '-vv' to show">E   AssertionError: BUG: intent regex misses these common Turkish forms: ['Ay bazında toplam satış grafiğini göster', 'Ay bazında toplam satış bar grafiği göster', 'Ay bazında toplam satış grafiği göster', 'Kategori bazında grafiğini istiyorum']. Root cause: pattern 'grafi[ğk]\b' requires a word-boundary after ğ/k, but 'grafiği'/'grafiğini' have word chars immediately after so no boundary matches. Fix: drop trailing \b or extend alternatives to include declensions (e.g. 'grafi[ğk]\w*').
    assert ['Ay bazında ...ni istiyorum'] == []
      
      Left contains 4 more items, first extra item: 'Ay bazında toplam satış grafiğini göster'
      
      Full diff:
      - []
      + [
      +     'Ay bazında toplam satış grafiğini göster',...
      
      ...Full output truncated (4 lines hidden), use '-vv' to show</failure></testcase><testcase classname="tests.test_chat_chart.TestRegression" name="test_health" time="0.288" /></testsuite></testsuites>