<?xml version="1.0" encoding="utf-8"?><testsuites name="pytest tests"><testsuite name="pytest" errors="0" failures="1" skipped="0" tests="2" time="1.879" timestamp="2026-08-01T18:52:44.201053+00:00" hostname="agent-env-482622d7-3b19-47d4-876b-4e88138faee8"><testcase classname="tests.test_demote_to_subtask" name="test_demote_promoted_task_back_to_subtask" time="0.953"><failure message="assert 400 == 200&#10; +  where 400 = &lt;Response [400]&gt;.status_code">backend/tests/test_demote_to_subtask.py:48: in test_demote_promoted_task_back_to_subtask
    assert r.status_code == 200
E   assert 400 == 200
E    +  where 400 = &lt;Response [400]&gt;.status_code</failure></testcase><testcase classname="tests.test_demote_to_subtask" name="test_demote_requires_promoted_from_task_id" time="0.585" /></testsuite></testsuites>