<?xml version="1.0" encoding="utf-8"?><testsuites name="pytest tests"><testsuite name="pytest" errors="0" failures="0" skipped="0" tests="117" time="45.584" timestamp="2026-07-24T16:29:30.751391+00:00" hostname="agent-env-fd549b7c-101a-4a19-89b4-f609b39ff9c1"><testcase classname="tests.test_permissions.TestRoleNormalization" name="test_legacy_user_becomes_employee_via_admin_users" time="0.422" /><testcase classname="tests.test_permissions.TestRoleNormalization" name="test_create_user_with_legacy_user_role_is_normalized" time="0.393" /><testcase classname="tests.test_permissions.TestRoleNormalization" name="test_create_user_with_manager_role" time="0.389" /><testcase classname="tests.test_permissions.TestRoleNormalization" name="test_create_user_invalid_role_rejected" time="0.089" /><testcase classname="tests.test_permissions.TestCompaniesCRUD" name="test_create_and_list_company_admin" time="0.236" /><testcase classname="tests.test_permissions.TestCompaniesCRUD" name="test_create_company_case_insensitive_dedup" time="0.244" /><testcase classname="tests.test_permissions.TestCompaniesCRUD" name="test_create_company_too_short_rejected" time="0.071" /><testcase classname="tests.test_permissions.TestCompaniesCRUD" name="test_non_admin_cannot_create_company" time="0.753" /><testcase classname="tests.test_permissions.TestCompaniesCRUD" name="test_update_company_syncs_users_company_name" time="0.692" /><testcase classname="tests.test_permissions.TestCompaniesCRUD" name="test_delete_company_with_members_blocked" time="0.849" /><testcase classname="tests.test_permissions.TestManagerVisibility" name="test_create_visibility_admin" time="1.196" /><testcase classname="tests.test_permissions.TestManagerVisibility" name="test_create_visibility_wrong_role_rejected" time="0.984" /><testcase classname="tests.test_permissions.TestManagerVisibility" name="test_non_admin_cannot_use_visibility_endpoints" time="0.996" /><testcase classname="tests.test_permissions.TestCompanyPermissions" name="test_grant_and_revoke_cross_company" time="0.554" /><testcase classname="tests.test_permissions.TestCompanyPermissions" name="test_self_reference_rejected" time="0.239" /><testcase classname="tests.test_permissions.TestCompanyPermissions" name="test_cascade_delete_company_removes_permissions" time="0.466" /><testcase classname="tests.test_permissions.TestTaskVisibility" name="test_full_scenario" time="4.800" /><testcase classname="tests.test_permissions.TestTaskEditPermissions" name="test_employee_cannot_patch_others_task_returns_404" time="3.922" /><testcase classname="tests.test_permissions.TestCompanyListScoping" name="test_employee_sees_only_own_company" time="1.101" /><testcase classname="tests.test_permissions" name="test_zzz_cleanup_final_state" time="0.159" /><testcase classname="tests.test_tasks.TestTasksAuth" name="test_list_requires_auth" time="0.071" /><testcase classname="tests.test_tasks.TestTasksAuth" name="test_create_requires_auth" time="0.073" /><testcase classname="tests.test_tasks.TestTasksAuth" name="test_patch_requires_auth" time="0.073" /><testcase classname="tests.test_tasks.TestTasksAuth" name="test_delete_requires_auth" time="0.072" /><testcase classname="tests.test_tasks.TestTasksList" name="test_list_returns_array" time="0.331" /><testcase classname="tests.test_tasks.TestTasksCreate" name="test_create_minimal" time="0.151" /><testcase classname="tests.test_tasks.TestTasksCreate" name="test_create_with_all_fields" time="0.117" /><testcase classname="tests.test_tasks.TestTasksPatchStatus" name="test_set_status_done" time="0.186" /><testcase classname="tests.test_tasks.TestTasksPatchStatus" name="test_set_status_paused" time="0.152" /><testcase classname="tests.test_tasks.TestTasksPatchStatus" name="test_set_status_pending" time="0.188" /><testcase classname="tests.test_tasks.TestTasksPatchStatus" name="test_invalid_status_returns_400" time="0.235" /><testcase classname="tests.test_tasks.TestTasksPatchStatus" name="test_patch_unknown_id_returns_404" time="0.037" /><testcase classname="tests.test_tasks.TestTasksPatchStatus" name="test_updated_at_changes" time="0.117" /><testcase classname="tests.test_tasks.TestTasksDelete" name="test_delete_task" time="0.117" /><testcase classname="tests.test_tasks.TestTasksDelete" name="test_delete_unknown_ok" time="0.043" /><testcase classname="tests.test_tasks.TestTasksOverdueSupport" name="test_create_task_with_past_due_date" time="0.118" /><testcase classname="tests.test_tasks.TestTasksOverdueStatus" name="test_set_status_overdue" time="0.236" /><testcase classname="tests.test_tasks.TestTasksReminder" name="test_create_task_includes_reminder_fields" time="0.154" /><testcase classname="tests.test_tasks.TestTasksReminder" name="test_create_with_reminder_at" time="0.113" /><testcase classname="tests.test_tasks.TestTasksReminder" name="test_patch_sets_reminder_and_resets_fired" time="0.177" /><testcase classname="tests.test_tasks.TestTasksReminder" name="test_patch_clears_reminder_with_null" time="0.237" /><testcase classname="tests.test_tasks.TestTasksReminder" name="test_patch_reminder_fired_true" time="0.207" /><testcase classname="tests.test_admin_user_with_license.TestCreateUserWithLicense" name="test_create_user_with_each_license_type[trial-30]" time="1.031" /><testcase classname="tests.test_admin_user_with_license.TestCreateUserWithLicense" name="test_create_user_with_each_license_type[monthly-30]" time="0.688" /><testcase classname="tests.test_admin_user_with_license.TestCreateUserWithLicense" name="test_create_user_with_each_license_type[yearly-365]" time="0.686" /><testcase classname="tests.test_admin_user_with_license.TestCreateUserWithLicense" name="test_create_user_with_each_license_type[lifetime-None]" time="0.728" /><testcase classname="tests.test_admin_user_with_license.TestCreateUserWithoutLicense" name="test_omitted_with_license_no_license" time="0.678" /><testcase classname="tests.test_admin_user_with_license.TestCreateUserWithoutLicense" name="test_explicit_null_with_license_no_license" time="0.299" /><testcase classname="tests.test_admin_user_with_license.TestInvalidValues" name="test_invalid_license_type_400" time="0.038" /><testcase classname="tests.test_admin_user_with_license.TestInvalidValues" name="test_admin_role_ignores_with_license" time="0.303" /><testcase classname="tests.test_admin_user_with_license.TestRegressions" name="test_admin_users_list_still_works" time="0.049" /><testcase classname="tests.test_admin_user_with_license.TestRegressions" name="test_license_me_still_works_for_admin" time="0.045" /><testcase classname="tests.test_admin_user_with_license.TestRegressions" name="test_license_types_endpoint" time="0.079" /><testcase classname="tests.test_admin_user_with_license.TestExpiringSupport" name="test_patch_expires_at_yields_days_left_5" time="1.788" /><testcase classname="tests.test_impersonation.TestImpersonation" name="test_admin_impersonate_success" time="0.776" /><testcase classname="tests.test_impersonation.TestImpersonation" name="test_non_admin_impersonate_403" time="0.372" /><testcase classname="tests.test_impersonation.TestImpersonation" name="test_impersonate_unknown_user_404" time="0.089" /><testcase classname="tests.test_impersonation.TestImpersonation" name="test_impersonate_requires_auth" time="0.075" /><testcase classname="tests.test_impersonation.TestImpersonation" name="test_impersonation_token_accesses_target_user_tasks" time="0.510" /><testcase classname="tests.test_impersonation.TestImpersonation" name="test_impersonation_token_cannot_impersonate_others" time="0.155" /><testcase classname="tests.test_impersonation.TestChatSertexIdentity" name="test_chat_identifies_as_sertex_only" time="1.999" /><testcase classname="tests.test_stats_summary.TestStatsSummary" name="test_unauthorized_returns_401" time="0.099" /><testcase classname="tests.test_stats_summary.TestStatsSummary" name="test_admin_stats_shape_and_is_admin_scope" time="0.382" /><testcase classname="tests.test_stats_summary.TestStatsSummary" name="test_user_stats_shape_and_scope" time="0.397" /><testcase classname="tests.test_stats_summary.TestStatsSummary" name="test_admin_db_size_larger_than_user_db_size" time="0.156" /><testcase classname="tests.test_stats_summary.TestStatsSummary" name="test_personal_counts_differ_between_admin_and_user" time="0.179" /><testcase classname="tests.test_stats_summary.TestStatsSummary" name="test_task_active_semantics" time="0.330" /><testcase classname="tests.test_stats_summary.TestStorageQuota" name="test_admin_quota_system_wide_label_sistem" time="0.084" /><testcase classname="tests.test_stats_summary.TestStorageQuota" name="test_user_trial_quota_100mb" time="0.079" /><testcase classname="tests.test_stats_summary.TestStorageQuota" name="test_all_previous_keys_still_present" time="0.078" /><testcase classname="tests.test_stats_summary.TestStorageQuota" name="test_new_quota_keys_present_admin_and_user" time="0.179" /><testcase classname="tests.test_admin_user_quota.TestCreateUserWithQuota" name="test_create_user_with_custom_quota_mb" time="0.919" /><testcase classname="tests.test_admin_user_quota.TestCreateUserWithQuota" name="test_create_user_without_quota_field_omits_it" time="0.483" /><testcase classname="tests.test_admin_user_quota.TestCreateUserWithQuota" name="test_create_user_with_custom_quota_mb_null_omits" time="0.422" /><testcase classname="tests.test_admin_user_quota.TestCreateUserWithQuota" name="test_create_user_quota_negative_rejected_422" time="0.067" /><testcase classname="tests.test_admin_user_quota.TestCreateUserWithQuota" name="test_create_user_quota_above_max_rejected_422" time="0.082" /><testcase classname="tests.test_admin_user_quota.TestCreateUserWithQuota" name="test_create_user_quota_zero_rejected_by_create" time="0.068" /><testcase classname="tests.test_admin_user_quota.TestCreateUserWithQuota" name="test_non_admin_cannot_create_403" time="0.371" /><testcase classname="tests.test_admin_user_quota.TestPatchUserQuota" name="test_set_quota_5120_on_ahmet" time="0.150" /><testcase classname="tests.test_admin_user_quota.TestPatchUserQuota" name="test_zero_unsets_field" time="0.278" /><testcase classname="tests.test_admin_user_quota.TestPatchUserQuota" name="test_absent_field_preserves_value" time="0.383" /><testcase classname="tests.test_admin_user_quota.TestPatchUserQuota" name="test_patch_quota_negative_rejected" time="0.066" /><testcase classname="tests.test_admin_user_quota.TestPatchUserQuota" name="test_patch_quota_above_max_rejected" time="0.069" /><testcase classname="tests.test_admin_user_quota.TestPatchUserQuota" name="test_non_admin_cannot_patch" time="0.073" /><testcase classname="tests.test_admin_user_quota.TestListUsersExposesQuota" name="test_list_users_shows_custom_quota_mb_when_set" time="0.256" /><testcase classname="tests.test_admin_user_quota.TestStatsSummaryPriorityChain" name="test_override_wins_over_trial" time="0.246" /><testcase classname="tests.test_admin_user_quota.TestStatsSummaryPriorityChain" name="test_after_unset_returns_to_trial_default" time="0.175" /><testcase classname="tests.test_admin_user_quota.TestStatsSummaryPriorityChain" name="test_new_user_with_override_uses_override_immediately" time="0.896" /><testcase classname="tests.test_system_quota.TestGetSystemQuota" name="test_admin_can_read" time="0.439" /><testcase classname="tests.test_system_quota.TestGetSystemQuota" name="test_non_admin_forbidden" time="0.381" /><testcase classname="tests.test_system_quota.TestGetSystemQuota" name="test_unauthenticated_401" time="0.066" /><testcase classname="tests.test_system_quota.TestPutSystemQuota" name="test_admin_can_update_and_read" time="0.179" /><testcase classname="tests.test_system_quota.TestPutSystemQuota" name="test_admin_update_reflects_in_stats_summary" time="0.155" /><testcase classname="tests.test_system_quota.TestPutSystemQuota" name="test_stats_summary_math_reshapes_low_pct_after_increase" time="0.312" /><testcase classname="tests.test_system_quota.TestPutSystemQuota" name="test_below_min_rejected" time="0.068" /><testcase classname="tests.test_system_quota.TestPutSystemQuota" name="test_zero_rejected" time="0.076" /><testcase classname="tests.test_system_quota.TestPutSystemQuota" name="test_above_max_rejected" time="0.120" /><testcase classname="tests.test_system_quota.TestPutSystemQuota" name="test_non_admin_forbidden" time="0.069" /><testcase classname="tests.test_system_quota.TestPutSystemQuota" name="test_unauthenticated_401" time="0.070" /><testcase classname="tests.test_system_quota.TestAdminStatsSummaryQuota" name="test_admin_default_10gb" time="0.163" /><testcase classname="tests.test_system_quota.TestAdminStatsSummaryQuota" name="test_user_still_gets_license_based_quota" time="0.167" /><testcase classname="tests.test_workspace_and_company.TestWorkspaceMode" name="test_login_returns_workspace_mode" time="0.292" /><testcase classname="tests.test_workspace_and_company.TestWorkspaceMode" name="test_me_returns_workspace_mode" time="0.087" /><testcase classname="tests.test_workspace_and_company.TestWorkspaceMode" name="test_put_workspace_mode_team_then_personal" time="0.365" /><testcase classname="tests.test_workspace_and_company.TestWorkspaceMode" name="test_put_workspace_mode_invalid_400" time="0.082" /><testcase classname="tests.test_workspace_and_company.TestWorkspaceMode" name="test_put_workspace_mode_unauth_401" time="0.071" /><testcase classname="tests.test_workspace_and_company.TestTaskOwnershipFields" name="test_create_task_with_owner_fields" time="0.093" /><testcase classname="tests.test_workspace_and_company.TestTaskOwnershipFields" name="test_create_task_without_owner_fields" time="0.073" /><testcase classname="tests.test_workspace_and_company.TestTaskOwnershipFields" name="test_patch_task_add_owner_fields" time="0.070" /><testcase classname="tests.test_workspace_and_company.TestTaskOwnershipFields" name="test_list_tasks_still_works" time="0.080" /><testcase classname="tests.test_workspace_and_company.TestTaskOwnershipFields" name="test_patch_task_status_still_works" time="0.074" /><testcase classname="tests.test_workspace_and_company.TestTaskOwnershipFields" name="test_cleanup_created_tasks" time="0.148" /><testcase classname="tests.test_workspace_and_company.TestAdminCompanies" name="test_admin_companies_requires_admin" time="0.379" /><testcase classname="tests.test_workspace_and_company.TestAdminCompanies" name="test_admin_companies_returns_list" time="0.374" /><testcase classname="tests.test_workspace_and_company.TestAdminCompanies" name="test_admin_update_user_company_flow" time="1.286" /><testcase classname="tests.test_workspace_and_company.TestAdminCompanies" name="test_non_admin_patch_forbidden" time="0.164" /><testcase classname="tests.test_workspace_and_company" name="test_zzz_cleanup_final_state" time="0.408" /></testsuite></testsuites>