<?xml version="1.0" encoding="utf-8"?><testsuites name="pytest tests"><testsuite name="pytest" errors="0" failures="0" skipped="0" tests="3" time="1.591" timestamp="2026-08-03T17:24:29.215292+00:00" hostname="agent-env-482622d7-3b19-47d4-876b-4e88138faee8"><testcase classname="tests.test_task_categories_inheritance" name="test_child_inherits_visibility_in_my_tasks" time="0.862" /><testcase classname="tests.test_task_categories_inheritance" name="test_no_visibility_leak_for_unrelated_company" time="0.241" /><testcase classname="tests.test_task_categories_inheritance" name="test_manage_scope_still_returns_child" time="0.181" /></testsuite></testsuites>