<?xml version="1.0" encoding="utf-8"?><testsuites name="pytest tests"><testsuite name="pytest" errors="0" failures="0" skipped="1" tests="27" time="3.808" timestamp="2026-07-20T15:02:29.216927+00:00" hostname="agent-env-0be8c9f7-6fac-4072-97ee-e8f0702cb100"><testcase classname="tests.backend_test.TestAuth" name="test_login_success_returns_jwt" time="0.335" /><testcase classname="tests.backend_test.TestProtection" name="test_gets_401_without_token" time="0.502" /><testcase classname="tests.backend_test.TestAuth" name="test_login_wrong_password" time="0.038" /><testcase classname="tests.backend_test.TestAuth" name="test_brute_force_lockout_3rd_attempt" time="0.159" /><testcase classname="tests.backend_test.TestAuth" name="test_lockout_isolated_per_username" time="0.427" /><testcase classname="tests.backend_test.TestProtection" name="test_gets_200_with_token" time="0.523" /><testcase classname="tests.backend_test.TestAuth" name="test_me_requires_token" time="0.034" /><testcase classname="tests.backend_test.TestProtection" name="test_chat_401_without_token" time="0.238" /><testcase classname="tests.backend_test.TestAuth" name="test_me_with_valid_token" time="0.356" /><testcase classname="tests.backend_test.TestProtection" name="test_tts_401_without_token" time="0.058" /><testcase classname="tests.backend_test.TestProtection" name="test_notes_post_401_without_token" time="0.037" /><testcase classname="tests.backend_test.TestAuth" name="test_me_with_invalid_token" time="0.097" /><testcase classname="tests.backend_test.TestProtection" name="test_reminders_post_401_without_token" time="0.041" /><testcase classname="tests.backend_test.TestProtection" name="test_conversation_messages_401_without_token" time="0.082" /><testcase classname="tests.backend_test.TestRemindersRemoved" name="test_reminders_get_removed" time="0.078" /><testcase classname="tests.backend_test.TestProtection" name="test_conversation_delete_401_without_token" time="0.040" /><testcase classname="tests.backend_test.TestChat" name="test_chat_first_message_tr" time="1.688" /><testcase classname="tests.backend_test.TestRemindersRemoved" name="test_reminders_post_removed" time="0.039" /><testcase classname="tests.backend_test.TestRemindersRemoved" name="test_reminders_patch_removed" time="0.076" /><testcase classname="tests.backend_test.TestRemindersRemoved" name="test_reminders_delete_removed" time="0.076" /><testcase classname="tests.backend_test.TestHealth" name="test_root_public" time="0.034" /><testcase classname="tests.backend_test.TestTTS" name="test_tts_returns_mp3" time="1.140" /><testcase classname="tests.backend_test.TestNotes" name="test_note_crud" time="0.197" /><testcase classname="tests.backend_test.TestReminders" name="test_reminder_flow" time="0.000"><skipped type="pytest.skip" message="/api/reminders endpoints removed by design; migrated to /api/tasks">/app/backend/tests/backend_test.py:276: /api/reminders endpoints removed by design; migrated to /api/tasks</skipped></testcase><testcase classname="tests.backend_test.TestWeather" name="test_weather_with_auth" time="0.045" /><testcase classname="tests.backend_test.TestChat" name="test_get_messages_with_auth" time="0.036" /><testcase classname="tests.backend_test.TestChat" name="test_delete_conversation_with_auth" time="0.075" /></testsuite></testsuites>