<?xml version="1.0" encoding="utf-8"?><testsuites name="pytest tests"><testsuite name="pytest" errors="0" failures="0" skipped="0" tests="22" time="2.658" timestamp="2026-07-20T15:02:05.677595+00:00" hostname="agent-env-0be8c9f7-6fac-4072-97ee-e8f0702cb100"><testcase classname="tests.test_tasks.TestTasksReminder" name="test_create_task_includes_reminder_fields" time="0.633" /><testcase classname="tests.test_tasks.TestTasksReminder" name="test_create_with_reminder_at" time="0.090" /><testcase classname="tests.test_tasks.TestTasksPatchStatus" name="test_set_status_done" time="0.828" /><testcase classname="tests.test_tasks.TestTasksReminder" name="test_patch_sets_reminder_and_resets_fired" time="0.285" /><testcase classname="tests.test_tasks.TestTasksPatchStatus" name="test_set_status_paused" time="0.210" /><testcase classname="tests.test_tasks.TestTasksReminder" name="test_patch_clears_reminder_with_null" time="0.180" /><testcase classname="tests.test_tasks.TestTasksPatchStatus" name="test_set_status_pending" time="0.256" /><testcase classname="tests.test_tasks.TestTasksReminder" name="test_patch_reminder_fired_true" time="0.269" /><testcase classname="tests.test_tasks.TestTasksPatchStatus" name="test_invalid_status_returns_400" time="0.204" /><testcase classname="tests.test_tasks.TestTasksAuth" name="test_list_requires_auth" time="0.043" /><testcase classname="tests.test_tasks.TestTasksPatchStatus" name="test_patch_unknown_id_returns_404" time="0.081" /><testcase classname="tests.test_tasks.TestTasksAuth" name="test_create_requires_auth" time="0.034" /><testcase classname="tests.test_tasks.TestTasksAuth" name="test_patch_requires_auth" time="0.043" /><testcase classname="tests.test_tasks.TestTasksAuth" name="test_delete_requires_auth" time="0.076" /><testcase classname="tests.test_tasks.TestTasksPatchStatus" name="test_updated_at_changes" time="0.160" /><testcase classname="tests.test_tasks.TestTasksDelete" name="test_delete_task" time="0.163" /><testcase classname="tests.test_tasks.TestTasksCreate" name="test_create_minimal" time="0.161" /><testcase classname="tests.test_tasks.TestTasksDelete" name="test_delete_unknown_ok" time="0.081" /><testcase classname="tests.test_tasks.TestTasksList" name="test_list_returns_array" time="0.039" /><testcase classname="tests.test_tasks.TestTasksCreate" name="test_create_with_all_fields" time="0.180" /><testcase classname="tests.test_tasks.TestTasksOverdueStatus" name="test_set_status_overdue" time="0.229" /><testcase classname="tests.test_tasks.TestTasksOverdueSupport" name="test_create_task_with_past_due_date" time="0.078" /></testsuite></testsuites>