<?xml version="1.0" encoding="utf-8"?><testsuites name="pytest tests"><testsuite name="pytest" errors="0" failures="0" skipped="0" tests="3" time="2.494" timestamp="2026-08-22T09:36:02.696668+00:00" hostname="agent-env-5b4d138b-7355-4a96-840c-a6307d47edb0"><testcase classname="tests.test_workspace_dual_mode.TestManagerNonOwner" name="test_mgr_flags_and_persistence" time="2.121" /><testcase classname="tests.test_workspace_dual_mode.TestOwnerSerkan" name="test_serkan_flags_and_persistence" time="1.820" /><testcase classname="tests.test_workspace_dual_mode.TestOwnerSerkan" name="test_invalid_workspace_mode_rejected" time="0.368" /></testsuite></testsuites>