<?xml version="1.0" encoding="utf-8"?><testsuites name="pytest tests"><testsuite name="pytest" errors="0" failures="0" skipped="0" tests="84" time="27.802" timestamp="2026-07-27T16:34:42.793080+00:00" hostname="agent-env-fd549b7c-101a-4a19-89b4-f609b39ff9c1"><testcase classname="tests.test_tasks.TestTasksAuth" name="test_list_requires_auth" time="1.102" /><testcase classname="tests.test_tasks.TestTasksAuth" name="test_create_requires_auth" time="0.079" /><testcase classname="tests.test_tasks.TestTasksAuth" name="test_patch_requires_auth" time="0.040" /><testcase classname="tests.test_tasks.TestTasksAuth" name="test_delete_requires_auth" time="0.078" /><testcase classname="tests.test_tasks.TestTasksList" name="test_list_returns_array" time="0.381" /><testcase classname="tests.test_tasks.TestTasksCreate" name="test_create_minimal" time="0.259" /><testcase classname="tests.test_tasks.TestTasksCreate" name="test_create_with_all_fields" time="0.158" /><testcase classname="tests.test_tasks.TestTasksPatchStatus" name="test_set_status_done" time="0.193" /><testcase classname="tests.test_tasks.TestTasksPatchStatus" name="test_set_status_paused" time="0.201" /><testcase classname="tests.test_tasks.TestTasksPatchStatus" name="test_set_status_pending" time="0.234" /><testcase classname="tests.test_tasks.TestTasksPatchStatus" name="test_invalid_status_returns_400" time="0.156" /><testcase classname="tests.test_tasks.TestTasksPatchStatus" name="test_patch_unknown_id_returns_404" time="0.079" /><testcase classname="tests.test_tasks.TestTasksPatchStatus" name="test_updated_at_changes" time="0.145" /><testcase classname="tests.test_tasks.TestTasksDelete" name="test_delete_task" time="0.140" /><testcase classname="tests.test_tasks.TestTasksDelete" name="test_delete_unknown_ok" time="0.076" /><testcase classname="tests.test_tasks.TestTasksOverdueSupport" name="test_create_task_with_past_due_date" time="0.088" /><testcase classname="tests.test_tasks.TestTasksOverdueStatus" name="test_set_status_overdue" time="0.230" /><testcase classname="tests.test_tasks.TestTasksReminder" name="test_create_task_includes_reminder_fields" time="0.137" /><testcase classname="tests.test_tasks.TestTasksReminder" name="test_create_with_reminder_at" time="0.160" /><testcase classname="tests.test_tasks.TestTasksReminder" name="test_patch_sets_reminder_and_resets_fired" time="0.374" /><testcase classname="tests.test_tasks.TestTasksReminder" name="test_patch_clears_reminder_with_null" time="0.279" /><testcase classname="tests.test_tasks.TestTasksReminder" name="test_patch_reminder_fired_true" time="0.316" /><testcase classname="tests.test_tasks_locks.TestLockConfigRBAC" name="test_admin_can_set_locks" time="0.831" /><testcase classname="tests.test_tasks_locks.TestLockConfigRBAC" name="test_assignee_cannot_set_locks" time="0.192" /><testcase classname="tests.test_tasks_locks.TestLockConfigRBAC" name="test_creator_bypasses_own_lock_on_edit" time="0.234" /><testcase classname="tests.test_tasks_locks.TestAssigneeBlockedByLock" name="test_delete_blocked_returns_423" time="0.236" /><testcase classname="tests.test_tasks_locks.TestAssigneeBlockedByLock" name="test_patch_status_blocked_returns_423" time="0.305" /><testcase classname="tests.test_tasks_locks.TestAssigneeBlockedByLock" name="test_admin_bypasses_lock_on_delete" time="0.155" /><testcase classname="tests.test_tasks_locks.TestOtpIssueAndVerify" name="test_issue_otp_returns_6_digit_code" time="0.234" /><testcase classname="tests.test_tasks_locks.TestOtpIssueAndVerify" name="test_non_assignee_cannot_verify" time="0.316" /><testcase classname="tests.test_tasks_locks.TestOtpIssueAndVerify" name="test_wrong_code_returns_400" time="0.227" /><testcase classname="tests.test_tasks_locks.TestOtpIssueAndVerify" name="test_reissue_invalidates_previous" time="0.352" /><testcase classname="tests.test_tasks_locks.TestOtpIssueAndVerify" name="test_used_code_cannot_be_reused" time="0.274" /><testcase classname="tests.test_tasks_locks.TestUnlockSessionSingleUse" name="test_one_mutation_allowed_second_blocked" time="0.401" /><testcase classname="tests.test_tasks_locks.TestReassignLock" name="test_reassign_blocked_when_lock_transfer" time="0.191" /><testcase classname="tests.test_lock_policy_templates.TestCreate" name="test_admin_creates_template" time="0.440" /><testcase classname="tests.test_lock_policy_templates.TestCreate" name="test_empty_name_returns_400" time="0.034" /><testcase classname="tests.test_lock_policy_templates.TestCreate" name="test_employee_cannot_create" time="0.402" /><testcase classname="tests.test_lock_policy_templates.TestList" name="test_admin_sees_templates" time="0.110" /><testcase classname="tests.test_lock_policy_templates.TestList" name="test_employee_sees_empty_list" time="0.086" /><testcase classname="tests.test_lock_policy_templates.TestList" name="test_manager_can_list" time="0.402" /><testcase classname="tests.test_lock_policy_templates.TestPatch" name="test_admin_updates_template" time="0.214" /><testcase classname="tests.test_lock_policy_templates.TestPatch" name="test_empty_name_patch_returns_400" time="0.106" /><testcase classname="tests.test_lock_policy_templates.TestPatch" name="test_non_creator_non_admin_cannot_patch" time="0.199" /><testcase classname="tests.test_lock_policy_templates.TestPatch" name="test_creator_manager_can_patch_own" time="0.154" /><testcase classname="tests.test_lock_policy_templates.TestDelete" name="test_admin_deletes" time="0.190" /><testcase classname="tests.test_lock_policy_templates.TestDelete" name="test_non_creator_non_admin_cannot_delete" time="0.234" /><testcase classname="tests.test_lock_policy_templates.TestDelete" name="test_employee_cannot_delete" time="0.197" /><testcase classname="tests.test_tasks_lock_audit.TestLockSetAudit" name="test_lock_set_creates_audit_row" time="0.844" /><testcase classname="tests.test_tasks_lock_audit.TestOtpAuditEvents" name="test_otp_issued_and_reissue_invalidates" time="0.261" /><testcase classname="tests.test_tasks_lock_audit.TestOtpAuditEvents" name="test_otp_failed_and_verified" time="0.405" /><testcase classname="tests.test_tasks_lock_audit.TestOtpConsumedAudit" name="test_consume_on_patch" time="0.413" /><testcase classname="tests.test_tasks_lock_audit.TestOtpConsumedAudit" name="test_consume_on_delete_and_task_deleted_row" time="0.441" /><testcase classname="tests.test_tasks_lock_audit.TestOtpConsumedAudit" name="test_admin_bypass_no_otp_consumed" time="0.285" /><testcase classname="tests.test_tasks_lock_audit.TestAuditSchemaAndSort" name="test_schema_and_desc_order_and_limit" time="0.567" /><testcase classname="tests.test_tasks_lock_audit.TestAuditPermissions" name="test_admin_ok_creator_ok_employee_forbidden" time="0.314" /><testcase classname="tests.test_tasks_user_policy.TestAdminSetsUserPolicy" name="test_admin_patch_user_lock_flags" time="0.788" /><testcase classname="tests.test_tasks_user_policy.TestAdminSetsUserPolicy" name="test_get_shows_both_channels" time="0.258" /><testcase classname="tests.test_tasks_user_policy.TestTaskInheritsUserPolicy" name="test_new_task_inherits_default_locks_and_otp_flag" time="0.307" /><testcase classname="tests.test_tasks_user_policy.TestUnlockSimple" name="test_delete_flow_with_unlock_simple" time="0.387" /><testcase classname="tests.test_tasks_user_policy.TestUnlockSimple" name="test_unlock_simple_rejected_when_otp_required" time="0.443" /><testcase classname="tests.test_tasks_user_policy.TestSelfChannel" name="test_self_patch_lands_in_self_channel_and_ignores_requires_otp" time="0.213" /><testcase classname="tests.test_tasks_user_policy.TestSelfChannel" name="test_employee_forbidden_on_other_user" time="0.163" /><testcase classname="tests.test_tasks_user_policy.TestUserLockAudit" name="test_admin_reads_audit_and_sees_managed_and_self_rows" time="0.256" /><testcase classname="tests.test_tasks_user_policy.TestManagerPolicy" name="test_manager_without_visibility_forbidden" time="0.520" /><testcase classname="tests.test_tasks_user_policy.TestTaskLockRequiresOtpField" name="test_patch_task_locks_persists_requires_otp" time="0.271" /><testcase classname="tests.test_tasks_user_policy.TestTaskSelfLocks" name="test_assignee_can_set_self_locks" time="0.247" /><testcase classname="tests.test_tasks_user_policy.TestTaskSelfLocks" name="test_non_assignee_forbidden" time="0.232" /><testcase classname="tests.test_tasks_user_policy.TestGuardIncludesSelfLock" name="test_self_lock_blocks_delete" time="0.434" /><testcase classname="tests.test_task_categories.TestTaskCategoriesCRUD" name="test_manager_creates_lists_updates_deletes" time="1.064" /><testcase classname="tests.test_task_categories.TestTaskCategoriesCRUD" name="test_employee_cannot_create" time="0.379" /><testcase classname="tests.test_task_categories.TestTaskCategoriesCRUD" name="test_duplicate_name_case_insensitive_rejected" time="0.311" /><testcase classname="tests.test_task_categories.TestTaskCategoriesCRUD" name="test_too_short_name_rejected" time="0.075" /><testcase classname="tests.test_task_categories.TestTaskCategoryOnTasks" name="test_task_create_with_category" time="0.398" /><testcase classname="tests.test_task_categories.TestTaskCategoryOnTasks" name="test_patch_task_category_clear_and_set" time="0.770" /><testcase classname="tests.test_task_categories.TestTaskCategoryOnTasks" name="test_delete_category_clears_task_reference" time="0.505" /><testcase classname="tests.test_task_categories.TestTaskCategoryOnTasks" name="test_employee_cannot_assign_foreign_category" time="0.079" /><testcase classname="tests.test_task_reassign.TestReassign" name="test_manager_reassigns_own_task_to_visible_employee" time="1.333" /><testcase classname="tests.test_task_reassign.TestReassign" name="test_reassign_to_invisible_target_403" time="0.346" /><testcase classname="tests.test_task_reassign.TestReassign" name="test_reassign_task_not_owned_by_caller_returns_404" time="0.170" /><testcase classname="tests.test_task_reassign.TestReassign" name="test_reassign_same_owner_400" time="0.340" /><testcase classname="tests.test_task_reassign.TestReassign" name="test_admin_can_reassign_between_any_users" time="0.449" /><testcase classname="tests.test_lock_flow_integration" name="test_full_lifecycle_template_to_audit" time="1.253" /><testcase classname="tests.test_lock_flow_integration" name="test_soft_lock_template_allows_unlock_simple" time="0.541" /></testsuite></testsuites>