<?xml version="1.0" encoding="utf-8"?><testsuites name="pytest tests"><testsuite name="pytest" errors="0" failures="0" skipped="0" tests="25" time="15.808" timestamp="2026-07-20T14:21:09.925309+00:00" hostname="agent-env-0be8c9f7-6fac-4072-97ee-e8f0702cb100"><testcase classname="tests.test_reminder_migration.TestReminderMigration" name="test_migration_moves_reminders_to_tasks" time="4.207" /><testcase classname="tests.test_reminder_migration.TestReminderMigration" name="test_migration_is_idempotent_on_repeat_startup" time="3.578" /><testcase classname="tests.test_reminder_migration.TestReminderMigration" name="test_empty_reminders_no_side_effect" time="3.805" /><testcase classname="tests.test_tasks.TestTasksAuth" name="test_list_requires_auth" time="0.091" /><testcase classname="tests.test_tasks.TestTasksAuth" name="test_create_requires_auth" time="0.038" /><testcase classname="tests.test_tasks.TestTasksAuth" name="test_patch_requires_auth" time="0.080" /><testcase classname="tests.test_tasks.TestTasksAuth" name="test_delete_requires_auth" time="0.041" /><testcase classname="tests.test_tasks.TestTasksList" name="test_list_returns_array" time="0.376" /><testcase classname="tests.test_tasks.TestTasksCreate" name="test_create_minimal" time="0.157" /><testcase classname="tests.test_tasks.TestTasksCreate" name="test_create_with_all_fields" time="0.101" /><testcase classname="tests.test_tasks.TestTasksPatchStatus" name="test_set_status_done" time="0.223" /><testcase classname="tests.test_tasks.TestTasksPatchStatus" name="test_set_status_paused" time="0.149" /><testcase classname="tests.test_tasks.TestTasksPatchStatus" name="test_set_status_pending" time="0.195" /><testcase classname="tests.test_tasks.TestTasksPatchStatus" name="test_invalid_status_returns_400" time="0.883" /><testcase classname="tests.test_tasks.TestTasksPatchStatus" name="test_patch_unknown_id_returns_404" time="0.046" /><testcase classname="tests.test_tasks.TestTasksPatchStatus" name="test_updated_at_changes" time="0.143" /><testcase classname="tests.test_tasks.TestTasksDelete" name="test_delete_task" time="0.172" /><testcase classname="tests.test_tasks.TestTasksDelete" name="test_delete_unknown_ok" time="0.047" /><testcase classname="tests.test_tasks.TestTasksOverdueSupport" name="test_create_task_with_past_due_date" time="0.092" /><testcase classname="tests.test_tasks.TestTasksOverdueStatus" name="test_set_status_overdue" time="0.201" /><testcase classname="tests.test_tasks.TestTasksReminder" name="test_create_task_includes_reminder_fields" time="0.129" /><testcase classname="tests.test_tasks.TestTasksReminder" name="test_create_with_reminder_at" time="0.128" /><testcase classname="tests.test_tasks.TestTasksReminder" name="test_patch_sets_reminder_and_resets_fired" time="0.217" /><testcase classname="tests.test_tasks.TestTasksReminder" name="test_patch_clears_reminder_with_null" time="0.313" /><testcase classname="tests.test_tasks.TestTasksReminder" name="test_patch_reminder_fired_true" time="0.259" /></testsuite></testsuites>