<?xml version="1.0" encoding="utf-8"?><testsuites name="pytest tests"><testsuite name="pytest" errors="0" failures="0" skipped="0" tests="11" time="3.212" timestamp="2026-07-23T21:22:20.342782+00:00" hostname="agent-env-7c49d08f-be77-4404-99d1-eea4ef19378f"><testcase classname="tests.test_email_faz7.TestProvidersEndpoint" name="test_providers_returns_list_with_all_expected_keys" time="0.228" /><testcase classname="tests.test_email_faz7.TestProvidersEndpoint" name="test_provider_structure" time="0.076" /><testcase classname="tests.test_email_faz7.TestAccountsListing" name="test_new_user_empty_list" time="1.004" /><testcase classname="tests.test_email_faz7.TestAccountsListing" name="test_no_bearer_returns_401" time="0.094" /><testcase classname="tests.test_email_faz7.TestAddAccountRollback" name="test_fake_creds_returns_400_and_no_persistence" time="0.446" /><testcase classname="tests.test_email_faz7.TestAddAccountRollback" name="test_invalid_email_format_400_turkish" time="0.071" /><testcase classname="tests.test_email_faz7.TestDeleteAccount" name="test_delete_nonexistent_returns_zero" time="0.113" /><testcase classname="tests.test_email_faz7.TestAuthAndLicenseGuards" name="test_accounts_without_bearer_is_401" time="0.070" /><testcase classname="tests.test_email_faz7.TestAuthAndLicenseGuards" name="test_add_account_without_bearer_is_401" time="0.099" /><testcase classname="tests.test_email_faz7.TestAuthAndLicenseGuards" name="test_unlicensed_user_gets_402_on_accounts" time="0.680" /><testcase classname="tests.test_email_faz7.TestAuthAndLicenseGuards" name="test_unlicensed_user_gets_402_on_add" time="0.263" /></testsuite></testsuites>