<?xml version="1.0" encoding="utf-8"?><testsuites name="pytest tests"><testsuite name="pytest" errors="0" failures="0" skipped="0" tests="13" time="2.771" timestamp="2026-07-24T09:07:32.921346+00:00" hostname="agent-env-d510770a-345e-4f38-8114-a160e96ce69c"><testcase classname="tests.test_system_quota.TestGetSystemQuota" name="test_admin_can_read" time="0.724" /><testcase classname="tests.test_system_quota.TestGetSystemQuota" name="test_non_admin_forbidden" time="0.410" /><testcase classname="tests.test_system_quota.TestGetSystemQuota" name="test_unauthenticated_401" time="0.097" /><testcase classname="tests.test_system_quota.TestPutSystemQuota" name="test_admin_can_update_and_read" time="0.193" /><testcase classname="tests.test_system_quota.TestPutSystemQuota" name="test_admin_update_reflects_in_stats_summary" time="0.164" /><testcase classname="tests.test_system_quota.TestPutSystemQuota" name="test_stats_summary_math_reshapes_low_pct_after_increase" time="0.364" /><testcase classname="tests.test_system_quota.TestPutSystemQuota" name="test_below_min_rejected" time="0.077" /><testcase classname="tests.test_system_quota.TestPutSystemQuota" name="test_zero_rejected" time="0.081" /><testcase classname="tests.test_system_quota.TestPutSystemQuota" name="test_above_max_rejected" time="0.070" /><testcase classname="tests.test_system_quota.TestPutSystemQuota" name="test_non_admin_forbidden" time="0.085" /><testcase classname="tests.test_system_quota.TestPutSystemQuota" name="test_unauthenticated_401" time="0.083" /><testcase classname="tests.test_system_quota.TestAdminStatsSummaryQuota" name="test_admin_default_10gb" time="0.201" /><testcase classname="tests.test_system_quota.TestAdminStatsSummaryQuota" name="test_user_still_gets_license_based_quota" time="0.150" /></testsuite></testsuites>