<?xml version="1.0" encoding="utf-8"?><testsuites name="pytest tests"><testsuite name="pytest" errors="0" failures="0" skipped="0" tests="13" time="118.105" timestamp="2026-07-23T13:50:09.949117+00:00" hostname="agent-env-7c49d08f-be77-4404-99d1-eea4ef19378f"><testcase classname="tests.test_excel.TestExcelChartData" name="test_chart_data_requires_auth" time="1.366" /><testcase classname="tests.test_excel.TestExcelChartData" name="test_chart_data_other_user_404" time="0.509" /><testcase classname="tests.test_excel.TestExcelChartData" name="test_ay_toplam_sum_desc" time="11.058" /><testcase classname="tests.test_excel.TestExcelChartData" name="test_kategori_adet_sum" time="12.929" /><testcase classname="tests.test_excel.TestExcelChartData" name="test_kategori_birim_fiyat_mean" time="10.010" /><testcase classname="tests.test_excel.TestExcelChartData" name="test_y_omitted_returns_count" time="11.568" /><testcase classname="tests.test_excel.TestExcelChartData" name="test_missing_sheet_400" time="0.722" /><testcase classname="tests.test_excel.TestExcelChartData" name="test_missing_x_column_400" time="10.599" /><testcase classname="tests.test_excel.TestExcelChartData" name="test_missing_y_column_400" time="11.583" /><testcase classname="tests.test_excel.TestExcelChartData" name="test_non_numeric_y_falls_back_to_count" time="11.617" /><testcase classname="tests.test_excel.TestExcelChartData" name="test_limit_clamped_to_1" time="12.297" /><testcase classname="tests.test_excel.TestExcelChartData" name="test_limit_clamped_upper_bound" time="12.242" /><testcase classname="tests.test_excel.TestExcelChartData" name="test_agg_alias_avg_mean" time="10.824" /></testsuite></testsuites>