<?xml version="1.0" encoding="utf-8"?><testsuites name="pytest tests"><testsuite name="pytest" errors="0" failures="0" skipped="0" tests="12" time="3.384" timestamp="2026-07-24T16:29:17.913975+00:00" hostname="agent-env-fd549b7c-101a-4a19-89b4-f609b39ff9c1"><testcase classname="tests.test_team_rbac" name="test_manager_assigns_to_visible_employee" time="1.418" /><testcase classname="tests.test_team_rbac" name="test_manager_assigns_invalid_uid_returns_403" time="0.207" /><testcase classname="tests.test_team_rbac" name="test_manager_assigns_to_self" time="0.177" /><testcase classname="tests.test_team_rbac" name="test_employee_cannot_assign_to_others" time="0.070" /><testcase classname="tests.test_team_rbac" name="test_admin_can_assign_to_any_user" time="0.092" /><testcase classname="tests.test_team_rbac" name="test_team_members_manager" time="0.073" /><testcase classname="tests.test_team_rbac" name="test_team_members_admin_sees_all_except_self" time="0.096" /><testcase classname="tests.test_team_rbac" name="test_team_members_employee_empty" time="0.075" /><testcase classname="tests.test_team_rbac" name="test_team_summary_manager_has_emp_rollup" time="0.081" /><testcase classname="tests.test_team_rbac" name="test_team_summary_overdue_counted" time="0.240" /><testcase classname="tests.test_team_rbac" name="test_team_summary_employee_empty" time="0.077" /><testcase classname="tests.test_team_rbac" name="test_team_summary_admin_sees_all" time="0.727" /></testsuite></testsuites>