<?xml version="1.0" encoding="utf-8"?><testsuites name="pytest tests"><testsuite name="pytest" errors="0" failures="0" skipped="0" tests="20" time="25.134" timestamp="2026-07-27T15:45:18.885061+00:00" hostname="agent-env-fd549b7c-101a-4a19-89b4-f609b39ff9c1"><testcase classname="tests.test_p1_cp435.TestP1TemplateValidation" name="test_name_over_80_returns_400" time="1.717" /><testcase classname="tests.test_p1_cp435.TestP1TemplateValidation" name="test_description_over_500_returns_400" time="0.087" /><testcase classname="tests.test_p1_cp435.TestP1TemplateValidation" name="test_empty_name_returns_400" time="0.090" /><testcase classname="tests.test_p1_cp435.TestP1TemplateValidation" name="test_valid_create_returns_201" time="0.178" /><testcase classname="tests.test_p1_cp435.TestP1TemplateValidation" name="test_patch_name_over_80_returns_400" time="0.262" /><testcase classname="tests.test_p1_cp435.TestP1TemplateCap" name="test_manager_cap_50" time="9.138" /><testcase classname="tests.test_p1_cp435.TestP1TemplateCap" name="test_admin_and_manager_caps_are_independent" time="0.173" /><testcase classname="tests.test_p1_cp435.TestP1DeleteTaskUsedOtp" name="test_admin_deletes_unlocked_task_used_otp_false" time="0.243" /><testcase classname="tests.test_p1_cp435.TestP1DeleteTaskUsedOtp" name="test_delete_with_edit_lock_but_no_delete_lock_used_otp_false" time="8.168" /><testcase classname="tests.test_p1_cp435.TestP1DeleteTaskUsedOtp" name="test_delete_with_delete_lock_and_active_otp_used_otp_true" time="0.554" /><testcase classname="tests.test_p1_cp435.TestP1CreateTaskDoubleInherit" name="test_managed_and_self_dedup_managed_wins" time="0.703" /><testcase classname="tests.test_p0_cp434.TestIndexes" name="test_indexes_created_on_startup" time="0.018" /><testcase classname="tests.test_p0_cp434.TestSingleUseInvariant" name="test_uses_remaining_never_negative_and_second_patch_blocked" time="1.081" /><testcase classname="tests.test_p0_cp434.TestSingleUseInvariant" name="test_second_mutation_blocked_after_consume" time="0.395" /><testcase classname="tests.test_p0_cp434.TestOtpInvalidationAtomic" name="test_reissue_invalidates_prior_and_only_new_verifies" time="0.512" /><testcase classname="tests.test_p0_cp434.TestOtpRateLimit" name="test_five_wrong_then_429" time="0.770" /><testcase classname="tests.test_p0_cp434.TestUserDeleteCascade" name="test_hard_delete_invalidates_pending_otps" time="0.471" /><testcase classname="tests.test_p0_cp434.TestSingleTaskGet" name="test_admin_can_get_by_id" time="0.233" /><testcase classname="tests.test_p0_cp434.TestSingleTaskGet" name="test_unknown_id_returns_404" time="0.081" /><testcase classname="tests.test_p0_cp434.TestSingleTaskGet" name="test_employee_cannot_get_task_not_visible" time="0.121" /></testsuite></testsuites>