<?xml version="1.0" encoding="utf-8"?><testsuites name="pytest tests"><testsuite name="pytest" errors="0" failures="0" skipped="0" tests="8" time="5.217" timestamp="2026-07-29T10:18:01.417729+00:00" hostname="agent-env-482622d7-3b19-47d4-876b-4e88138faee8"><testcase classname="tests.test_prompt_and_nudge.TestChatPromptAdmin" name="test_admin_get" time="0.600" /><testcase classname="tests.test_prompt_and_nudge.TestChatPromptAdmin" name="test_non_admin_forbidden" time="0.576" /><testcase classname="tests.test_prompt_and_nudge.TestChatPromptAdmin" name="test_put_then_get_persists" time="0.146" /><testcase classname="tests.test_prompt_and_nudge.TestChatPromptAdmin" name="test_chat_still_replies_with_override" time="2.199" /><testcase classname="tests.test_prompt_and_nudge.TestChatPromptAdmin" name="test_reset_to_empty" time="0.171" /><testcase classname="tests.test_prompt_and_nudge.TestNudge" name="test_self_nudge_400" time="0.224" /><testcase classname="tests.test_prompt_and_nudge.TestNudge" name="test_nudge_repeatable_and_recipient_bell" time="0.987" /><testcase classname="tests.test_prompt_and_nudge.TestNudge" name="test_nudge_no_visibility_403_or_404" time="0.256" /></testsuite></testsuites>