<?xml version="1.0" encoding="utf-8"?><testsuites name="pytest tests"><testsuite name="pytest" errors="0" failures="0" skipped="0" tests="6" time="2.472" timestamp="2026-07-24T07:16:15.460758+00:00" hostname="agent-env-4da31548-3535-4209-8deb-5cf6370c9d27"><testcase classname="tests.test_stats_summary.TestStatsSummary" name="test_unauthorized_returns_401" time="0.296" /><testcase classname="tests.test_stats_summary.TestStatsSummary" name="test_admin_stats_shape_and_is_admin_scope" time="0.571" /><testcase classname="tests.test_stats_summary.TestStatsSummary" name="test_user_stats_shape_and_scope" time="0.427" /><testcase classname="tests.test_stats_summary.TestStatsSummary" name="test_admin_db_size_larger_than_user_db_size" time="0.234" /><testcase classname="tests.test_stats_summary.TestStatsSummary" name="test_personal_counts_differ_between_admin_and_user" time="0.238" /><testcase classname="tests.test_stats_summary.TestStatsSummary" name="test_task_active_semantics" time="0.389" /></testsuite></testsuites>