<?xml version="1.0" encoding="utf-8"?><testsuites name="pytest tests"><testsuite name="pytest" errors="0" failures="0" skipped="0" tests="10" time="2.651" timestamp="2026-07-24T08:35:11.939383+00:00" hostname="agent-env-d510770a-345e-4f38-8114-a160e96ce69c"><testcase classname="tests.test_stats_summary.TestStatsSummary" name="test_unauthorized_returns_401" time="0.227" /><testcase classname="tests.test_stats_summary.TestStatsSummary" name="test_admin_stats_shape_and_is_admin_scope" time="0.786" /><testcase classname="tests.test_stats_summary.TestStatsSummary" name="test_user_stats_shape_and_scope" time="0.395" /><testcase classname="tests.test_stats_summary.TestStatsSummary" name="test_admin_db_size_larger_than_user_db_size" time="0.161" /><testcase classname="tests.test_stats_summary.TestStatsSummary" name="test_personal_counts_differ_between_admin_and_user" time="0.223" /><testcase classname="tests.test_stats_summary.TestStatsSummary" name="test_task_active_semantics" time="0.322" /><testcase classname="tests.test_stats_summary.TestStorageQuota" name="test_admin_quota_is_none_label_sistem" time="0.097" /><testcase classname="tests.test_stats_summary.TestStorageQuota" name="test_user_trial_quota_100mb" time="0.084" /><testcase classname="tests.test_stats_summary.TestStorageQuota" name="test_all_previous_keys_still_present" time="0.081" /><testcase classname="tests.test_stats_summary.TestStorageQuota" name="test_new_quota_keys_present_admin_and_user" time="0.223" /></testsuite></testsuites>