<?xml version="1.0" encoding="utf-8"?><testsuites name="pytest tests"><testsuite name="pytest" errors="0" failures="0" skipped="0" tests="23" time="4.528" timestamp="2026-07-24T09:24:33.916337+00:00" hostname="agent-env-d510770a-345e-4f38-8114-a160e96ce69c"><testcase classname="tests.test_stats_summary.TestStatsSummary" name="test_unauthorized_returns_401" time="0.124" /><testcase classname="tests.test_stats_summary.TestStatsSummary" name="test_admin_stats_shape_and_is_admin_scope" time="0.376" /><testcase classname="tests.test_stats_summary.TestStatsSummary" name="test_user_stats_shape_and_scope" time="0.382" /><testcase classname="tests.test_stats_summary.TestStatsSummary" name="test_admin_db_size_larger_than_user_db_size" time="0.188" /><testcase classname="tests.test_stats_summary.TestStatsSummary" name="test_personal_counts_differ_between_admin_and_user" time="0.172" /><testcase classname="tests.test_stats_summary.TestStatsSummary" name="test_task_active_semantics" time="0.398" /><testcase classname="tests.test_stats_summary.TestStorageQuota" name="test_admin_quota_system_wide_label_sistem" time="0.080" /><testcase classname="tests.test_stats_summary.TestStorageQuota" name="test_user_trial_quota_100mb" time="0.080" /><testcase classname="tests.test_stats_summary.TestStorageQuota" name="test_all_previous_keys_still_present" time="0.086" /><testcase classname="tests.test_stats_summary.TestStorageQuota" name="test_new_quota_keys_present_admin_and_user" time="0.166" /><testcase classname="tests.test_system_quota.TestGetSystemQuota" name="test_admin_can_read" time="0.456" /><testcase classname="tests.test_system_quota.TestGetSystemQuota" name="test_non_admin_forbidden" time="0.399" /><testcase classname="tests.test_system_quota.TestGetSystemQuota" name="test_unauthenticated_401" time="0.076" /><testcase classname="tests.test_system_quota.TestPutSystemQuota" name="test_admin_can_update_and_read" time="0.147" /><testcase classname="tests.test_system_quota.TestPutSystemQuota" name="test_admin_update_reflects_in_stats_summary" time="0.171" /><testcase classname="tests.test_system_quota.TestPutSystemQuota" name="test_stats_summary_math_reshapes_low_pct_after_increase" time="0.346" /><testcase classname="tests.test_system_quota.TestPutSystemQuota" name="test_below_min_rejected" time="0.085" /><testcase classname="tests.test_system_quota.TestPutSystemQuota" name="test_zero_rejected" time="0.088" /><testcase classname="tests.test_system_quota.TestPutSystemQuota" name="test_above_max_rejected" time="0.076" /><testcase classname="tests.test_system_quota.TestPutSystemQuota" name="test_non_admin_forbidden" time="0.082" /><testcase classname="tests.test_system_quota.TestPutSystemQuota" name="test_unauthenticated_401" time="0.076" /><testcase classname="tests.test_system_quota.TestAdminStatsSummaryQuota" name="test_admin_default_10gb" time="0.183" /><testcase classname="tests.test_system_quota.TestAdminStatsSummaryQuota" name="test_user_still_gets_license_based_quota" time="0.229" /></testsuite></testsuites>