<?xml version="1.0" encoding="utf-8"?><testsuites name="pytest tests"><testsuite name="pytest" errors="0" failures="0" skipped="1" tests="20" time="22.369" timestamp="2026-07-23T12:43:28.638453+00:00" hostname="agent-env-7c49d08f-be77-4404-99d1-eea4ef19378f"><testcase classname="tests.test_rag.TestHealth" name="test_api_health_public" time="0.123" /><testcase classname="tests.test_rag.TestHealth" name="test_bare_health_public" time="0.188"><skipped type="pytest.skip" message="Ingress routes /health to frontend SPA. /api/health works correctly.">/app/backend/tests/test_rag.py:148: Ingress routes /health to frontend SPA. /api/health works correctly.</skipped></testcase><testcase classname="tests.test_rag.TestRagStatus" name="test_rag_status_shape" time="0.396" /><testcase classname="tests.test_rag.TestRagStatus" name="test_rag_status_requires_auth" time="0.081" /><testcase classname="tests.test_rag.TestUploadAutoIndex" name="test_upload_text_indexes_automatically" time="1.437" /><testcase classname="tests.test_rag.TestUploadAutoIndex" name="test_delete_purges_chunks" time="1.568" /><testcase classname="tests.test_rag.TestUploadAutoIndex" name="test_empty_extraction_marks_empty" time="0.341" /><testcase classname="tests.test_rag.TestReindexAll" name="test_reindex_all_returns_schedule" time="0.035" /><testcase classname="tests.test_rag.TestPerFileReindex" name="test_reindex_file" time="2.675" /><testcase classname="tests.test_rag.TestRagChat" name="test_upload_for_chat" time="1.434" /><testcase classname="tests.test_rag.TestRagChat" name="test_chat_returns_sources_with_file" time="2.476" /><testcase classname="tests.test_rag.TestRagChat" name="test_offtopic_returns_empty_sources" time="4.508" /><testcase classname="tests.test_rag.TestRagChat" name="test_manual_memory_skips_rag" time="0.202" /><testcase classname="tests.test_rag.TestRagChat" name="test_cleanup_chat_file" time="0.035" /><testcase classname="tests.test_rag.TestRagIsolation" name="test_ahmet_cannot_see_admin_content" time="5.554" /><testcase classname="tests.test_rag.TestRegression" name="test_files_list" time="0.033" /><testcase classname="tests.test_rag.TestRegression" name="test_notes_still_work" time="0.072" /><testcase classname="tests.test_rag.TestRegression" name="test_memory_still_works" time="0.077" /><testcase classname="tests.test_rag.TestRegression" name="test_tasks_still_work" time="0.031" /><testcase classname="tests.test_rag.TestRegression" name="test_tts_still_works" time="1.017" /></testsuite></testsuites>