<?xml version="1.0" encoding="utf-8"?><testsuites name="pytest tests"><testsuite name="pytest" errors="0" failures="0" skipped="0" tests="21" time="27.261" timestamp="2026-07-23T13:12:10.674823+00:00" hostname="agent-env-7c49d08f-be77-4404-99d1-eea4ef19378f"><testcase classname="tests.test_excel.TestExcelAuth" name="test_analyze_requires_auth" time="1.339" /><testcase classname="tests.test_excel.TestExcelAuth" name="test_formula_requires_auth" time="0.127" /><testcase classname="tests.test_excel.TestExcelAuth" name="test_query_requires_auth" time="0.079" /><testcase classname="tests.test_excel.TestExcelAuth" name="test_pivot_requires_auth" time="0.077" /><testcase classname="tests.test_excel.TestExcelAuth" name="test_charts_requires_auth" time="0.076" /><testcase classname="tests.test_excel.TestExcelIsolation" name="test_other_user_gets_404" time="0.378" /><testcase classname="tests.test_excel.TestExcelIsolation" name="test_bogus_file_id_404" time="0.079" /><testcase classname="tests.test_excel.TestExcelCategoryGuard" name="test_txt_file_rejected_400" time="0.465" /><testcase classname="tests.test_excel.TestExcelAnalyze" name="test_analyze_returns_schema_and_insight" time="9.644" /><testcase classname="tests.test_excel.TestExcelFormula" name="test_formula_toplam_sum" time="1.883" /><testcase classname="tests.test_excel.TestExcelFormula" name="test_formula_short_task_400" time="0.101" /><testcase classname="tests.test_excel.TestExcelQuery" name="test_query_highest_month" time="2.452" /><testcase classname="tests.test_excel.TestExcelPivot" name="test_pivot_ay_by_kategori" time="1.675" /><testcase classname="tests.test_excel.TestExcelPivot" name="test_pivot_short_task_400" time="0.118" /><testcase classname="tests.test_excel.TestExcelCharts" name="test_charts_3_to_5" time="7.762" /><testcase classname="tests.test_excel.TestRegression" name="test_health" time="0.116" /><testcase classname="tests.test_excel.TestRegression" name="test_files_list" time="0.073" /><testcase classname="tests.test_excel.TestRegression" name="test_memory_list" time="0.086" /><testcase classname="tests.test_excel.TestRegression" name="test_tasks_list" time="0.075" /><testcase classname="tests.test_excel.TestRegression" name="test_notes_list" time="0.095" /><testcase classname="tests.test_excel.TestRegression" name="test_auth_me" time="0.268" /></testsuite></testsuites>