<?xml version="1.0" encoding="utf-8"?><testsuites name="pytest tests"><testsuite name="pytest" errors="0" failures="0" skipped="0" tests="32" time="22.458" timestamp="2026-07-24T16:37:54.667558+00:00" hostname="agent-env-fd549b7c-101a-4a19-89b4-f609b39ff9c1"><testcase classname="tests.test_team_rbac" name="test_manager_assigns_to_visible_employee" time="1.401" /><testcase classname="tests.test_team_rbac" name="test_manager_assigns_invalid_uid_returns_403" time="0.176" /><testcase classname="tests.test_team_rbac" name="test_manager_assigns_to_self" time="0.150" /><testcase classname="tests.test_team_rbac" name="test_employee_cannot_assign_to_others" time="0.080" /><testcase classname="tests.test_team_rbac" name="test_admin_can_assign_to_any_user" time="0.075" /><testcase classname="tests.test_team_rbac" name="test_team_members_manager" time="0.080" /><testcase classname="tests.test_team_rbac" name="test_team_members_admin_sees_all_except_self" time="0.081" /><testcase classname="tests.test_team_rbac" name="test_team_members_employee_empty" time="0.079" /><testcase classname="tests.test_team_rbac" name="test_team_summary_manager_has_emp_rollup" time="0.084" /><testcase classname="tests.test_team_rbac" name="test_team_summary_overdue_counted" time="0.216" /><testcase classname="tests.test_team_rbac" name="test_team_summary_employee_empty" time="0.073" /><testcase classname="tests.test_team_rbac" name="test_team_summary_admin_sees_all" time="0.704" /><testcase classname="tests.test_permissions.TestRoleNormalization" name="test_legacy_user_becomes_employee_via_admin_users" time="0.397" /><testcase classname="tests.test_permissions.TestRoleNormalization" name="test_create_user_with_legacy_user_role_is_normalized" time="0.378" /><testcase classname="tests.test_permissions.TestRoleNormalization" name="test_create_user_with_manager_role" time="0.365" /><testcase classname="tests.test_permissions.TestRoleNormalization" name="test_create_user_invalid_role_rejected" time="0.073" /><testcase classname="tests.test_permissions.TestCompaniesCRUD" name="test_create_and_list_company_admin" time="0.228" /><testcase classname="tests.test_permissions.TestCompaniesCRUD" name="test_create_company_case_insensitive_dedup" time="0.209" /><testcase classname="tests.test_permissions.TestCompaniesCRUD" name="test_create_company_too_short_rejected" time="0.065" /><testcase classname="tests.test_permissions.TestCompaniesCRUD" name="test_non_admin_cannot_create_company" time="0.780" /><testcase classname="tests.test_permissions.TestCompaniesCRUD" name="test_update_company_syncs_users_company_name" time="0.701" /><testcase classname="tests.test_permissions.TestCompaniesCRUD" name="test_delete_company_with_members_blocked" time="0.686" /><testcase classname="tests.test_permissions.TestManagerVisibility" name="test_create_visibility_admin" time="1.152" /><testcase classname="tests.test_permissions.TestManagerVisibility" name="test_create_visibility_wrong_role_rejected" time="1.003" /><testcase classname="tests.test_permissions.TestManagerVisibility" name="test_non_admin_cannot_use_visibility_endpoints" time="0.862" /><testcase classname="tests.test_permissions.TestCompanyPermissions" name="test_grant_and_revoke_cross_company" time="0.540" /><testcase classname="tests.test_permissions.TestCompanyPermissions" name="test_self_reference_rejected" time="0.221" /><testcase classname="tests.test_permissions.TestCompanyPermissions" name="test_cascade_delete_company_removes_permissions" time="0.465" /><testcase classname="tests.test_permissions.TestTaskVisibility" name="test_full_scenario" time="4.874" /><testcase classname="tests.test_permissions.TestTaskEditPermissions" name="test_employee_cannot_patch_others_task_returns_404" time="4.986" /><testcase classname="tests.test_permissions.TestCompanyListScoping" name="test_employee_sees_only_own_company" time="1.048" /><testcase classname="tests.test_permissions" name="test_zzz_cleanup_final_state" time="0.160" /></testsuite></testsuites>