<?xml version="1.0" encoding="utf-8"?><testsuites name="pytest tests"><testsuite name="pytest" errors="0" failures="0" skipped="0" tests="3" time="3.421" timestamp="2026-07-27T07:16:56.227632+00:00" hostname="agent-env-fd549b7c-101a-4a19-89b4-f609b39ff9c1"><testcase classname="tests.test_permissions.TestManagerVisibility" name="test_create_visibility_admin" time="1.537" /><testcase classname="tests.test_permissions.TestManagerVisibility" name="test_create_visibility_wrong_role_rejected" time="1.012" /><testcase classname="tests.test_permissions.TestManagerVisibility" name="test_non_admin_cannot_use_visibility_endpoints" time="0.821" /></testsuite></testsuites>