<?xml version="1.0" encoding="utf-8"?><testsuites name="pytest tests"><testsuite name="pytest" errors="0" failures="0" skipped="0" tests="7" time="3.228" timestamp="2026-07-20T15:38:45.754944+00:00" hostname="agent-env-0be8c9f7-6fac-4072-97ee-e8f0702cb100"><testcase classname="tests.test_impersonation.TestChatSertexIdentity" name="test_chat_identifies_as_sertex_not_sertex" time="1.944" /><testcase classname="tests.test_impersonation.TestImpersonation" name="test_admin_impersonate_success" time="1.180" /><testcase classname="tests.test_impersonation.TestImpersonation" name="test_non_admin_impersonate_403" time="0.397" /><testcase classname="tests.test_impersonation.TestImpersonation" name="test_impersonate_unknown_user_404" time="0.080" /><testcase classname="tests.test_impersonation.TestImpersonation" name="test_impersonate_requires_auth" time="0.118" /><testcase classname="tests.test_impersonation.TestImpersonation" name="test_impersonation_token_accesses_target_user_tasks" time="0.709" /><testcase classname="tests.test_impersonation.TestImpersonation" name="test_impersonation_token_cannot_impersonate_others" time="0.243" /></testsuite></testsuites>