<?xml version="1.0" encoding="utf-8"?><testsuites name="pytest tests"><testsuite name="pytest" errors="0" failures="0" skipped="0" tests="34" time="116.855" timestamp="2026-07-23T14:14:40.181680+00:00" hostname="agent-env-7c49d08f-be77-4404-99d1-eea4ef19378f"><testcase classname="tests.test_excel.TestRegression" name="test_health" time="0.268" /><testcase classname="tests.test_excel.TestRegression" name="test_files_list" time="1.774" /><testcase classname="tests.test_excel.TestExcelChartData" name="test_chart_data_requires_auth" time="2.127" /><testcase classname="tests.test_excel.TestRegression" name="test_memory_list" time="0.146" /><testcase classname="tests.test_excel.TestRegression" name="test_tasks_list" time="0.254" /><testcase classname="tests.test_excel.TestExcelChartData" name="test_chart_data_other_user_404" time="0.393" /><testcase classname="tests.test_excel.TestRegression" name="test_notes_list" time="0.091" /><testcase classname="tests.test_excel.TestExcelChartData" name="test_ay_toplam_sum_desc" time="10.737" /><testcase classname="tests.test_excel.TestRegression" name="test_auth_me" time="0.381" /><testcase classname="tests.test_excel.TestExcelAuth" name="test_analyze_requires_auth" time="1.148" /><testcase classname="tests.test_excel.TestExcelAuth" name="test_formula_requires_auth" time="0.077" /><testcase classname="tests.test_excel.TestExcelAuth" name="test_query_requires_auth" time="0.079" /><testcase classname="tests.test_excel.TestExcelAuth" name="test_pivot_requires_auth" time="0.119" /><testcase classname="tests.test_excel.TestExcelAuth" name="test_charts_requires_auth" time="0.078" /><testcase classname="tests.test_excel.TestExcelIsolation" name="test_other_user_gets_404" time="0.420" /><testcase classname="tests.test_excel.TestExcelIsolation" name="test_bogus_file_id_404" time="0.087" /><testcase classname="tests.test_excel.TestExcelFormula" name="test_formula_toplam_sum" time="2.303" /><testcase classname="tests.test_excel.TestExcelFormula" name="test_formula_short_task_400" time="0.147" /><testcase classname="tests.test_excel.TestExcelPivot" name="test_pivot_ay_by_kategori" time="1.965" /><testcase classname="tests.test_excel.TestExcelPivot" name="test_pivot_short_task_400" time="0.113" /><testcase classname="tests.test_excel.TestExcelCategoryGuard" name="test_txt_file_rejected_400" time="0.670" /><testcase classname="tests.test_excel.TestExcelAnalyze" name="test_analyze_returns_schema_and_insight" time="10.017" /><testcase classname="tests.test_excel.TestExcelChartData" name="test_kategori_adet_sum" time="12.135" /><testcase classname="tests.test_excel.TestExcelQuery" name="test_query_highest_month" time="2.677" /><testcase classname="tests.test_excel.TestExcelCharts" name="test_charts_3_to_5" time="7.020" /><testcase classname="tests.test_excel.TestExcelChartData" name="test_kategori_birim_fiyat_mean" time="12.176" /><testcase classname="tests.test_excel.TestExcelChartData" name="test_y_omitted_returns_count" time="10.611" /><testcase classname="tests.test_excel.TestExcelChartData" name="test_missing_sheet_400" time="0.403" /><testcase classname="tests.test_excel.TestExcelChartData" name="test_missing_x_column_400" time="11.101" /><testcase classname="tests.test_excel.TestExcelChartData" name="test_missing_y_column_400" time="12.418" /><testcase classname="tests.test_excel.TestExcelChartData" name="test_non_numeric_y_falls_back_to_count" time="12.132" /><testcase classname="tests.test_excel.TestExcelChartData" name="test_limit_clamped_to_1" time="9.476" /><testcase classname="tests.test_excel.TestExcelChartData" name="test_limit_clamped_upper_bound" time="11.357" /><testcase classname="tests.test_excel.TestExcelChartData" name="test_agg_alias_avg_mean" time="11.050" /></testsuite></testsuites>