<?xml version="1.0" encoding="utf-8"?><testsuites name="pytest tests"><testsuite name="pytest" errors="0" failures="0" skipped="0" tests="7" time="7.584" timestamp="2026-08-21T10:49:47.228861+00:00" hostname="agent-env-5b4d138b-7355-4a96-840c-a6307d47edb0"><testcase classname="tests.test_super_admin_hierarchy" name="test_owner_is_super_and_owner" time="0.656" /><testcase classname="tests.test_super_admin_hierarchy" name="test_admin_is_company_scoped" time="1.214" /><testcase classname="tests.test_super_admin_hierarchy" name="test_system_endpoints_super_only" time="0.963" /><testcase classname="tests.test_super_admin_hierarchy" name="test_owner_untouchable_by_admin" time="0.947" /><testcase classname="tests.test_super_admin_hierarchy" name="test_admin_cannot_promote_super" time="0.393" /><testcase classname="tests.test_super_admin_hierarchy" name="test_create_company_requires_cap" time="1.151" /><testcase classname="tests.test_super_admin_hierarchy" name="test_temp_super_admin_promote_and_revoke" time="2.203" /></testsuite></testsuites>