<?xml version="1.0" encoding="utf-8"?><testsuites name="pytest tests"><testsuite name="pytest" errors="0" failures="0" skipped="0" tests="16" time="0.643" timestamp="2026-07-24T13:31:11.380979+00:00" hostname="agent-env-d510770a-345e-4f38-8114-a160e96ce69c"><testcase classname="tests.test_workspace_and_company.TestWorkspaceMode" name="test_login_returns_workspace_mode" time="0.229" /><testcase classname="tests.test_workspace_and_company.TestWorkspaceMode" name="test_me_returns_workspace_mode" time="0.003" /><testcase classname="tests.test_workspace_and_company.TestWorkspaceMode" name="test_put_workspace_mode_team_then_personal" time="0.008" /><testcase classname="tests.test_workspace_and_company.TestWorkspaceMode" name="test_put_workspace_mode_invalid_400" time="0.002" /><testcase classname="tests.test_workspace_and_company.TestWorkspaceMode" name="test_put_workspace_mode_unauth_401" time="0.002" /><testcase classname="tests.test_workspace_and_company.TestTaskOwnershipFields" name="test_create_task_with_owner_fields" time="0.006" /><testcase classname="tests.test_workspace_and_company.TestTaskOwnershipFields" name="test_create_task_without_owner_fields" time="0.003" /><testcase classname="tests.test_workspace_and_company.TestTaskOwnershipFields" name="test_patch_task_add_owner_fields" time="0.004" /><testcase classname="tests.test_workspace_and_company.TestTaskOwnershipFields" name="test_list_tasks_still_works" time="0.003" /><testcase classname="tests.test_workspace_and_company.TestTaskOwnershipFields" name="test_patch_task_status_still_works" time="0.004" /><testcase classname="tests.test_workspace_and_company.TestTaskOwnershipFields" name="test_cleanup_created_tasks" time="0.005" /><testcase classname="tests.test_workspace_and_company.TestAdminCompanies" name="test_admin_companies_requires_admin" time="0.002" /><testcase classname="tests.test_workspace_and_company.TestAdminCompanies" name="test_admin_companies_returns_list" time="0.228" /><testcase classname="tests.test_workspace_and_company.TestAdminCompanies" name="test_admin_update_user_company_flow" time="0.038" /><testcase classname="tests.test_workspace_and_company.TestAdminCompanies" name="test_non_admin_patch_forbidden" time="0.008" /><testcase classname="tests.test_workspace_and_company" name="test_zzz_cleanup_final_state" time="0.025" /></testsuite></testsuites>