<?xml version="1.0" encoding="utf-8"?><testsuites name="pytest tests"><testsuite name="pytest" errors="0" failures="0" skipped="0" tests="36" time="13.150" timestamp="2026-07-22T09:09:36.280704+00:00" hostname="agent-env-9928ede7-1bf6-4742-93bc-5dc1fc83fe46"><testcase classname="tests.test_memory_and_stt.TestMemoryCRUD" name="test_memory_requires_auth" time="0.668" /><testcase classname="tests.test_memory_and_stt.TestMemoryCRUD" name="test_list_memories_empty_initially" time="0.038" /><testcase classname="tests.test_memory_and_stt.TestMemoryCRUD" name="test_create_memory_valid" time="0.073" /><testcase classname="tests.test_tasks.TestTasksPatchStatus" name="test_set_status_done" time="0.831" /><testcase classname="tests.test_memory_and_stt.TestMemoryCRUD" name="test_get_memory_after_create" time="0.074" /><testcase classname="tests.test_memory_and_stt.TestMemoryCRUD" name="test_create_short_content_rejected" time="0.034" /><testcase classname="tests.test_memory_and_stt.TestMemoryCRUD" name="test_update_memory" time="0.041" /><testcase classname="tests.test_tasks.TestTasksPatchStatus" name="test_set_status_paused" time="0.205" /><testcase classname="tests.test_memory_and_stt.TestMemoryCRUD" name="test_delete_memory" time="0.106" /><testcase classname="tests.test_memory_and_stt.TestMemoryCRUD" name="test_bulk_delete" time="0.457" /><testcase classname="tests.test_tasks.TestTasksPatchStatus" name="test_set_status_pending" time="0.272" /><testcase classname="tests.test_tasks.TestTasksPatchStatus" name="test_invalid_status_returns_400" time="0.190" /><testcase classname="tests.test_tasks.TestTasksPatchStatus" name="test_patch_unknown_id_returns_404" time="0.035" /><testcase classname="tests.test_tasks.TestTasksPatchStatus" name="test_updated_at_changes" time="0.369" /><testcase classname="tests.test_tasks.TestTasksReminder" name="test_create_task_includes_reminder_fields" time="0.529" /><testcase classname="tests.test_tasks.TestTasksReminder" name="test_create_with_reminder_at" time="0.331" /><testcase classname="tests.test_memory_and_stt.TestChatMemoryTriggers" name="test_manual_trigger_short_circuits_llm" time="0.525" /><testcase classname="tests.test_tasks.TestTasksReminder" name="test_patch_sets_reminder_and_resets_fired" time="0.186" /><testcase classname="tests.test_memory_and_stt.TestChatMemoryTriggers" name="test_forget_trigger" time="0.116" /><testcase classname="tests.test_memory_and_stt.TestChatMemoryTriggers" name="test_prompt_injection_favori_renk" time="1.474" /><testcase classname="tests.test_tasks.TestTasksReminder" name="test_patch_clears_reminder_with_null" time="0.232" /><testcase classname="tests.test_tasks.TestTasksReminder" name="test_patch_reminder_fired_true" time="0.263" /><testcase classname="tests.test_tasks.TestTasksAuth" name="test_list_requires_auth" time="0.044" /><testcase classname="tests.test_tasks.TestTasksAuth" name="test_create_requires_auth" time="0.038" /><testcase classname="tests.test_tasks.TestTasksAuth" name="test_patch_requires_auth" time="0.041" /><testcase classname="tests.test_tasks.TestTasksAuth" name="test_delete_requires_auth" time="0.041" /><testcase classname="tests.test_tasks.TestTasksCreate" name="test_create_minimal" time="0.153" /><testcase classname="tests.test_tasks.TestTasksCreate" name="test_create_with_all_fields" time="0.074" /><testcase classname="tests.test_tasks.TestTasksDelete" name="test_delete_task" time="0.150" /><testcase classname="tests.test_tasks.TestTasksDelete" name="test_delete_unknown_ok" time="0.035" /><testcase classname="tests.test_tasks.TestTasksList" name="test_list_returns_array" time="0.035" /><testcase classname="tests.test_tasks.TestTasksOverdueSupport" name="test_create_task_with_past_due_date" time="0.154" /><testcase classname="tests.test_tasks.TestTasksOverdueStatus" name="test_set_status_overdue" time="0.630" /><testcase classname="tests.test_memory_and_stt.TestChatMemoryTriggers" name="test_auto_extract_from_chat" time="4.935" /><testcase classname="tests.test_memory_and_stt.TestWhisperSTT" name="test_whisper_401_without_auth" time="0.113" /><testcase classname="tests.test_memory_and_stt.TestWhisperSTT" name="test_whisper_tts_roundtrip" time="3.534" /></testsuite></testsuites>