<?xml version="1.0" encoding="utf-8"?><testsuites name="pytest tests"><testsuite name="pytest" errors="0" failures="1" skipped="0" tests="21" time="11.088" timestamp="2026-07-22T10:18:05.159215+00:00" hostname="agent-env-37858b29-5037-45bd-a2d3-88cb46797684"><testcase classname="tests.test_files.TestRegression" name="test_chat_still_works" time="2.878"><failure message="AssertionError: assert ('reply' in {'conversation_id': '874d66f2-ba1a-4453-b50f-c0d1037366b8', 'user_message': {'id': 'bcb37706-7f32-456c-a6b2-a51306586bb4', 'conversation_id': '874d66f2-ba1a-4453-b50f-c0d1037366b8', 'role': 'user', 'content': 'selam', ...}, 'assistant_message': {'id': '3f0c0886-8a2f-4eea-8eb1-e30a79500000', 'conversation_id': '874d66f2-ba1a-4453-b50f-c0d1037366b8', 'role': 'assistant', 'content': 'Selam efendim. Bugün neyi hallediyoruz: bilgi mi, plan mı, dertleşme mi?', ...}})">tests/test_files.py:286: in test_chat_still_works
    assert "reply" in d and len(d["reply"]) &gt; 0
E   AssertionError: assert ('reply' in {'conversation_id': '874d66f2-ba1a-4453-b50f-c0d1037366b8', 'user_message': {'id': 'bcb37706-7f32-456c-a6b2-a51306586bb4', 'conversation_id': '874d66f2-ba1a-4453-b50f-c0d1037366b8', 'role': 'user', 'content': 'selam', ...}, 'assistant_message': {'id': '3f0c0886-8a2f-4eea-8eb1-e30a79500000', 'conversation_id': '874d66f2-ba1a-4453-b50f-c0d1037366b8', 'role': 'assistant', 'content': 'Selam efendim. Bugün neyi hallediyoruz: bilgi mi, plan mı, dertleşme mi?', ...}})</failure></testcase><testcase classname="tests.test_files.TestUploads" name="test_txt_uploaded" time="1.162" /><testcase classname="tests.test_files.TestUploads" name="test_pdf_uploaded" time="0.599" /><testcase classname="tests.test_files.TestUploads" name="test_csv_uploaded" time="0.618" /><testcase classname="tests.test_files.TestRegression" name="test_memory_list_works" time="0.085" /><testcase classname="tests.test_files.TestRegression" name="test_tasks_list_works" time="0.078" /><testcase classname="tests.test_files.TestRegression" name="test_notes_list_works" time="0.076" /><testcase classname="tests.test_files.TestRegression" name="test_auth_me_works" time="0.094" /><testcase classname="tests.test_files.TestListAndGet" name="test_list_scoped_and_strips_text" time="0.561" /><testcase classname="tests.test_files.TestListAndGet" name="test_get_single_returns_full_text" time="0.103" /><testcase classname="tests.test_files.TestAsk" name="test_ask_grounded" time="1.191" /><testcase classname="tests.test_files.TestAsk" name="test_ask_short_question_400" time="0.113" /><testcase classname="tests.test_files.TestIsolation" name="test_user2_cannot_see_user1_files" time="1.095" /><testcase classname="tests.test_files.TestIsolation" name="test_user2_can_upload_own_file" time="0.479" /><testcase classname="tests.test_files.TestSummarize" name="test_summarize_txt_and_cache" time="3.135" /><testcase classname="tests.test_files.TestUploads" name="test_png_uploaded_via_vision" time="5.967" /><testcase classname="tests.test_files.TestValidation" name="test_unsupported_extension_returns_400" time="0.077" /><testcase classname="tests.test_files.TestValidation" name="test_over_size_limit_returns_400" time="0.898" /><testcase classname="tests.test_files.TestValidation" name="test_empty_file_returns_400" time="0.098" /><testcase classname="tests.test_files.TestValidation" name="test_unauthenticated_denied" time="0.110" /><testcase classname="tests.test_files.TestDelete" name="test_delete_and_404_thereafter" time="0.849" /></testsuite></testsuites>