<?xml version="1.0" encoding="utf-8"?><testsuites name="pytest tests"><testsuite name="pytest" errors="0" failures="0" skipped="0" tests="27" time="15.342" timestamp="2026-07-20T14:57:55.300823+00:00" hostname="agent-env-0be8c9f7-6fac-4072-97ee-e8f0702cb100"><testcase classname="tests.test_multiuser.TestAdminCreateUser" name="test_create_ahmet_and_login" time="1.562" /><testcase classname="tests.test_multiuser.TestAdminPatchUser" name="test_password_reset_flow" time="2.479" /><testcase classname="tests.test_multiuser.TestAdminCreateUser" name="test_create_duplicate_username_400" time="0.552" /><testcase classname="tests.test_multiuser.TestAdminCreateUser" name="test_create_short_password_400" time="0.078" /><testcase classname="tests.test_multiuser.TestAdminCreateUser" name="test_create_short_username_400" time="0.205" /><testcase classname="tests.test_multiuser.TestAdminCreateUser" name="test_create_invalid_role_400" time="0.057" /><testcase classname="tests.test_multiuser.TestAdminPatchUser" name="test_short_password_reset_400" time="0.817" /><testcase classname="tests.test_multiuser.TestAdminAuthorization" name="test_admin_list_users_forbidden_for_non_admin" time="0.915" /><testcase classname="tests.test_multiuser.TestAdminAuthorization" name="test_admin_list_users_ok_for_admin" time="0.238" /><testcase classname="tests.test_multiuser.TestAdminPatchUser" name="test_promote_and_demote_role" time="0.946" /><testcase classname="tests.test_multiuser.TestAdminAuthorization" name="test_admin_create_user_forbidden_for_non_admin" time="0.765" /><testcase classname="tests.test_multiuser.TestAdminPatchUser" name="test_cannot_demote_last_admin" time="0.222" /><testcase classname="tests.test_multiuser.TestAdminPatchUser" name="test_patch_nonexistent_user_404" time="0.212" /><testcase classname="tests.test_multiuser.TestAdminDeleteUser" name="test_cannot_delete_self" time="0.078" /><testcase classname="tests.test_multiuser.TestAdminDeleteUser" name="test_cannot_delete_last_admin" time="0.511" /><testcase classname="tests.test_multiuser.TestAdminAuthorization" name="test_admin_delete_user_forbidden_for_non_admin" time="0.848" /><testcase classname="tests.test_multiuser.TestRemindersRemoved" name="test_reminders_get_404" time="0.038" /><testcase classname="tests.test_multiuser.TestRemindersRemoved" name="test_reminders_post_404" time="0.077" /><testcase classname="tests.test_multiuser.TestAdminDeleteUser" name="test_delete_user_cascades" time="3.227" /><testcase classname="tests.test_multiuser.TestRemindersRemoved" name="test_reminders_patch_404" time="0.188" /><testcase classname="tests.test_multiuser.TestRemindersRemoved" name="test_reminders_delete_404" time="0.074" /><testcase classname="tests.test_multiuser.TestAuthMe" name="test_me_returns_role_admin" time="0.250" /><testcase classname="tests.test_multiuser.TestAuthMe" name="test_me_returns_role_user_for_ahmet" time="0.824" /><testcase classname="tests.test_multiuser.TestChatRegression" name="test_new_chat_without_conversation_id" time="2.123" /><testcase classname="tests.test_multiuser.TestDataIsolation" name="test_task_isolation" time="1.174" /><testcase classname="tests.test_multiuser.TestDataIsolation" name="test_note_isolation" time="1.335" /><testcase classname="tests.test_multiuser.TestDataIsolation" name="test_conversation_isolation" time="3.735" /></testsuite></testsuites>