<?xml version="1.0" encoding="utf-8"?><testsuites name="pytest tests"><testsuite name="pytest" errors="0" failures="0" skipped="0" tests="10" time="2.171" timestamp="2026-07-24T09:08:04.417111+00:00" hostname="agent-env-d510770a-345e-4f38-8114-a160e96ce69c"><testcase classname="tests.test_stats_summary.TestStatsSummary" name="test_unauthorized_returns_401" time="0.151" /><testcase classname="tests.test_stats_summary.TestStatsSummary" name="test_admin_stats_shape_and_is_admin_scope" time="0.480" /><testcase classname="tests.test_stats_summary.TestStatsSummary" name="test_user_stats_shape_and_scope" time="0.388" /><testcase classname="tests.test_stats_summary.TestStatsSummary" name="test_admin_db_size_larger_than_user_db_size" time="0.171" /><testcase classname="tests.test_stats_summary.TestStatsSummary" name="test_personal_counts_differ_between_admin_and_user" time="0.156" /><testcase classname="tests.test_stats_summary.TestStatsSummary" name="test_task_active_semantics" time="0.309" /><testcase classname="tests.test_stats_summary.TestStorageQuota" name="test_admin_quota_system_wide_label_sistem" time="0.082" /><testcase classname="tests.test_stats_summary.TestStorageQuota" name="test_user_trial_quota_100mb" time="0.096" /><testcase classname="tests.test_stats_summary.TestStorageQuota" name="test_all_previous_keys_still_present" time="0.103" /><testcase classname="tests.test_stats_summary.TestStorageQuota" name="test_new_quota_keys_present_admin_and_user" time="0.166" /></testsuite></testsuites>