<?xml version="1.0" encoding="utf-8"?><testsuites name="pytest tests"><testsuite name="pytest" errors="0" failures="0" skipped="0" tests="6" time="2.200" timestamp="2026-07-24T08:20:34.515987+00:00" hostname="agent-env-d510770a-345e-4f38-8114-a160e96ce69c"><testcase classname="tests.test_stats_summary.TestStatsSummary" name="test_unauthorized_returns_401" time="0.269" /><testcase classname="tests.test_stats_summary.TestStatsSummary" name="test_admin_stats_shape_and_is_admin_scope" time="0.500" /><testcase classname="tests.test_stats_summary.TestStatsSummary" name="test_user_stats_shape_and_scope" time="0.404" /><testcase classname="tests.test_stats_summary.TestStatsSummary" name="test_admin_db_size_larger_than_user_db_size" time="0.174" /><testcase classname="tests.test_stats_summary.TestStatsSummary" name="test_personal_counts_differ_between_admin_and_user" time="0.185" /><testcase classname="tests.test_stats_summary.TestStatsSummary" name="test_task_active_semantics" time="0.359" /></testsuite></testsuites>