<?xml version="1.0" encoding="utf-8"?><testsuites name="pytest tests"><testsuite name="pytest" errors="0" failures="0" skipped="0" tests="20" time="6.945" timestamp="2026-07-24T15:05:20.835134+00:00" hostname="agent-env-fd549b7c-101a-4a19-89b4-f609b39ff9c1"><testcase classname="tests.test_permissions.TestRoleNormalization" name="test_legacy_user_becomes_employee_via_admin_users" time="0.239" /><testcase classname="tests.test_permissions.TestRoleNormalization" name="test_create_user_with_legacy_user_role_is_normalized" time="0.231" /><testcase classname="tests.test_permissions.TestRoleNormalization" name="test_create_user_with_manager_role" time="0.230" /><testcase classname="tests.test_permissions.TestRoleNormalization" name="test_create_user_invalid_role_rejected" time="0.002" /><testcase classname="tests.test_permissions.TestCompaniesCRUD" name="test_create_and_list_company_admin" time="0.009" /><testcase classname="tests.test_permissions.TestCompaniesCRUD" name="test_create_company_case_insensitive_dedup" time="0.008" /><testcase classname="tests.test_permissions.TestCompaniesCRUD" name="test_create_company_too_short_rejected" time="0.002" /><testcase classname="tests.test_permissions.TestCompaniesCRUD" name="test_non_admin_cannot_create_company" time="0.459" /><testcase classname="tests.test_permissions.TestCompaniesCRUD" name="test_update_company_syncs_users_company_name" time="0.254" /><testcase classname="tests.test_permissions.TestCompaniesCRUD" name="test_delete_company_with_members_blocked" time="0.245" /><testcase classname="tests.test_permissions.TestManagerVisibility" name="test_create_visibility_admin" time="0.479" /><testcase classname="tests.test_permissions.TestManagerVisibility" name="test_create_visibility_wrong_role_rejected" time="0.472" /><testcase classname="tests.test_permissions.TestManagerVisibility" name="test_non_admin_cannot_use_visibility_endpoints" time="0.461" /><testcase classname="tests.test_permissions.TestCompanyPermissions" name="test_grant_and_revoke_cross_company" time="0.020" /><testcase classname="tests.test_permissions.TestCompanyPermissions" name="test_self_reference_rejected" time="0.008" /><testcase classname="tests.test_permissions.TestCompanyPermissions" name="test_cascade_delete_company_removes_permissions" time="0.017" /><testcase classname="tests.test_permissions.TestTaskVisibility" name="test_full_scenario" time="2.337" /><testcase classname="tests.test_permissions.TestTaskEditPermissions" name="test_employee_cannot_patch_others_task_returns_404" time="0.930" /><testcase classname="tests.test_permissions.TestCompanyListScoping" name="test_employee_sees_only_own_company" time="0.473" /><testcase classname="tests.test_permissions" name="test_zzz_cleanup_final_state" time="0.014" /></testsuite></testsuites>