<?xml version="1.0" encoding="utf-8"?><testsuites name="pytest tests"><testsuite name="pytest" errors="0" failures="0" skipped="0" tests="52" time="23.505" timestamp="2026-07-24T17:06:36.175284+00:00" hostname="agent-env-fd549b7c-101a-4a19-89b4-f609b39ff9c1"><testcase classname="tests.test_permissions.TestRoleNormalization" name="test_legacy_user_becomes_employee_via_admin_users" time="0.404" /><testcase classname="tests.test_permissions.TestRoleNormalization" name="test_create_user_with_legacy_user_role_is_normalized" time="0.376" /><testcase classname="tests.test_permissions.TestRoleNormalization" name="test_create_user_with_manager_role" time="0.375" /><testcase classname="tests.test_permissions.TestRoleNormalization" name="test_create_user_invalid_role_rejected" time="0.067" /><testcase classname="tests.test_permissions.TestCompaniesCRUD" name="test_create_and_list_company_admin" time="0.226" /><testcase classname="tests.test_permissions.TestCompaniesCRUD" name="test_create_company_case_insensitive_dedup" time="0.210" /><testcase classname="tests.test_permissions.TestCompaniesCRUD" name="test_create_company_too_short_rejected" time="0.090" /><testcase classname="tests.test_permissions.TestCompaniesCRUD" name="test_non_admin_cannot_create_company" time="0.856" /><testcase classname="tests.test_permissions.TestCompaniesCRUD" name="test_update_company_syncs_users_company_name" time="0.706" /><testcase classname="tests.test_permissions.TestCompaniesCRUD" name="test_delete_company_with_members_blocked" time="0.666" /><testcase classname="tests.test_permissions.TestManagerVisibility" name="test_create_visibility_admin" time="1.200" /><testcase classname="tests.test_permissions.TestManagerVisibility" name="test_create_visibility_wrong_role_rejected" time="1.049" /><testcase classname="tests.test_permissions.TestManagerVisibility" name="test_non_admin_cannot_use_visibility_endpoints" time="0.841" /><testcase classname="tests.test_permissions.TestCompanyPermissions" name="test_grant_and_revoke_cross_company" time="0.539" /><testcase classname="tests.test_permissions.TestCompanyPermissions" name="test_self_reference_rejected" time="0.226" /><testcase classname="tests.test_permissions.TestCompanyPermissions" name="test_cascade_delete_company_removes_permissions" time="0.454" /><testcase classname="tests.test_permissions.TestTaskVisibility" name="test_full_scenario" time="4.740" /><testcase classname="tests.test_permissions.TestTaskEditPermissions" name="test_employee_cannot_patch_others_task_returns_404" time="1.823" /><testcase classname="tests.test_permissions.TestCompanyListScoping" name="test_employee_sees_only_own_company" time="1.137" /><testcase classname="tests.test_permissions" name="test_zzz_cleanup_final_state" time="0.155" /><testcase classname="tests.test_tasks.TestTasksAuth" name="test_list_requires_auth" time="0.091" /><testcase classname="tests.test_tasks.TestTasksAuth" name="test_create_requires_auth" time="0.041" /><testcase classname="tests.test_tasks.TestTasksAuth" name="test_patch_requires_auth" time="0.042" /><testcase classname="tests.test_tasks.TestTasksAuth" name="test_delete_requires_auth" time="0.042" /><testcase classname="tests.test_tasks.TestTasksList" name="test_list_returns_array" time="0.342" /><testcase classname="tests.test_tasks.TestTasksCreate" name="test_create_minimal" time="0.157" /><testcase classname="tests.test_tasks.TestTasksCreate" name="test_create_with_all_fields" time="0.157" /><testcase classname="tests.test_tasks.TestTasksPatchStatus" name="test_set_status_done" time="0.240" /><testcase classname="tests.test_tasks.TestTasksPatchStatus" name="test_set_status_paused" time="0.123" /><testcase classname="tests.test_tasks.TestTasksPatchStatus" name="test_set_status_pending" time="0.193" /><testcase classname="tests.test_tasks.TestTasksPatchStatus" name="test_invalid_status_returns_400" time="0.185" /><testcase classname="tests.test_tasks.TestTasksPatchStatus" name="test_patch_unknown_id_returns_404" time="0.082" /><testcase classname="tests.test_tasks.TestTasksPatchStatus" name="test_updated_at_changes" time="0.154" /><testcase classname="tests.test_tasks.TestTasksDelete" name="test_delete_task" time="0.127" /><testcase classname="tests.test_tasks.TestTasksDelete" name="test_delete_unknown_ok" time="0.039" /><testcase classname="tests.test_tasks.TestTasksOverdueSupport" name="test_create_task_with_past_due_date" time="0.082" /><testcase classname="tests.test_tasks.TestTasksOverdueStatus" name="test_set_status_overdue" time="0.224" /><testcase classname="tests.test_tasks.TestTasksReminder" name="test_create_task_includes_reminder_fields" time="0.160" /><testcase classname="tests.test_tasks.TestTasksReminder" name="test_create_with_reminder_at" time="0.158" /><testcase classname="tests.test_tasks.TestTasksReminder" name="test_patch_sets_reminder_and_resets_fired" time="0.275" /><testcase classname="tests.test_tasks.TestTasksReminder" name="test_patch_clears_reminder_with_null" time="0.313" /><testcase classname="tests.test_tasks.TestTasksReminder" name="test_patch_reminder_fired_true" time="0.278" /><testcase classname="tests.test_team_faz2.TestOverdueScanner" name="test_scan_creates_self_and_manager_notifications" time="1.353" /><testcase classname="tests.test_team_faz2.TestOverdueScanner" name="test_scan_is_idempotent" time="0.478" /><testcase classname="tests.test_team_faz2.TestOverdueScanner" name="test_scan_now_requires_admin" time="0.073" /><testcase classname="tests.test_team_faz2.TestNotificationEndpoints" name="test_unread_count_and_mark_read" time="0.507" /><testcase classname="tests.test_team_faz2.TestNotificationEndpoints" name="test_mark_read_rejects_foreign" time="0.380" /><testcase classname="tests.test_team_faz2.TestNotificationEndpoints" name="test_read_all" time="0.439" /><testcase classname="tests.test_team_faz2.TestHeatmap" name="test_heatmap_shape" time="0.086" /><testcase classname="tests.test_team_faz2.TestHeatmap" name="test_heatmap_counts_done_only" time="0.301" /><testcase classname="tests.test_team_faz2.TestHeatmap" name="test_employee_heatmap_empty" time="0.076" /><testcase classname="tests.test_team_faz2.TestHeatmap" name="test_admin_heatmap_contains_all" time="0.092" /></testsuite></testsuites>