<?xml version="1.0" encoding="utf-8"?><testsuites name="pytest tests"><testsuite name="pytest" errors="0" failures="1" skipped="2" tests="106" time="53.581" timestamp="2026-07-23T14:16:58.242849+00:00" hostname="agent-env-7c49d08f-be77-4404-99d1-eea4ef19378f"><testcase classname="tests.backend_test.TestProtection" name="test_gets_401_without_token" time="0.532" /><testcase classname="tests.test_memory_and_stt.TestMemoryCRUD" name="test_memory_requires_auth" time="0.799" /><testcase classname="tests.backend_test.TestProtection" name="test_gets_200_with_token" time="0.657" /><testcase classname="tests.test_memory_and_stt.TestMemoryCRUD" name="test_list_memories_empty_initially" time="0.077" /><testcase classname="tests.test_memory_and_stt.TestMemoryCRUD" name="test_create_memory_valid" time="0.075" /><testcase classname="tests.test_memory_and_stt.TestMemoryCRUD" name="test_get_memory_after_create" time="0.075" /><testcase classname="tests.test_memory_and_stt.TestMemoryCRUD" name="test_create_short_content_rejected" time="0.032" /><testcase classname="tests.test_memory_and_stt.TestMemoryCRUD" name="test_update_memory" time="0.094" /><testcase classname="tests.test_memory_and_stt.TestMemoryCRUD" name="test_delete_memory" time="0.112" /><testcase classname="tests.backend_test.TestProtection" name="test_chat_401_without_token" time="0.039" /><testcase classname="tests.backend_test.TestProtection" name="test_tts_401_without_token" time="0.097" /><testcase classname="tests.test_memory_and_stt.TestMemoryCRUD" name="test_bulk_delete" time="0.251" /><testcase classname="tests.backend_test.TestProtection" name="test_notes_post_401_without_token" time="0.081" /><testcase classname="tests.backend_test.TestProtection" name="test_reminders_post_401_without_token" time="0.042" /><testcase classname="tests.backend_test.TestProtection" name="test_conversation_messages_401_without_token" time="0.086" /><testcase classname="tests.backend_test.TestAuth" name="test_login_success_returns_jwt" time="0.387" /><testcase classname="tests.backend_test.TestProtection" name="test_conversation_delete_401_without_token" time="0.079" /><testcase classname="tests.backend_test.TestAuth" name="test_login_wrong_password" time="0.164" /><testcase classname="tests.backend_test.TestAuth" name="test_brute_force_lockout_3rd_attempt" time="0.267" /><testcase classname="tests.test_tasks.TestTasksPatchStatus" name="test_set_status_done" time="0.693" /><testcase classname="tests.backend_test.TestAuth" name="test_lockout_isolated_per_username" time="0.229" /><testcase classname="tests.test_tasks.TestTasksPatchStatus" name="test_set_status_paused" time="0.160" /><testcase classname="tests.test_tasks.TestTasksPatchStatus" name="test_set_status_pending" time="0.230" /><testcase classname="tests.backend_test.TestAuth" name="test_me_requires_token" time="0.075" /><testcase classname="tests.backend_test.TestAuth" name="test_me_with_valid_token" time="0.351" /><testcase classname="tests.test_tasks.TestTasksPatchStatus" name="test_invalid_status_returns_400" time="0.405" /><testcase classname="tests.backend_test.TestAuth" name="test_me_with_invalid_token" time="0.077" /><testcase classname="tests.test_tasks.TestTasksPatchStatus" name="test_patch_unknown_id_returns_404" time="0.037" /><testcase classname="tests.test_tasks.TestTasksPatchStatus" name="test_updated_at_changes" time="0.315" /><testcase classname="tests.test_rag.TestRagChat" name="test_upload_for_chat" time="4.013" /><testcase classname="tests.test_rag.TestRegression" name="test_files_list" time="0.839" /><testcase classname="tests.test_rag.TestRegression" name="test_notes_still_work" time="0.130" /><testcase classname="tests.test_rag.TestRegression" name="test_memory_still_works" time="0.080" /><testcase classname="tests.test_rag.TestRegression" name="test_tasks_still_work" time="0.043" /><testcase classname="tests.test_rag.TestRegression" name="test_tts_still_works" time="1.492" /><testcase classname="tests.test_files.TestRegression" name="test_chat_still_works" time="3.594" /><testcase classname="tests.test_rag.TestRagChat" name="test_chat_returns_sources_with_file" time="2.382" /><testcase classname="tests.test_rag.TestRagChat" name="test_offtopic_returns_empty_sources" time="4.958" /><testcase classname="tests.test_files.TestRegression" name="test_memory_list_works" time="0.082" /><testcase classname="tests.test_files.TestRegression" name="test_tasks_list_works" time="0.078" /><testcase classname="tests.test_files.TestRegression" name="test_notes_list_works" time="0.089" /><testcase classname="tests.test_files.TestRegression" name="test_auth_me_works" time="0.101" /><testcase classname="tests.test_tasks.TestTasksReminder" name="test_create_task_includes_reminder_fields" time="0.422" /><testcase classname="tests.test_tasks.TestTasksReminder" name="test_create_with_reminder_at" time="0.083" /><testcase classname="tests.test_tasks.TestTasksReminder" name="test_patch_sets_reminder_and_resets_fired" time="0.157" /><testcase classname="tests.test_tasks.TestTasksReminder" name="test_patch_clears_reminder_with_null" time="0.228" /><testcase classname="tests.test_tasks.TestTasksReminder" name="test_patch_reminder_fired_true" time="0.217" /><testcase classname="tests.backend_test.TestRemindersRemoved" name="test_reminders_get_removed" time="0.438" /><testcase classname="tests.backend_test.TestRemindersRemoved" name="test_reminders_post_removed" time="0.071" /><testcase classname="tests.backend_test.TestRemindersRemoved" name="test_reminders_patch_removed" time="0.040" /><testcase classname="tests.backend_test.TestRemindersRemoved" name="test_reminders_delete_removed" time="0.037" /><testcase classname="tests.test_files.TestUploads" name="test_txt_uploaded" time="0.828" /><testcase classname="tests.test_files.TestUploads" name="test_pdf_uploaded" time="0.703" /><testcase classname="tests.test_files.TestUploads" name="test_csv_uploaded" time="0.487" /><testcase classname="tests.test_rag.TestRagChat" name="test_manual_memory_skips_rag" time="0.154" /><testcase classname="tests.test_rag.TestRagChat" name="test_cleanup_chat_file" time="0.038" /><testcase classname="tests.test_tasks.TestTasksAuth" name="test_list_requires_auth" time="0.091" /><testcase classname="tests.test_tasks.TestTasksAuth" name="test_create_requires_auth" time="0.036" /><testcase classname="tests.test_tasks.TestTasksAuth" name="test_patch_requires_auth" time="0.078" /><testcase classname="tests.test_tasks.TestTasksAuth" name="test_delete_requires_auth" time="0.036" /><testcase classname="tests.test_memory_and_stt.TestChatMemoryTriggers" name="test_manual_trigger_short_circuits_llm" time="0.563" /><testcase classname="tests.test_memory_and_stt.TestChatMemoryTriggers" name="test_forget_trigger" time="0.070" /><testcase classname="tests.test_memory_and_stt.TestChatMemoryTriggers" name="test_prompt_injection_favori_renk" time="1.619" /><testcase classname="tests.test_memory_and_stt.TestChatMemoryTriggers" name="test_auto_extract_from_chat" time="5.468" /><testcase classname="tests.test_files.TestUploads" name="test_png_uploaded_via_vision" time="5.565" /><testcase classname="tests.test_files.TestValidation" name="test_unsupported_extension_returns_400" time="0.139" /><testcase classname="tests.test_files.TestValidation" name="test_over_size_limit_returns_400" time="1.238" /><testcase classname="tests.test_files.TestValidation" name="test_empty_file_returns_400" time="0.074" /><testcase classname="tests.test_files.TestValidation" name="test_unauthenticated_denied" time="0.089" /><testcase classname="tests.backend_test.TestChat" name="test_chat_first_message_tr" time="2.535" /><testcase classname="tests.test_rag.TestUploadAutoIndex" name="test_upload_text_indexes_automatically" time="1.879" /><testcase classname="tests.backend_test.TestChat" name="test_get_messages_with_auth" time="0.042" /><testcase classname="tests.backend_test.TestChat" name="test_delete_conversation_with_auth" time="0.037" /><testcase classname="tests.test_rag.TestHealth" name="test_api_health_public" time="0.082" /><testcase classname="tests.test_rag.TestHealth" name="test_bare_health_public" time="0.090"><skipped type="pytest.skip" message="Ingress routes /health to frontend SPA. /api/health works correctly.">/app/backend/tests/test_rag.py:148: Ingress routes /health to frontend SPA. /api/health works correctly.</skipped></testcase><testcase classname="tests.test_rag.TestRagStatus" name="test_rag_status_shape" time="0.379" /><testcase classname="tests.test_rag.TestRagStatus" name="test_rag_status_requires_auth" time="0.076" /><testcase classname="tests.backend_test.TestAccountChanges" name="test_change_password_full_cycle" time="3.584" /><testcase classname="tests.test_rag.TestUploadAutoIndex" name="test_delete_purges_chunks" time="1.949" /><testcase classname="tests.test_rag.TestUploadAutoIndex" name="test_empty_extraction_marks_empty" time="0.942" /><testcase classname="tests.backend_test.TestAccountChanges" name="test_change_username_full_cycle" time="2.024" /><testcase classname="tests.test_files.TestAsk" name="test_ask_grounded" time="2.527" /><testcase classname="tests.test_files.TestListAndGet" name="test_list_scoped_and_strips_text" time="0.112" /><testcase classname="tests.test_files.TestListAndGet" name="test_get_single_returns_full_text" time="0.098" /><testcase classname="tests.test_files.TestAsk" name="test_ask_short_question_400" time="0.299" /><testcase classname="tests.test_tasks.TestTasksCreate" name="test_create_minimal" time="0.682" /><testcase classname="tests.test_tasks.TestTasksCreate" name="test_create_with_all_fields" time="0.318" /><testcase classname="tests.test_files.TestIsolation" name="test_user2_cannot_see_user1_files" time="1.366" /><testcase classname="tests.test_tasks.TestTasksDelete" name="test_delete_task" time="0.120" /><testcase classname="tests.test_tasks.TestTasksDelete" name="test_delete_unknown_ok" time="0.036" /><testcase classname="tests.test_rag.TestReindexAll" name="test_reindex_all_returns_schedule" time="0.468" /><testcase classname="tests.test_rag.TestPerFileReindex" name="test_reindex_file" time="4.177" /><testcase classname="tests.test_files.TestIsolation" name="test_user2_can_upload_own_file" time="0.718" /><testcase classname="tests.test_memory_and_stt.TestWhisperSTT" name="test_whisper_401_without_auth" time="0.492" /><testcase classname="tests.test_memory_and_stt.TestWhisperSTT" name="test_whisper_tts_roundtrip" time="2.516" /><testcase classname="tests.backend_test.TestTTS" name="test_tts_returns_mp3" time="2.526" /><testcase classname="tests.backend_test.TestNotes" name="test_note_crud" time="1.025" /><testcase classname="tests.test_rag.TestRagIsolation" name="test_ahmet_cannot_see_admin_content" time="16.801" /><testcase classname="tests.backend_test.TestReminders" name="test_reminder_flow" time="0.002"><skipped type="pytest.skip" message="/api/reminders endpoints removed by design; migrated to /api/tasks">/app/backend/tests/backend_test.py:300: /api/reminders endpoints removed by design; migrated to /api/tasks</skipped></testcase><testcase classname="tests.test_files.TestSummarize" name="test_summarize_txt_and_cache" time="2.475" /><testcase classname="tests.test_files.TestDelete" name="test_delete_and_404_thereafter" time="1.258" /><testcase classname="tests.test_tasks.TestTasksList" name="test_list_returns_array" time="2.451" /><testcase classname="tests.test_tasks.TestTasksOverdueSupport" name="test_create_task_with_past_due_date" time="0.148" /><testcase classname="tests.test_tasks.TestTasksOverdueStatus" name="test_set_status_overdue" time="0.316" /><testcase classname="tests.backend_test.TestHealth" name="test_root_public" time="0.106" /><testcase classname="tests.backend_test.TestWeather" name="test_weather_with_auth" time="0.592"><failure message="AssertionError: assert 'İstanbul' == 'Istanbul'&#10;  &#10;  - Istanbul&#10;  ? ^&#10;  + İstanbul&#10;  ? ^">tests/backend_test.py:334: in test_weather_with_auth
    assert data["city"] == "Istanbul"
E   AssertionError: assert 'İstanbul' == 'Istanbul'
E     
E     - Istanbul
E     ? ^
E     + İstanbul
E     ? ^</failure></testcase></testsuite></testsuites>