<?xml version="1.0" encoding="utf-8"?><testsuites name="pytest tests"><testsuite name="pytest" errors="0" failures="0" skipped="0" tests="17" time="5.090" timestamp="2026-07-24T09:24:21.057598+00:00" hostname="agent-env-d510770a-345e-4f38-8114-a160e96ce69c"><testcase classname="tests.test_admin_user_quota.TestCreateUserWithQuota" name="test_create_user_with_custom_quota_mb" time="0.946" /><testcase classname="tests.test_admin_user_quota.TestCreateUserWithQuota" name="test_create_user_without_quota_field_omits_it" time="0.463" /><testcase classname="tests.test_admin_user_quota.TestCreateUserWithQuota" name="test_create_user_with_custom_quota_mb_null_omits" time="0.383" /><testcase classname="tests.test_admin_user_quota.TestCreateUserWithQuota" name="test_create_user_quota_negative_rejected_422" time="0.077" /><testcase classname="tests.test_admin_user_quota.TestCreateUserWithQuota" name="test_create_user_quota_above_max_rejected_422" time="0.065" /><testcase classname="tests.test_admin_user_quota.TestCreateUserWithQuota" name="test_create_user_quota_zero_rejected_by_create" time="0.116" /><testcase classname="tests.test_admin_user_quota.TestCreateUserWithQuota" name="test_non_admin_cannot_create_403" time="0.419" /><testcase classname="tests.test_admin_user_quota.TestPatchUserQuota" name="test_set_quota_5120_on_ahmet" time="0.155" /><testcase classname="tests.test_admin_user_quota.TestPatchUserQuota" name="test_zero_unsets_field" time="0.255" /><testcase classname="tests.test_admin_user_quota.TestPatchUserQuota" name="test_absent_field_preserves_value" time="0.336" /><testcase classname="tests.test_admin_user_quota.TestPatchUserQuota" name="test_patch_quota_negative_rejected" time="0.077" /><testcase classname="tests.test_admin_user_quota.TestPatchUserQuota" name="test_patch_quota_above_max_rejected" time="0.076" /><testcase classname="tests.test_admin_user_quota.TestPatchUserQuota" name="test_non_admin_cannot_patch" time="0.072" /><testcase classname="tests.test_admin_user_quota.TestListUsersExposesQuota" name="test_list_users_shows_custom_quota_mb_when_set" time="0.249" /><testcase classname="tests.test_admin_user_quota.TestStatsSummaryPriorityChain" name="test_override_wins_over_trial" time="0.236" /><testcase classname="tests.test_admin_user_quota.TestStatsSummaryPriorityChain" name="test_after_unset_returns_to_trial_default" time="0.158" /><testcase classname="tests.test_admin_user_quota.TestStatsSummaryPriorityChain" name="test_new_user_with_override_uses_override_immediately" time="0.951" /></testsuite></testsuites>