<?xml version="1.0" encoding="utf-8"?><testsuites name="pytest tests"><testsuite name="pytest" errors="0" failures="0" skipped="0" tests="34" time="122.174" timestamp="2026-07-23T13:52:15.463406+00:00" hostname="agent-env-7c49d08f-be77-4404-99d1-eea4ef19378f"><testcase classname="tests.test_excel.TestRegression" name="test_health" time="0.339" /><testcase classname="tests.test_excel.TestRegression" name="test_files_list" time="0.808" /><testcase classname="tests.test_excel.TestExcelChartData" name="test_chart_data_requires_auth" time="1.202" /><testcase classname="tests.test_excel.TestRegression" name="test_memory_list" time="0.132" /><testcase classname="tests.test_excel.TestRegression" name="test_tasks_list" time="0.252" /><testcase classname="tests.test_excel.TestRegression" name="test_notes_list" time="0.114" /><testcase classname="tests.test_excel.TestExcelChartData" name="test_chart_data_other_user_404" time="0.486" /><testcase classname="tests.test_excel.TestRegression" name="test_auth_me" time="0.118" /><testcase classname="tests.test_excel.TestExcelChartData" name="test_ay_toplam_sum_desc" time="11.300" /><testcase classname="tests.test_excel.TestExcelAuth" name="test_analyze_requires_auth" time="0.827" /><testcase classname="tests.test_excel.TestExcelAuth" name="test_formula_requires_auth" time="0.083" /><testcase classname="tests.test_excel.TestExcelAuth" name="test_query_requires_auth" time="0.110" /><testcase classname="tests.test_excel.TestExcelAuth" name="test_pivot_requires_auth" time="0.094" /><testcase classname="tests.test_excel.TestExcelAuth" name="test_charts_requires_auth" time="0.105" /><testcase classname="tests.test_excel.TestExcelIsolation" name="test_other_user_gets_404" time="0.426" /><testcase classname="tests.test_excel.TestExcelIsolation" name="test_bogus_file_id_404" time="0.082" /><testcase classname="tests.test_excel.TestExcelFormula" name="test_formula_toplam_sum" time="1.876" /><testcase classname="tests.test_excel.TestExcelFormula" name="test_formula_short_task_400" time="0.138" /><testcase classname="tests.test_excel.TestExcelPivot" name="test_pivot_ay_by_kategori" time="1.840" /><testcase classname="tests.test_excel.TestExcelPivot" name="test_pivot_short_task_400" time="0.195" /><testcase classname="tests.test_excel.TestExcelCategoryGuard" name="test_txt_file_rejected_400" time="0.675" /><testcase classname="tests.test_excel.TestExcelAnalyze" name="test_analyze_returns_schema_and_insight" time="10.704" /><testcase classname="tests.test_excel.TestExcelChartData" name="test_kategori_adet_sum" time="11.486" /><testcase classname="tests.test_excel.TestExcelQuery" name="test_query_highest_month" time="2.618" /><testcase classname="tests.test_excel.TestExcelCharts" name="test_charts_3_to_5" time="7.793" /><testcase classname="tests.test_excel.TestExcelChartData" name="test_kategori_birim_fiyat_mean" time="11.908" /><testcase classname="tests.test_excel.TestExcelChartData" name="test_y_omitted_returns_count" time="15.078" /><testcase classname="tests.test_excel.TestExcelChartData" name="test_missing_sheet_400" time="0.334" /><testcase classname="tests.test_excel.TestExcelChartData" name="test_missing_x_column_400" time="11.528" /><testcase classname="tests.test_excel.TestExcelChartData" name="test_missing_y_column_400" time="10.520" /><testcase classname="tests.test_excel.TestExcelChartData" name="test_non_numeric_y_falls_back_to_count" time="11.245" /><testcase classname="tests.test_excel.TestExcelChartData" name="test_limit_clamped_to_1" time="11.769" /><testcase classname="tests.test_excel.TestExcelChartData" name="test_limit_clamped_upper_bound" time="12.533" /><testcase classname="tests.test_excel.TestExcelChartData" name="test_agg_alias_avg_mean" time="12.040" /></testsuite></testsuites>