<?xml version="1.0" encoding="utf-8"?><testsuites name="pytest tests"><testsuite name="pytest" errors="0" failures="0" skipped="0" tests="7" time="3.720" timestamp="2026-09-03T19:14:24.650165+00:00" hostname="agent-env-86ba77ad-9d81-45b0-8733-0b762e1a88ae"><testcase classname="tests.test_task_templates" name="test_create_list_get" time="0.941" /><testcase classname="tests.test_task_templates" name="test_update" time="0.162" /><testcase classname="tests.test_task_templates" name="test_short_name_rejected" time="0.045" /><testcase classname="tests.test_task_templates" name="test_unknown_template_404" time="0.078" /><testcase classname="tests.test_task_templates" name="test_instantiate_creates_task" time="0.120" /><testcase classname="tests.test_task_templates" name="test_template_attachment_and_instantiate_copy" time="1.395" /><testcase classname="tests.test_task_templates" name="test_delete_template" time="0.627" /></testsuite></testsuites>