<?xml version="1.0" encoding="utf-8"?><testsuites name="pytest tests"><testsuite name="pytest" errors="0" failures="1" skipped="0" tests="5" time="5.539" timestamp="2026-08-21T10:50:40.737599+00:00" hostname="agent-env-5b4d138b-7355-4a96-840c-a6307d47edb0"><testcase classname="tests.test_super_admin_extended" name="test_extra_super_only_endpoints" time="2.051" /><testcase classname="tests.test_super_admin_extended" name="test_owner_can_list_super_admins" time="0.077"><failure message="AssertionError: assert False&#10; +  where False = isinstance({'super_admins': [{'id': '703a4b50-da79-418d-8d70-ee6b3071ae1b', 'username': 'serkan', 'is_owner': True, 'role': 'super_admin', ...}]}, list)">backend/tests/test_super_admin_extended.py:91: in test_owner_can_list_super_admins
    assert isinstance(data, list)
E   AssertionError: assert False
E    +  where False = isinstance({'super_admins': [{'id': '703a4b50-da79-418d-8d70-ee6b3071ae1b', 'username': 'serkan', 'is_owner': True, 'role': 'super_admin', ...}]}, list)</failure></testcase><testcase classname="tests.test_super_admin_extended" name="test_view_company_tasks_cap_toggles_team_visibility" time="0.887" /><testcase classname="tests.test_super_admin_extended" name="test_extra_company_ids_extends_admin_scope" time="0.938" /><testcase classname="tests.test_super_admin_extended" name="test_non_owner_super_cannot_promote" time="1.471" /></testsuite></testsuites>