<?xml version="1.0" encoding="utf-8"?><testsuites name="pytest tests"><testsuite name="pytest" errors="0" failures="1" skipped="0" tests="4" time="2.249" timestamp="2026-07-31T15:02:56.764206+00:00" hostname="agent-env-482622d7-3b19-47d4-876b-4e88138faee8"><testcase classname="tests.test_category_order_and_task_reassign" name="test_get_category_order" time="0.542" /><testcase classname="tests.test_category_order_and_task_reassign" name="test_put_category_order_persists" time="0.352" /><testcase classname="tests.test_category_order_and_task_reassign" name="test_task_category_patch_and_clear" time="0.590" /><testcase classname="tests.test_category_order_and_task_reassign" name="test_tasks_reorder_regression" time="0.389"><failure message="AssertionError: reorder failed: 422 {&quot;detail&quot;:[{&quot;type&quot;:&quot;missing&quot;,&quot;loc&quot;:[&quot;body&quot;,&quot;ids&quot;],&quot;msg&quot;:&quot;Field required&quot;,&quot;input&quot;:{&quot;order&quot;:[&quot;549c3ba0-d536-48b7-adfe-7503e6b0afb0&quot;,&quot;b02a4348-98cc-4286-9cb9-831274da5a04&quot;,&quot;eea23cc1-b8e2-4d9e-9633-2dd2d9ac8984&quot;]},&quot;url&quot;:&quot;https://errors.pydantic.dev/2.13/v/missing&quot;}]}&#10;assert 422 in (200, 204)&#10; +  where 422 = &lt;Response [422]&gt;.status_code">backend/tests/test_category_order_and_task_reassign.py:111: in test_tasks_reorder_regression
    assert r2.status_code in (200, 204), f"reorder failed: {r2.status_code} {r2.text}"
E   AssertionError: reorder failed: 422 {"detail":[{"type":"missing","loc":["body","ids"],"msg":"Field required","input":{"order":["549c3ba0-d536-48b7-adfe-7503e6b0afb0","b02a4348-98cc-4286-9cb9-831274da5a04","eea23cc1-b8e2-4d9e-9633-2dd2d9ac8984"]},"url":"https://errors.pydantic.dev/2.13/v/missing"}]}
E   assert 422 in (200, 204)
E    +  where 422 = &lt;Response [422]&gt;.status_code</failure></testcase></testsuite></testsuites>