<?xml version="1.0" encoding="utf-8"?><testsuites name="pytest tests"><testsuite name="pytest" errors="12" failures="3" skipped="1" tests="78" time="24.528" timestamp="2026-07-20T15:00:39.883859+00:00" hostname="agent-env-0be8c9f7-6fac-4072-97ee-e8f0702cb100"><testcase classname="tests.backend_test.TestAuth" name="test_login_success_returns_jwt" time="0.332"><failure message="AssertionError: {&quot;detail&quot;:&quot;Kullanıcı adı veya şifre hatalı&quot;}&#10;assert 401 == 200&#10; +  where 401 = &lt;Response [401]&gt;.status_code">E   AssertionError: {"detail":"Kullanıcı adı veya şifre hatalı"}
    assert 401 == 200
     +  where 401 = &lt;Response [401]&gt;.status_code</failure></testcase><testcase classname="tests.backend_test.TestProtection" name="test_gets_401_without_token" time="0.484" /><testcase classname="tests.backend_test.TestAuth" name="test_login_wrong_password" time="0.076" /><testcase classname="tests.backend_test.TestAuth" name="test_brute_force_lockout_3rd_attempt" time="0.182" /><testcase classname="tests.backend_test.TestProtection" name="test_gets_200_with_token" time="0.084"><error message="failed on setup with &quot;AssertionError: Login failed: 401 {&quot;detail&quot;:&quot;Kullanıcı adı veya şifre hatalı&quot;}&#10;assert 401 == 200&#10; +  where 401 = &lt;Response [401]&gt;.status_code&quot;">E   AssertionError: Login failed: 401 {"detail":"Kullanıcı adı veya şifre hatalı"}
    assert 401 == 200
     +  where 401 = &lt;Response [401]&gt;.status_code</error></testcase><testcase classname="tests.backend_test.TestProtection" name="test_chat_401_without_token" time="0.054" /><testcase classname="tests.backend_test.TestAuth" name="test_lockout_isolated_per_username" time="0.229" /><testcase classname="tests.backend_test.TestProtection" name="test_tts_401_without_token" time="0.040" /><testcase classname="tests.backend_test.TestProtection" name="test_notes_post_401_without_token" time="0.075" /><testcase classname="tests.backend_test.TestProtection" name="test_reminders_post_401_without_token" time="0.042" /><testcase classname="tests.backend_test.TestProtection" name="test_conversation_messages_401_without_token" time="0.039" /><testcase classname="tests.backend_test.TestAuth" name="test_me_requires_token" time="0.036" /><testcase classname="tests.backend_test.TestProtection" name="test_conversation_delete_401_without_token" time="0.038" /><testcase classname="tests.backend_test.TestAuth" name="test_me_with_valid_token" time="0.043"><error message="failed on setup with &quot;AssertionError: Login failed: 429 {&quot;detail&quot;:&quot;3 hatalı deneme. 5 dakika kilitlendi.&quot;}&#10;assert 429 == 200&#10; +  where 429 = &lt;Response [429]&gt;.status_code&quot;">E   AssertionError: Login failed: 429 {"detail":"3 hatalı deneme. 5 dakika kilitlendi."}
    assert 429 == 200
     +  where 429 = &lt;Response [429]&gt;.status_code</error></testcase><testcase classname="tests.backend_test.TestAuth" name="test_me_with_invalid_token" time="0.261" /><testcase classname="tests.test_multiuser.TestAdminCreateUser" name="test_create_ahmet_and_login" time="1.115" /><testcase classname="tests.test_tasks.TestTasksPatchStatus" name="test_set_status_done" time="0.940" /><testcase classname="tests.test_tasks.TestTasksPatchStatus" name="test_set_status_paused" time="0.399" /><testcase classname="tests.test_tasks.TestTasksPatchStatus" name="test_set_status_pending" time="0.385" /><testcase classname="tests.test_multiuser.TestAdminCreateUser" name="test_create_duplicate_username_400" time="0.416" /><testcase classname="tests.test_tasks.TestTasksPatchStatus" name="test_invalid_status_returns_400" time="0.262" /><testcase classname="tests.test_multiuser.TestAdminCreateUser" name="test_create_short_password_400" time="0.087" /><testcase classname="tests.test_multiuser.TestAdminCreateUser" name="test_create_short_username_400" time="0.038" /><testcase classname="tests.test_multiuser.TestAdminCreateUser" name="test_create_invalid_role_400" time="0.037" /><testcase classname="tests.test_tasks.TestTasksPatchStatus" name="test_patch_unknown_id_returns_404" time="0.050" /><testcase classname="tests.test_tasks.TestTasksPatchStatus" name="test_updated_at_changes" time="0.541" /><testcase classname="tests.test_multiuser.TestAdminPatchUser" name="test_password_reset_flow" time="1.346" /><testcase classname="tests.test_tasks.TestTasksReminder" name="test_create_task_includes_reminder_fields" time="0.346" /><testcase classname="tests.test_tasks.TestTasksReminder" name="test_create_with_reminder_at" time="0.333" /><testcase classname="tests.test_tasks.TestTasksReminder" name="test_patch_sets_reminder_and_resets_fired" time="0.506" /><testcase classname="tests.test_multiuser.TestAdminPatchUser" name="test_short_password_reset_400" time="0.454" /><testcase classname="tests.test_tasks.TestTasksReminder" name="test_patch_clears_reminder_with_null" time="0.396" /><testcase classname="tests.test_multiuser.TestAdminPatchUser" name="test_promote_and_demote_role" time="0.482" /><testcase classname="tests.test_tasks.TestTasksReminder" name="test_patch_reminder_fired_true" time="0.330" /><testcase classname="tests.test_multiuser.TestAdminPatchUser" name="test_cannot_demote_last_admin" time="0.168" /><testcase classname="tests.test_multiuser.TestAdminPatchUser" name="test_patch_nonexistent_user_404" time="0.080" /><testcase classname="tests.backend_test.TestRemindersRemoved" name="test_reminders_get_removed" time="0.301"><error message="failed on setup with &quot;AssertionError: Login failed: 429 {&quot;detail&quot;:&quot;Çok fazla başarısız deneme. 4dk 55sn sonra tekrar deneyin.&quot;}&#10;assert 429 == 200&#10; +  where 429 = &lt;Response [429]&gt;.status_code&quot;">E   AssertionError: Login failed: 429 {"detail":"Çok fazla başarısız deneme. 4dk 55sn sonra tekrar deneyin."}
    assert 429 == 200
     +  where 429 = &lt;Response [429]&gt;.status_code</error></testcase><testcase classname="tests.backend_test.TestRemindersRemoved" name="test_reminders_post_removed" time="0.000"><error message="failed on setup with &quot;AssertionError: Login failed: 429 {&quot;detail&quot;:&quot;Çok fazla başarısız deneme. 4dk 55sn sonra tekrar deneyin.&quot;}&#10;assert 429 == 200&#10; +  where 429 = &lt;Response [429]&gt;.status_code&quot;">E   AssertionError: Login failed: 429 {"detail":"Çok fazla başarısız deneme. 4dk 55sn sonra tekrar deneyin."}
    assert 429 == 200
     +  where 429 = &lt;Response [429]&gt;.status_code</error></testcase><testcase classname="tests.backend_test.TestRemindersRemoved" name="test_reminders_patch_removed" time="0.000"><error message="failed on setup with &quot;AssertionError: Login failed: 429 {&quot;detail&quot;:&quot;Çok fazla başarısız deneme. 4dk 55sn sonra tekrar deneyin.&quot;}&#10;assert 429 == 200&#10; +  where 429 = &lt;Response [429]&gt;.status_code&quot;">E   AssertionError: Login failed: 429 {"detail":"Çok fazla başarısız deneme. 4dk 55sn sonra tekrar deneyin."}
    assert 429 == 200
     +  where 429 = &lt;Response [429]&gt;.status_code</error></testcase><testcase classname="tests.backend_test.TestRemindersRemoved" name="test_reminders_delete_removed" time="0.000"><error message="failed on setup with &quot;AssertionError: Login failed: 429 {&quot;detail&quot;:&quot;Çok fazla başarısız deneme. 4dk 55sn sonra tekrar deneyin.&quot;}&#10;assert 429 == 200&#10; +  where 429 = &lt;Response [429]&gt;.status_code&quot;">E   AssertionError: Login failed: 429 {"detail":"Çok fazla başarısız deneme. 4dk 55sn sonra tekrar deneyin."}
    assert 429 == 200
     +  where 429 = &lt;Response [429]&gt;.status_code</error></testcase><testcase classname="tests.test_multiuser.TestRemindersRemoved" name="test_reminders_get_404" time="0.570" /><testcase classname="tests.test_multiuser.TestAdminAuthorization" name="test_admin_list_users_forbidden_for_non_admin" time="1.012" /><testcase classname="tests.test_multiuser.TestRemindersRemoved" name="test_reminders_post_404" time="0.076" /><testcase classname="tests.test_multiuser.TestRemindersRemoved" name="test_reminders_patch_404" time="0.078" /><testcase classname="tests.test_multiuser.TestRemindersRemoved" name="test_reminders_delete_404" time="0.077" /><testcase classname="tests.test_multiuser.TestAdminAuthorization" name="test_admin_list_users_ok_for_admin" time="0.038" /><testcase classname="tests.test_tasks.TestTasksAuth" name="test_list_requires_auth" time="0.256" /><testcase classname="tests.test_tasks.TestTasksAuth" name="test_create_requires_auth" time="0.667" /><testcase classname="tests.test_multiuser.TestAdminAuthorization" name="test_admin_create_user_forbidden_for_non_admin" time="0.752" /><testcase classname="tests.test_tasks.TestTasksAuth" name="test_patch_requires_auth" time="0.073" /><testcase classname="tests.test_tasks.TestTasksAuth" name="test_delete_requires_auth" time="0.075" /><testcase classname="tests.test_multiuser.TestAdminAuthorization" name="test_admin_delete_user_forbidden_for_non_admin" time="0.958" /><testcase classname="tests.test_multiuser.TestAdminDeleteUser" name="test_cannot_delete_self" time="0.720" /><testcase classname="tests.test_multiuser.TestAdminDeleteUser" name="test_cannot_delete_last_admin" time="0.143" /><testcase classname="tests.backend_test.TestChat" name="test_chat_first_message_tr" time="0.197"><error message="failed on setup with &quot;AssertionError: Login failed: 429 {&quot;detail&quot;:&quot;Çok fazla başarısız deneme. 4dk 52sn sonra tekrar deneyin.&quot;}&#10;assert 429 == 200&#10; +  where 429 = &lt;Response [429]&gt;.status_code&quot;">E   AssertionError: Login failed: 429 {"detail":"Çok fazla başarısız deneme. 4dk 52sn sonra tekrar deneyin."}
    assert 429 == 200
     +  where 429 = &lt;Response [429]&gt;.status_code</error></testcase><testcase classname="tests.backend_test.TestChat" name="test_get_messages_with_auth" time="0.000"><error message="failed on setup with &quot;AssertionError: Login failed: 429 {&quot;detail&quot;:&quot;Çok fazla başarısız deneme. 4dk 52sn sonra tekrar deneyin.&quot;}&#10;assert 429 == 200&#10; +  where 429 = &lt;Response [429]&gt;.status_code&quot;">E   AssertionError: Login failed: 429 {"detail":"Çok fazla başarısız deneme. 4dk 52sn sonra tekrar deneyin."}
    assert 429 == 200
     +  where 429 = &lt;Response [429]&gt;.status_code</error></testcase><testcase classname="tests.backend_test.TestChat" name="test_delete_conversation_with_auth" time="0.000"><error message="failed on setup with &quot;AssertionError: Login failed: 429 {&quot;detail&quot;:&quot;Çok fazla başarısız deneme. 4dk 52sn sonra tekrar deneyin.&quot;}&#10;assert 429 == 200&#10; +  where 429 = &lt;Response [429]&gt;.status_code&quot;">E   AssertionError: Login failed: 429 {"detail":"Çok fazla başarısız deneme. 4dk 52sn sonra tekrar deneyin."}
    assert 429 == 200
     +  where 429 = &lt;Response [429]&gt;.status_code</error></testcase><testcase classname="tests.backend_test.TestAccountChanges" name="test_change_password_full_cycle" time="0.037"><failure message="assert 429 == 200&#10; +  where 429 = &lt;Response [429]&gt;.status_code">E   assert 429 == 200
     +  where 429 = &lt;Response [429]&gt;.status_code</failure></testcase><testcase classname="tests.backend_test.TestAccountChanges" name="test_change_username_full_cycle" time="0.039"><failure message="assert 429 == 200&#10; +  where 429 = &lt;Response [429]&gt;.status_code">E   assert 429 == 200
     +  where 429 = &lt;Response [429]&gt;.status_code</failure></testcase><testcase classname="tests.test_multiuser.TestAdminDeleteUser" name="test_delete_user_cascades" time="3.799" /><testcase classname="tests.test_multiuser.TestAuthMe" name="test_me_returns_role_admin" time="0.751" /><testcase classname="tests.test_multiuser.TestAuthMe" name="test_me_returns_role_user_for_ahmet" time="0.749" /><testcase classname="tests.test_tasks.TestTasksCreate" name="test_create_minimal" time="0.463" /><testcase classname="tests.test_tasks.TestTasksCreate" name="test_create_with_all_fields" time="0.156" /><testcase classname="tests.test_tasks.TestTasksDelete" name="test_delete_task" time="0.116" /><testcase classname="tests.test_tasks.TestTasksDelete" name="test_delete_unknown_ok" time="0.046" /><testcase classname="tests.backend_test.TestHealth" name="test_root_public" time="0.124" /><testcase classname="tests.backend_test.TestTTS" name="test_tts_returns_mp3" time="0.055"><error message="failed on setup with &quot;AssertionError: Login failed: 429 {&quot;detail&quot;:&quot;Çok fazla başarısız deneme. 4dk 49sn sonra tekrar deneyin.&quot;}&#10;assert 429 == 200&#10; +  where 429 = &lt;Response [429]&gt;.status_code&quot;">E   AssertionError: Login failed: 429 {"detail":"Çok fazla başarısız deneme. 4dk 49sn sonra tekrar deneyin."}
    assert 429 == 200
     +  where 429 = &lt;Response [429]&gt;.status_code</error></testcase><testcase classname="tests.backend_test.TestNotes" name="test_note_crud" time="0.000"><error message="failed on setup with &quot;AssertionError: Login failed: 429 {&quot;detail&quot;:&quot;Çok fazla başarısız deneme. 4dk 49sn sonra tekrar deneyin.&quot;}&#10;assert 429 == 200&#10; +  where 429 = &lt;Response [429]&gt;.status_code&quot;">E   AssertionError: Login failed: 429 {"detail":"Çok fazla başarısız deneme. 4dk 49sn sonra tekrar deneyin."}
    assert 429 == 200
     +  where 429 = &lt;Response [429]&gt;.status_code</error></testcase><testcase classname="tests.backend_test.TestReminders" name="test_reminder_flow" time="0.000"><skipped type="pytest.skip" message="/api/reminders endpoints removed by design; migrated to /api/tasks">/app/backend/tests/backend_test.py:276: /api/reminders endpoints removed by design; migrated to /api/tasks</skipped></testcase><testcase classname="tests.backend_test.TestWeather" name="test_weather_with_auth" time="0.000"><error message="failed on setup with &quot;AssertionError: Login failed: 429 {&quot;detail&quot;:&quot;Çok fazla başarısız deneme. 4dk 49sn sonra tekrar deneyin.&quot;}&#10;assert 429 == 200&#10; +  where 429 = &lt;Response [429]&gt;.status_code&quot;">E   AssertionError: Login failed: 429 {"detail":"Çok fazla başarısız deneme. 4dk 49sn sonra tekrar deneyin."}
    assert 429 == 200
     +  where 429 = &lt;Response [429]&gt;.status_code</error></testcase><testcase classname="tests.test_multiuser.TestChatRegression" name="test_new_chat_without_conversation_id" time="3.115" /><testcase classname="tests.test_multiuser.TestDataIsolation" name="test_task_isolation" time="1.151" /><testcase classname="tests.test_multiuser.TestDataIsolation" name="test_note_isolation" time="1.341" /><testcase classname="tests.test_tasks.TestTasksList" name="test_list_returns_array" time="0.386" /><testcase classname="tests.test_tasks.TestTasksOverdueSupport" name="test_create_task_with_past_due_date" time="0.155" /><testcase classname="tests.test_multiuser.TestDataIsolation" name="test_conversation_isolation" time="8.741" /><testcase classname="tests.test_tasks.TestTasksOverdueStatus" name="test_set_status_overdue" time="0.551" /></testsuite></testsuites>