<?xml version="1.0" encoding="utf-8"?><testsuites name="pytest tests"><testsuite name="pytest" errors="0" failures="0" skipped="0" tests="10" time="3.943" timestamp="2026-07-24T17:06:22.883623+00:00" hostname="agent-env-fd549b7c-101a-4a19-89b4-f609b39ff9c1"><testcase classname="tests.test_team_faz2.TestOverdueScanner" name="test_scan_creates_self_and_manager_notifications" time="1.625" /><testcase classname="tests.test_team_faz2.TestOverdueScanner" name="test_scan_is_idempotent" time="0.376" /><testcase classname="tests.test_team_faz2.TestOverdueScanner" name="test_scan_now_requires_admin" time="0.071" /><testcase classname="tests.test_team_faz2.TestNotificationEndpoints" name="test_unread_count_and_mark_read" time="0.535" /><testcase classname="tests.test_team_faz2.TestNotificationEndpoints" name="test_mark_read_rejects_foreign" time="0.372" /><testcase classname="tests.test_team_faz2.TestNotificationEndpoints" name="test_read_all" time="0.377" /><testcase classname="tests.test_team_faz2.TestHeatmap" name="test_heatmap_shape" time="0.078" /><testcase classname="tests.test_team_faz2.TestHeatmap" name="test_heatmap_counts_done_only" time="0.313" /><testcase classname="tests.test_team_faz2.TestHeatmap" name="test_employee_heatmap_empty" time="0.076" /><testcase classname="tests.test_team_faz2.TestHeatmap" name="test_admin_heatmap_contains_all" time="0.073" /></testsuite></testsuites>