<?xml version="1.0" encoding="utf-8"?><testsuites name="pytest tests"><testsuite name="pytest" errors="0" failures="0" skipped="0" tests="17" time="11.099" timestamp="2026-07-23T16:47:41.212157+00:00" hostname="agent-env-7c49d08f-be77-4404-99d1-eea4ef19378f"><testcase classname="tests.test_backup.TestRegression" name="test_health" time="0.899" /><testcase classname="tests.test_backup.TestRegression" name="test_files_list" time="0.116" /><testcase classname="tests.test_backup.TestRegression" name="test_tasks_list" time="4.506" /><testcase classname="tests.test_backup.TestRegression" name="test_memory_list" time="0.185" /><testcase classname="tests.test_backup.TestBackupRun" name="test_run_returns_started_and_creates_record" time="5.525" /><testcase classname="tests.test_backup.TestBackupRun" name="test_run_creates_file_on_disk" time="0.000" /><testcase classname="tests.test_backup.TestBackupRun" name="test_download_returns_valid_zip" time="0.125" /><testcase classname="tests.test_backup.TestBackupRun" name="test_get_by_id" time="0.084" /><testcase classname="tests.test_backup.TestRegression" name="test_conversations_list" time="0.081" /><testcase classname="tests.test_backup.TestBackupRun" name="test_get_missing_returns_404" time="0.097" /><testcase classname="tests.test_backup.TestBackupAuth" name="test_no_auth_rejects" time="0.381" /><testcase classname="tests.test_backup.TestBackupPrune" name="test_prune_returns_shape" time="0.082" /><testcase classname="tests.test_backup.TestBackupPrune" name="test_prune_noop_when_few_backups" time="0.254" /><testcase classname="tests.test_backup.TestBackupList" name="test_list_shape_and_ordering" time="0.082" /><testcase classname="tests.test_backup.TestBackupDelete" name="test_delete_removes_both_record_and_file" time="4.487" /><testcase classname="tests.test_backup.TestBackupAuth" name="test_regular_user_forbidden" time="4.304" /><testcase classname="tests.test_backup.TestBackupStatus" name="test_status_shape" time="0.262" /></testsuite></testsuites>