<?xml version="1.0" encoding="utf-8"?><testsuites name="pytest tests"><testsuite name="pytest" errors="0" failures="1" skipped="1" tests="29" time="10.510" timestamp="2026-07-23T12:45:27.435007+00:00" hostname="agent-env-7c49d08f-be77-4404-99d1-eea4ef19378f"><testcase classname="tests.backend_test.TestHealth" name="test_root_public" time="0.250" /><testcase classname="tests.backend_test.TestAuth" name="test_login_success_returns_jwt" time="0.376" /><testcase classname="tests.backend_test.TestAuth" name="test_login_wrong_password" time="0.035" /><testcase classname="tests.backend_test.TestAuth" name="test_brute_force_lockout_3rd_attempt" time="0.264" /><testcase classname="tests.backend_test.TestAuth" name="test_lockout_isolated_per_username" time="0.186" /><testcase classname="tests.backend_test.TestAuth" name="test_me_requires_token" time="0.035" /><testcase classname="tests.backend_test.TestAuth" name="test_me_with_valid_token" time="0.394" /><testcase classname="tests.backend_test.TestAuth" name="test_me_with_invalid_token" time="0.105" /><testcase classname="tests.backend_test.TestProtection" name="test_gets_401_without_token" time="0.137" /><testcase classname="tests.backend_test.TestProtection" name="test_gets_200_with_token" time="0.439" /><testcase classname="tests.backend_test.TestProtection" name="test_chat_401_without_token" time="0.036" /><testcase classname="tests.backend_test.TestProtection" name="test_tts_401_without_token" time="0.076" /><testcase classname="tests.backend_test.TestProtection" name="test_notes_post_401_without_token" time="0.072" /><testcase classname="tests.backend_test.TestProtection" name="test_reminders_post_401_without_token" time="0.031" /><testcase classname="tests.backend_test.TestProtection" name="test_conversation_messages_401_without_token" time="0.079" /><testcase classname="tests.backend_test.TestProtection" name="test_conversation_delete_401_without_token" time="0.033" /><testcase classname="tests.backend_test.TestChat" name="test_chat_first_message_tr" time="1.787" /><testcase classname="tests.backend_test.TestChat" name="test_get_messages_with_auth" time="0.079" /><testcase classname="tests.backend_test.TestChat" name="test_delete_conversation_with_auth" time="0.035" /><testcase classname="tests.backend_test.TestTTS" name="test_tts_returns_mp3" time="0.999" /><testcase classname="tests.backend_test.TestNotes" name="test_note_crud" time="0.192" /><testcase classname="tests.backend_test.TestReminders" name="test_reminder_flow" time="0.002"><skipped type="pytest.skip" message="/api/reminders endpoints removed by design; migrated to /api/tasks">/app/backend/tests/backend_test.py:300: /api/reminders endpoints removed by design; migrated to /api/tasks</skipped></testcase><testcase classname="tests.backend_test.TestRemindersRemoved" name="test_reminders_get_removed" time="0.075" /><testcase classname="tests.backend_test.TestRemindersRemoved" name="test_reminders_post_removed" time="0.034" /><testcase classname="tests.backend_test.TestRemindersRemoved" name="test_reminders_patch_removed" time="0.038" /><testcase classname="tests.backend_test.TestRemindersRemoved" name="test_reminders_delete_removed" time="0.075" /><testcase classname="tests.backend_test.TestWeather" name="test_weather_with_auth" time="0.247"><failure message="AssertionError: assert 'İstanbul' == 'Istanbul'&#10;  &#10;  - Istanbul&#10;  ? ^&#10;  + İstanbul&#10;  ? ^">tests/backend_test.py:334: in test_weather_with_auth
    assert data["city"] == "Istanbul"
E   AssertionError: assert 'İstanbul' == 'Istanbul'
E     
E     - Istanbul
E     ? ^
E     + İstanbul
E     ? ^</failure></testcase><testcase classname="tests.backend_test.TestAccountChanges" name="test_change_password_full_cycle" time="2.791" /><testcase classname="tests.backend_test.TestAccountChanges" name="test_change_username_full_cycle" time="1.496" /></testsuite></testsuites>