<?xml version="1.0" encoding="utf-8"?><testsuites name="pytest tests"><testsuite name="pytest" errors="0" failures="0" skipped="0" tests="13" time="5.483" timestamp="2026-07-19T16:38:00.984003+00:00" hostname="agent-env-0be8c9f7-6fac-4072-97ee-e8f0702cb100"><testcase classname="tests.backend_test.TestReminders" name="test_reminder_flow" time="1.499" /><testcase classname="tests.backend_test.TestChat" name="test_chat_first_message_tr" time="3.619" /><testcase classname="tests.backend_test.TestReminders" name="test_reminder_toggle_404" time="0.076" /><testcase classname="tests.backend_test.TestWeather" name="test_weather_istanbul" time="0.034" /><testcase classname="tests.backend_test.TestWeather" name="test_weather_deterministic" time="0.147" /><testcase classname="tests.backend_test.TestHealth" name="test_root" time="0.031" /><testcase classname="tests.backend_test.TestTTS" name="test_tts_onyx" time="1.780" /><testcase classname="tests.backend_test.TestNotes" name="test_note_crud" time="0.178" /><testcase classname="tests.backend_test.TestChat" name="test_chat_multi_turn_memory" time="1.057" /><testcase classname="tests.backend_test.TestChat" name="test_list_conversations" time="0.039" /><testcase classname="tests.backend_test.TestChat" name="test_get_messages" time="0.043" /><testcase classname="tests.backend_test.TestChat" name="test_delete_conversation" time="0.130" /><testcase classname="tests.backend_test.TestChat" name="test_chat_invalid_conversation_id" time="0.077" /></testsuite></testsuites>