<?xml version="1.0" encoding="utf-8"?><testsuites name="pytest tests"><testsuite name="pytest" errors="0" failures="0" skipped="0" tests="13" time="2.967" timestamp="2026-07-27T14:30:22.613734+00:00" hostname="agent-env-fd549b7c-101a-4a19-89b4-f609b39ff9c1"><testcase classname="tests.test_lock_policy_templates.TestCreate" name="test_admin_creates_template" time="0.740" /><testcase classname="tests.test_lock_policy_templates.TestCreate" name="test_empty_name_returns_400" time="0.043" /><testcase classname="tests.test_lock_policy_templates.TestCreate" name="test_employee_cannot_create" time="0.392" /><testcase classname="tests.test_lock_policy_templates.TestList" name="test_admin_sees_templates" time="0.166" /><testcase classname="tests.test_lock_policy_templates.TestList" name="test_employee_sees_empty_list" time="0.077" /><testcase classname="tests.test_lock_policy_templates.TestList" name="test_manager_can_list" time="0.403" /><testcase classname="tests.test_lock_policy_templates.TestPatch" name="test_admin_updates_template" time="0.169" /><testcase classname="tests.test_lock_policy_templates.TestPatch" name="test_empty_name_patch_returns_400" time="0.139" /><testcase classname="tests.test_lock_policy_templates.TestPatch" name="test_non_creator_non_admin_cannot_patch" time="0.170" /><testcase classname="tests.test_lock_policy_templates.TestPatch" name="test_creator_manager_can_patch_own" time="0.162" /><testcase classname="tests.test_lock_policy_templates.TestDelete" name="test_admin_deletes" time="0.138" /><testcase classname="tests.test_lock_policy_templates.TestDelete" name="test_non_creator_non_admin_cannot_delete" time="0.144" /><testcase classname="tests.test_lock_policy_templates.TestDelete" name="test_employee_cannot_delete" time="0.150" /></testsuite></testsuites>