<?xml version="1.0" encoding="utf-8"?><testsuites name="pytest tests"><testsuite name="pytest" errors="0" failures="0" skipped="0" tests="8" time="3.557" timestamp="2026-07-27T10:34:28.887209+00:00" hostname="agent-env-fd549b7c-101a-4a19-89b4-f609b39ff9c1"><testcase classname="tests.test_tasks_lock_audit.TestLockSetAudit" name="test_lock_set_creates_audit_row" time="1.005" /><testcase classname="tests.test_tasks_lock_audit.TestOtpAuditEvents" name="test_otp_issued_and_reissue_invalidates" time="0.312" /><testcase classname="tests.test_tasks_lock_audit.TestOtpAuditEvents" name="test_otp_failed_and_verified" time="0.327" /><testcase classname="tests.test_tasks_lock_audit.TestOtpConsumedAudit" name="test_consume_on_patch" time="0.417" /><testcase classname="tests.test_tasks_lock_audit.TestOtpConsumedAudit" name="test_consume_on_delete_and_task_deleted_row" time="0.366" /><testcase classname="tests.test_tasks_lock_audit.TestOtpConsumedAudit" name="test_admin_bypass_no_otp_consumed" time="0.286" /><testcase classname="tests.test_tasks_lock_audit.TestAuditSchemaAndSort" name="test_schema_and_desc_order_and_limit" time="0.550" /><testcase classname="tests.test_tasks_lock_audit.TestAuditPermissions" name="test_admin_ok_creator_ok_employee_forbidden" time="0.219" /></testsuite></testsuites>