<?xml version="1.0" encoding="utf-8"?><testsuites name="pytest tests"><testsuite name="pytest" errors="0" failures="0" skipped="0" tests="21" time="7.933" timestamp="2026-07-27T11:24:58.455516+00:00" hostname="agent-env-fd549b7c-101a-4a19-89b4-f609b39ff9c1"><testcase classname="tests.test_tasks_locks.TestLockConfigRBAC" name="test_admin_can_set_locks" time="0.865" /><testcase classname="tests.test_tasks_locks.TestLockConfigRBAC" name="test_assignee_cannot_set_locks" time="0.247" /><testcase classname="tests.test_tasks_locks.TestLockConfigRBAC" name="test_creator_bypasses_own_lock_on_edit" time="0.241" /><testcase classname="tests.test_tasks_locks.TestAssigneeBlockedByLock" name="test_delete_blocked_returns_423" time="0.269" /><testcase classname="tests.test_tasks_locks.TestAssigneeBlockedByLock" name="test_patch_status_blocked_returns_423" time="0.247" /><testcase classname="tests.test_tasks_locks.TestAssigneeBlockedByLock" name="test_admin_bypasses_lock_on_delete" time="0.150" /><testcase classname="tests.test_tasks_locks.TestOtpIssueAndVerify" name="test_issue_otp_returns_6_digit_code" time="0.237" /><testcase classname="tests.test_tasks_locks.TestOtpIssueAndVerify" name="test_non_assignee_cannot_verify" time="0.346" /><testcase classname="tests.test_tasks_locks.TestOtpIssueAndVerify" name="test_wrong_code_returns_400" time="0.313" /><testcase classname="tests.test_tasks_locks.TestOtpIssueAndVerify" name="test_reissue_invalidates_previous" time="0.327" /><testcase classname="tests.test_tasks_locks.TestOtpIssueAndVerify" name="test_used_code_cannot_be_reused" time="0.302" /><testcase classname="tests.test_tasks_locks.TestUnlockSessionSingleUse" name="test_one_mutation_allowed_second_blocked" time="0.442" /><testcase classname="tests.test_tasks_locks.TestReassignLock" name="test_reassign_blocked_when_lock_transfer" time="0.446" /><testcase classname="tests.test_tasks_lock_audit.TestLockSetAudit" name="test_lock_set_creates_audit_row" time="0.885" /><testcase classname="tests.test_tasks_lock_audit.TestOtpAuditEvents" name="test_otp_issued_and_reissue_invalidates" time="0.323" /><testcase classname="tests.test_tasks_lock_audit.TestOtpAuditEvents" name="test_otp_failed_and_verified" time="0.492" /><testcase classname="tests.test_tasks_lock_audit.TestOtpConsumedAudit" name="test_consume_on_patch" time="0.398" /><testcase classname="tests.test_tasks_lock_audit.TestOtpConsumedAudit" name="test_consume_on_delete_and_task_deleted_row" time="0.362" /><testcase classname="tests.test_tasks_lock_audit.TestOtpConsumedAudit" name="test_admin_bypass_no_otp_consumed" time="0.266" /><testcase classname="tests.test_tasks_lock_audit.TestAuditSchemaAndSort" name="test_schema_and_desc_order_and_limit" time="0.498" /><testcase classname="tests.test_tasks_lock_audit.TestAuditPermissions" name="test_admin_ok_creator_ok_employee_forbidden" time="0.205" /></testsuite></testsuites>