<?xml version="1.0" encoding="utf-8"?><testsuites name="pytest tests"><testsuite name="pytest" errors="0" failures="0" skipped="0" tests="13" time="4.595" timestamp="2026-07-27T10:16:05.207063+00:00" hostname="agent-env-fd549b7c-101a-4a19-89b4-f609b39ff9c1"><testcase classname="tests.test_tasks_locks.TestLockConfigRBAC" name="test_admin_can_set_locks" time="1.105" /><testcase classname="tests.test_tasks_locks.TestLockConfigRBAC" name="test_assignee_cannot_set_locks" time="0.160" /><testcase classname="tests.test_tasks_locks.TestLockConfigRBAC" name="test_creator_bypasses_own_lock_on_edit" time="0.262" /><testcase classname="tests.test_tasks_locks.TestAssigneeBlockedByLock" name="test_delete_blocked_returns_423" time="0.217" /><testcase classname="tests.test_tasks_locks.TestAssigneeBlockedByLock" name="test_patch_status_blocked_returns_423" time="0.405" /><testcase classname="tests.test_tasks_locks.TestAssigneeBlockedByLock" name="test_admin_bypasses_lock_on_delete" time="0.146" /><testcase classname="tests.test_tasks_locks.TestOtpIssueAndVerify" name="test_issue_otp_returns_6_digit_code" time="0.255" /><testcase classname="tests.test_tasks_locks.TestOtpIssueAndVerify" name="test_non_assignee_cannot_verify" time="0.243" /><testcase classname="tests.test_tasks_locks.TestOtpIssueAndVerify" name="test_wrong_code_returns_400" time="0.297" /><testcase classname="tests.test_tasks_locks.TestOtpIssueAndVerify" name="test_reissue_invalidates_previous" time="0.328" /><testcase classname="tests.test_tasks_locks.TestOtpIssueAndVerify" name="test_used_code_cannot_be_reused" time="0.375" /><testcase classname="tests.test_tasks_locks.TestUnlockSessionSingleUse" name="test_one_mutation_allowed_second_blocked" time="0.417" /><testcase classname="tests.test_tasks_locks.TestReassignLock" name="test_reassign_blocked_when_lock_transfer" time="0.307" /></testsuite></testsuites>