<?xml version="1.0" encoding="utf-8"?><testsuites name="pytest tests"><testsuite name="pytest" errors="0" failures="0" skipped="0" tests="14" time="9.392" timestamp="2026-07-22T08:46:13.083255+00:00" hostname="agent-env-9928ede7-1bf6-4742-93bc-5dc1fc83fe46"><testcase classname="tests.test_memory_and_stt.TestMemoryCRUD" name="test_memory_requires_auth" time="0.755" /><testcase classname="tests.test_memory_and_stt.TestMemoryCRUD" name="test_list_memories_empty_initially" time="0.073" /><testcase classname="tests.test_memory_and_stt.TestMemoryCRUD" name="test_create_memory_valid" time="0.035" /><testcase classname="tests.test_memory_and_stt.TestChatMemoryTriggers" name="test_manual_trigger_short_circuits_llm" time="1.002" /><testcase classname="tests.test_memory_and_stt.TestMemoryCRUD" name="test_get_memory_after_create" time="0.035" /><testcase classname="tests.test_memory_and_stt.TestMemoryCRUD" name="test_create_short_content_rejected" time="0.032" /><testcase classname="tests.test_memory_and_stt.TestMemoryCRUD" name="test_update_memory" time="0.047" /><testcase classname="tests.test_memory_and_stt.TestMemoryCRUD" name="test_delete_memory" time="0.114" /><testcase classname="tests.test_memory_and_stt.TestChatMemoryTriggers" name="test_forget_trigger" time="0.130" /><testcase classname="tests.test_memory_and_stt.TestMemoryCRUD" name="test_bulk_delete" time="0.292" /><testcase classname="tests.test_memory_and_stt.TestChatMemoryTriggers" name="test_prompt_injection_favori_renk" time="2.323" /><testcase classname="tests.test_memory_and_stt.TestWhisperSTT" name="test_whisper_401_without_auth" time="0.080" /><testcase classname="tests.test_memory_and_stt.TestWhisperSTT" name="test_whisper_tts_roundtrip" time="2.058" /><testcase classname="tests.test_memory_and_stt.TestChatMemoryTriggers" name="test_auto_extract_from_chat" time="5.016" /></testsuite></testsuites>