<?xml version="1.0" encoding="utf-8"?><testsuites name="pytest tests"><testsuite name="pytest" errors="0" failures="0" skipped="0" tests="11" time="1.757" timestamp="2026-07-26T14:09:16.783792+00:00" hostname="agent-env-fd549b7c-101a-4a19-89b4-f609b39ff9c1"><testcase classname="tests.test_monitoring.TestAdminHealthEndpoint" name="test_no_auth_returns_401" time="0.268" /><testcase classname="tests.test_monitoring.TestAdminHealthEndpoint" name="test_employee_forbidden" time="0.494" /><testcase classname="tests.test_monitoring.TestAdminHealthEndpoint" name="test_manager_forbidden" time="0.367" /><testcase classname="tests.test_monitoring.TestAdminHealthEndpoint" name="test_admin_ok" time="0.401" /><testcase classname="tests.test_monitoring.TestAdminHealthEndpoint" name="test_shape_and_keys" time="0.089" /><testcase classname="tests.test_monitoring.TestAdminHealthEndpoint" name="test_uptime_monotonically_positive" time="0.085" /><testcase classname="tests.test_monitoring.TestMonitoringUnit" name="test_error_counter_records_and_windows" time="0.001" /><testcase classname="tests.test_monitoring.TestMonitoringUnit" name="test_json_formatter_emits_valid_json" time="0.000" /><testcase classname="tests.test_monitoring.TestMonitoringUnit" name="test_install_structured_logging_is_idempotent" time="0.000" /><testcase classname="tests.test_monitoring.TestMonitoringUnit" name="test_humanize_seconds" time="0.000" /><testcase classname="tests.test_monitoring.TestMonitoringUnit" name="test_error_counter_recent_capped" time="0.000" /></testsuite></testsuites>