<?xml version="1.0" encoding="utf-8"?><testsuites name="pytest tests"><testsuite name="pytest" errors="0" failures="0" skipped="0" tests="15" time="4.979" timestamp="2026-07-26T12:28:48.862733+00:00" hostname="agent-env-fd549b7c-101a-4a19-89b4-f609b39ff9c1"><testcase classname="tests.test_multi_company.TestCompanyMembers" name="test_list_members_visible_to_admin" time="2.622" /><testcase classname="tests.test_multi_company.TestCompanyMembers" name="test_manager_lists_own_company_members" time="0.074" /><testcase classname="tests.test_multi_company.TestCompanyMembers" name="test_manager_cannot_list_other_company_members" time="0.079" /><testcase classname="tests.test_multi_company.TestCompanyMembers" name="test_manager_removes_own_company_member_creates_orphans" time="0.264" /><testcase classname="tests.test_multi_company.TestOrphanTasks" name="test_manager_sees_own_company_orphans_only" time="0.073" /><testcase classname="tests.test_multi_company.TestOrphanTasks" name="test_admin_sees_all_orphans" time="0.093" /><testcase classname="tests.test_multi_company.TestOrphanTasks" name="test_employee_gets_empty_orphan_list" time="0.079" /><testcase classname="tests.test_multi_company.TestOrphanTasks" name="test_reassign_orphan_clears_flags" time="0.158" /><testcase classname="tests.test_multi_company.TestUserDeleteModes" name="test_soft_orphan_preserves_completed_task_name" time="0.315" /><testcase classname="tests.test_multi_company.TestUserDeleteModes" name="test_purge_wipes_assignee_name_everywhere" time="0.316" /><testcase classname="tests.test_multi_company.TestUserDeleteModes" name="test_hard_delete_removes_everything" time="0.310" /><testcase classname="tests.test_multi_company.TestCrossCompanyFlow" name="test_manager_request_creates_pending" time="0.085" /><testcase classname="tests.test_multi_company.TestCrossCompanyFlow" name="test_target_manager_approves" time="0.149" /><testcase classname="tests.test_multi_company.TestCrossCompanyFlow" name="test_admin_creates_active_directly" time="0.077" /><testcase classname="tests.test_multi_company.TestCrossCompanyFlow" name="test_revoke" time="0.164" /></testsuite></testsuites>