<?xml version="1.0" encoding="utf-8"?><testsuites name="pytest tests"><testsuite name="pytest" errors="0" failures="0" skipped="0" tests="9" time="3.796" timestamp="2026-07-27T15:14:36.027101+00:00" hostname="agent-env-fd549b7c-101a-4a19-89b4-f609b39ff9c1"><testcase classname="tests.test_p0_cp434.TestIndexes" name="test_indexes_created_on_startup" time="0.015" /><testcase classname="tests.test_p0_cp434.TestSingleUseInvariant" name="test_uses_remaining_never_negative_and_second_patch_blocked" time="1.095" /><testcase classname="tests.test_p0_cp434.TestSingleUseInvariant" name="test_second_mutation_blocked_after_consume" time="0.438" /><testcase classname="tests.test_p0_cp434.TestOtpInvalidationAtomic" name="test_reissue_invalidates_prior_and_only_new_verifies" time="0.454" /><testcase classname="tests.test_p0_cp434.TestOtpRateLimit" name="test_five_wrong_then_429" time="0.677" /><testcase classname="tests.test_p0_cp434.TestUserDeleteCascade" name="test_hard_delete_invalidates_pending_otps" time="0.514" /><testcase classname="tests.test_p0_cp434.TestSingleTaskGet" name="test_admin_can_get_by_id" time="0.271" /><testcase classname="tests.test_p0_cp434.TestSingleTaskGet" name="test_unknown_id_returns_404" time="0.077" /><testcase classname="tests.test_p0_cp434.TestSingleTaskGet" name="test_employee_cannot_get_task_not_visible" time="0.115" /></testsuite></testsuites>