<?xml version="1.0" encoding="utf-8"?><testsuites name="pytest tests"><testsuite name="pytest" errors="0" failures="0" skipped="0" tests="7" time="1.671" timestamp="2026-07-30T10:20:31.869174+00:00" hostname="agent-env-482622d7-3b19-47d4-876b-4e88138faee8"><testcase classname="tests.test_recurring_reminders" name="test_create_recurring_reminder_at" time="0.671" /><testcase classname="tests.test_recurring_reminders" name="test_create_recurring_reminder_relative" time="0.147" /><testcase classname="tests.test_recurring_reminders" name="test_create_without_reminder_regression" time="0.035" /><testcase classname="tests.test_recurring_reminders" name="test_patch_adds_recurring" time="0.108" /><testcase classname="tests.test_recurring_reminders" name="test_patch_title_only_does_not_touch_reminder" time="0.065" /><testcase classname="tests.test_recurring_reminders" name="test_patch_clear_recurring_via_explicit_null" time="0.066" /><testcase classname="tests.test_recurring_reminders" name="test_zzz_cleanup" time="0.249" /></testsuite></testsuites>