<?xml version="1.0" encoding="utf-8"?><testsuites name="pytest tests"><testsuite name="pytest" errors="0" failures="0" skipped="0" tests="47" time="15.622" timestamp="2026-07-27T15:12:34.955720+00:00" hostname="agent-env-fd549b7c-101a-4a19-89b4-f609b39ff9c1"><testcase classname="tests.test_tasks_locks.TestLockConfigRBAC" name="test_admin_can_set_locks" time="1.155" /><testcase classname="tests.test_tasks_locks.TestLockConfigRBAC" name="test_assignee_cannot_set_locks" time="0.211" /><testcase classname="tests.test_tasks_locks.TestLockConfigRBAC" name="test_creator_bypasses_own_lock_on_edit" time="0.199" /><testcase classname="tests.test_tasks_locks.TestAssigneeBlockedByLock" name="test_delete_blocked_returns_423" time="0.204" /><testcase classname="tests.test_tasks_locks.TestAssigneeBlockedByLock" name="test_patch_status_blocked_returns_423" time="0.217" /><testcase classname="tests.test_tasks_locks.TestAssigneeBlockedByLock" name="test_admin_bypasses_lock_on_delete" time="0.136" /><testcase classname="tests.test_tasks_locks.TestOtpIssueAndVerify" name="test_issue_otp_returns_6_digit_code" time="0.269" /><testcase classname="tests.test_tasks_locks.TestOtpIssueAndVerify" name="test_non_assignee_cannot_verify" time="0.308" /><testcase classname="tests.test_tasks_locks.TestOtpIssueAndVerify" name="test_wrong_code_returns_400" time="0.307" /><testcase classname="tests.test_tasks_locks.TestOtpIssueAndVerify" name="test_reissue_invalidates_previous" time="0.417" /><testcase classname="tests.test_tasks_locks.TestOtpIssueAndVerify" name="test_used_code_cannot_be_reused" time="0.298" /><testcase classname="tests.test_tasks_locks.TestUnlockSessionSingleUse" name="test_one_mutation_allowed_second_blocked" time="0.385" /><testcase classname="tests.test_tasks_locks.TestReassignLock" name="test_reassign_blocked_when_lock_transfer" time="0.267" /><testcase classname="tests.test_tasks_lock_audit.TestLockSetAudit" name="test_lock_set_creates_audit_row" time="0.984" /><testcase classname="tests.test_tasks_lock_audit.TestOtpAuditEvents" name="test_otp_issued_and_reissue_invalidates" time="0.315" /><testcase classname="tests.test_tasks_lock_audit.TestOtpAuditEvents" name="test_otp_failed_and_verified" time="0.427" /><testcase classname="tests.test_tasks_lock_audit.TestOtpConsumedAudit" name="test_consume_on_patch" time="0.377" /><testcase classname="tests.test_tasks_lock_audit.TestOtpConsumedAudit" name="test_consume_on_delete_and_task_deleted_row" time="0.404" /><testcase classname="tests.test_tasks_lock_audit.TestOtpConsumedAudit" name="test_admin_bypass_no_otp_consumed" time="0.238" /><testcase classname="tests.test_tasks_lock_audit.TestAuditSchemaAndSort" name="test_schema_and_desc_order_and_limit" time="0.551" /><testcase classname="tests.test_tasks_lock_audit.TestAuditPermissions" name="test_admin_ok_creator_ok_employee_forbidden" time="0.258" /><testcase classname="tests.test_tasks_user_policy.TestAdminSetsUserPolicy" name="test_admin_patch_user_lock_flags" time="0.825" /><testcase classname="tests.test_tasks_user_policy.TestAdminSetsUserPolicy" name="test_get_shows_both_channels" time="0.278" /><testcase classname="tests.test_tasks_user_policy.TestTaskInheritsUserPolicy" name="test_new_task_inherits_default_locks_and_otp_flag" time="0.292" /><testcase classname="tests.test_tasks_user_policy.TestUnlockSimple" name="test_delete_flow_with_unlock_simple" time="0.507" /><testcase classname="tests.test_tasks_user_policy.TestUnlockSimple" name="test_unlock_simple_rejected_when_otp_required" time="0.405" /><testcase classname="tests.test_tasks_user_policy.TestSelfChannel" name="test_self_patch_lands_in_self_channel_and_ignores_requires_otp" time="0.200" /><testcase classname="tests.test_tasks_user_policy.TestSelfChannel" name="test_employee_forbidden_on_other_user" time="0.121" /><testcase classname="tests.test_tasks_user_policy.TestUserLockAudit" name="test_admin_reads_audit_and_sees_managed_and_self_rows" time="0.260" /><testcase classname="tests.test_tasks_user_policy.TestManagerPolicy" name="test_manager_without_visibility_forbidden" time="0.587" /><testcase classname="tests.test_tasks_user_policy.TestTaskLockRequiresOtpField" name="test_patch_task_locks_persists_requires_otp" time="0.406" /><testcase classname="tests.test_tasks_user_policy.TestTaskSelfLocks" name="test_assignee_can_set_self_locks" time="0.312" /><testcase classname="tests.test_tasks_user_policy.TestTaskSelfLocks" name="test_non_assignee_forbidden" time="0.374" /><testcase classname="tests.test_tasks_user_policy.TestGuardIncludesSelfLock" name="test_self_lock_blocks_delete" time="0.398" /><testcase classname="tests.test_lock_policy_templates.TestCreate" name="test_admin_creates_template" time="0.445" /><testcase classname="tests.test_lock_policy_templates.TestCreate" name="test_empty_name_returns_400" time="0.044" /><testcase classname="tests.test_lock_policy_templates.TestCreate" name="test_employee_cannot_create" time="0.384" /><testcase classname="tests.test_lock_policy_templates.TestList" name="test_admin_sees_templates" time="0.169" /><testcase classname="tests.test_lock_policy_templates.TestList" name="test_employee_sees_empty_list" time="0.044" /><testcase classname="tests.test_lock_policy_templates.TestList" name="test_manager_can_list" time="0.382" /><testcase classname="tests.test_lock_policy_templates.TestPatch" name="test_admin_updates_template" time="0.205" /><testcase classname="tests.test_lock_policy_templates.TestPatch" name="test_empty_name_patch_returns_400" time="0.131" /><testcase classname="tests.test_lock_policy_templates.TestPatch" name="test_non_creator_non_admin_cannot_patch" time="0.170" /><testcase classname="tests.test_lock_policy_templates.TestPatch" name="test_creator_manager_can_patch_own" time="0.196" /><testcase classname="tests.test_lock_policy_templates.TestDelete" name="test_admin_deletes" time="0.126" /><testcase classname="tests.test_lock_policy_templates.TestDelete" name="test_non_creator_non_admin_cannot_delete" time="0.192" /><testcase classname="tests.test_lock_policy_templates.TestDelete" name="test_employee_cannot_delete" time="0.151" /></testsuite></testsuites>