<?xml version="1.0" encoding="utf-8"?><testsuites name="pytest tests"><testsuite name="pytest" errors="0" failures="0" skipped="0" tests="34" time="12.808" timestamp="2026-07-27T14:29:07.791174+00:00" hostname="agent-env-fd549b7c-101a-4a19-89b4-f609b39ff9c1"><testcase classname="tests.test_tasks_locks.TestLockConfigRBAC" name="test_admin_can_set_locks" time="1.213" /><testcase classname="tests.test_tasks_locks.TestLockConfigRBAC" name="test_assignee_cannot_set_locks" time="0.216" /><testcase classname="tests.test_tasks_locks.TestLockConfigRBAC" name="test_creator_bypasses_own_lock_on_edit" time="0.209" /><testcase classname="tests.test_tasks_locks.TestAssigneeBlockedByLock" name="test_delete_blocked_returns_423" time="0.247" /><testcase classname="tests.test_tasks_locks.TestAssigneeBlockedByLock" name="test_patch_status_blocked_returns_423" time="0.199" /><testcase classname="tests.test_tasks_locks.TestAssigneeBlockedByLock" name="test_admin_bypasses_lock_on_delete" time="0.157" /><testcase classname="tests.test_tasks_locks.TestOtpIssueAndVerify" name="test_issue_otp_returns_6_digit_code" time="0.281" /><testcase classname="tests.test_tasks_locks.TestOtpIssueAndVerify" name="test_non_assignee_cannot_verify" time="0.305" /><testcase classname="tests.test_tasks_locks.TestOtpIssueAndVerify" name="test_wrong_code_returns_400" time="0.247" /><testcase classname="tests.test_tasks_locks.TestOtpIssueAndVerify" name="test_reissue_invalidates_previous" time="0.381" /><testcase classname="tests.test_tasks_locks.TestOtpIssueAndVerify" name="test_used_code_cannot_be_reused" time="0.321" /><testcase classname="tests.test_tasks_locks.TestUnlockSessionSingleUse" name="test_one_mutation_allowed_second_blocked" time="0.393" /><testcase classname="tests.test_tasks_locks.TestReassignLock" name="test_reassign_blocked_when_lock_transfer" time="0.235" /><testcase classname="tests.test_tasks_lock_audit.TestLockSetAudit" name="test_lock_set_creates_audit_row" time="0.923" /><testcase classname="tests.test_tasks_lock_audit.TestOtpAuditEvents" name="test_otp_issued_and_reissue_invalidates" time="0.381" /><testcase classname="tests.test_tasks_lock_audit.TestOtpAuditEvents" name="test_otp_failed_and_verified" time="0.449" /><testcase classname="tests.test_tasks_lock_audit.TestOtpConsumedAudit" name="test_consume_on_patch" time="0.399" /><testcase classname="tests.test_tasks_lock_audit.TestOtpConsumedAudit" name="test_consume_on_delete_and_task_deleted_row" time="0.369" /><testcase classname="tests.test_tasks_lock_audit.TestOtpConsumedAudit" name="test_admin_bypass_no_otp_consumed" time="0.260" /><testcase classname="tests.test_tasks_lock_audit.TestAuditSchemaAndSort" name="test_schema_and_desc_order_and_limit" time="0.551" /><testcase classname="tests.test_tasks_lock_audit.TestAuditPermissions" name="test_admin_ok_creator_ok_employee_forbidden" time="0.173" /><testcase classname="tests.test_tasks_user_policy.TestAdminSetsUserPolicy" name="test_admin_patch_user_lock_flags" time="0.781" /><testcase classname="tests.test_tasks_user_policy.TestAdminSetsUserPolicy" name="test_get_shows_both_channels" time="0.285" /><testcase classname="tests.test_tasks_user_policy.TestTaskInheritsUserPolicy" name="test_new_task_inherits_default_locks_and_otp_flag" time="0.303" /><testcase classname="tests.test_tasks_user_policy.TestUnlockSimple" name="test_delete_flow_with_unlock_simple" time="0.443" /><testcase classname="tests.test_tasks_user_policy.TestUnlockSimple" name="test_unlock_simple_rejected_when_otp_required" time="0.336" /><testcase classname="tests.test_tasks_user_policy.TestSelfChannel" name="test_self_patch_lands_in_self_channel_and_ignores_requires_otp" time="0.220" /><testcase classname="tests.test_tasks_user_policy.TestSelfChannel" name="test_employee_forbidden_on_other_user" time="0.195" /><testcase classname="tests.test_tasks_user_policy.TestUserLockAudit" name="test_admin_reads_audit_and_sees_managed_and_self_rows" time="0.313" /><testcase classname="tests.test_tasks_user_policy.TestManagerPolicy" name="test_manager_without_visibility_forbidden" time="0.612" /><testcase classname="tests.test_tasks_user_policy.TestTaskLockRequiresOtpField" name="test_patch_task_locks_persists_requires_otp" time="0.388" /><testcase classname="tests.test_tasks_user_policy.TestTaskSelfLocks" name="test_assignee_can_set_self_locks" time="0.266" /><testcase classname="tests.test_tasks_user_policy.TestTaskSelfLocks" name="test_non_assignee_forbidden" time="0.264" /><testcase classname="tests.test_tasks_user_policy.TestGuardIncludesSelfLock" name="test_self_lock_blocks_delete" time="0.409" /></testsuite></testsuites>