<?xml version="1.0" encoding="utf-8"?><testsuites name="pytest tests"><testsuite name="pytest" errors="0" failures="0" skipped="0" tests="94" time="39.583" timestamp="2026-07-26T12:29:01.854207+00:00" hostname="agent-env-fd549b7c-101a-4a19-89b4-f609b39ff9c1"><testcase classname="tests.test_permissions.TestRoleNormalization" name="test_legacy_user_becomes_employee_via_admin_users" time="0.443" /><testcase classname="tests.test_permissions.TestRoleNormalization" name="test_create_user_with_legacy_user_role_is_normalized" time="0.407" /><testcase classname="tests.test_permissions.TestRoleNormalization" name="test_create_user_with_manager_role" time="0.384" /><testcase classname="tests.test_permissions.TestRoleNormalization" name="test_create_user_invalid_role_rejected" time="0.073" /><testcase classname="tests.test_permissions.TestCompaniesCRUD" name="test_create_and_list_company_admin" time="0.233" /><testcase classname="tests.test_permissions.TestCompaniesCRUD" name="test_create_company_case_insensitive_dedup" time="0.236" /><testcase classname="tests.test_permissions.TestCompaniesCRUD" name="test_create_company_too_short_rejected" time="0.070" /><testcase classname="tests.test_permissions.TestCompaniesCRUD" name="test_non_admin_cannot_create_company" time="0.813" /><testcase classname="tests.test_permissions.TestCompaniesCRUD" name="test_update_company_syncs_users_company_name" time="0.701" /><testcase classname="tests.test_permissions.TestCompaniesCRUD" name="test_delete_company_with_members_blocked" time="0.710" /><testcase classname="tests.test_permissions.TestManagerVisibility" name="test_create_visibility_admin" time="1.190" /><testcase classname="tests.test_permissions.TestManagerVisibility" name="test_create_visibility_wrong_role_rejected" time="0.967" /><testcase classname="tests.test_permissions.TestManagerVisibility" name="test_non_admin_cannot_use_visibility_endpoints" time="0.908" /><testcase classname="tests.test_permissions.TestCompanyPermissions" name="test_grant_and_revoke_cross_company" time="0.589" /><testcase classname="tests.test_permissions.TestCompanyPermissions" name="test_self_reference_rejected" time="0.239" /><testcase classname="tests.test_permissions.TestCompanyPermissions" name="test_cascade_delete_company_removes_permissions" time="0.483" /><testcase classname="tests.test_permissions.TestTaskVisibility" name="test_full_scenario" time="4.903" /><testcase classname="tests.test_permissions.TestTaskEditPermissions" name="test_employee_cannot_patch_others_task_returns_404" time="1.790" /><testcase classname="tests.test_permissions.TestCompanyListScoping" name="test_employee_sees_only_own_company" time="1.102" /><testcase classname="tests.test_permissions" name="test_zzz_cleanup_final_state" time="0.161" /><testcase classname="tests.test_tasks.TestTasksAuth" name="test_list_requires_auth" time="0.084" /><testcase classname="tests.test_tasks.TestTasksAuth" name="test_create_requires_auth" time="0.080" /><testcase classname="tests.test_tasks.TestTasksAuth" name="test_patch_requires_auth" time="0.042" /><testcase classname="tests.test_tasks.TestTasksAuth" name="test_delete_requires_auth" time="0.079" /><testcase classname="tests.test_tasks.TestTasksList" name="test_list_returns_array" time="0.347" /><testcase classname="tests.test_tasks.TestTasksCreate" name="test_create_minimal" time="0.207" /><testcase classname="tests.test_tasks.TestTasksCreate" name="test_create_with_all_fields" time="0.127" /><testcase classname="tests.test_tasks.TestTasksPatchStatus" name="test_set_status_done" time="0.184" /><testcase classname="tests.test_tasks.TestTasksPatchStatus" name="test_set_status_paused" time="0.189" /><testcase classname="tests.test_tasks.TestTasksPatchStatus" name="test_set_status_pending" time="0.216" /><testcase classname="tests.test_tasks.TestTasksPatchStatus" name="test_invalid_status_returns_400" time="0.212" /><testcase classname="tests.test_tasks.TestTasksPatchStatus" name="test_patch_unknown_id_returns_404" time="0.043" /><testcase classname="tests.test_tasks.TestTasksPatchStatus" name="test_updated_at_changes" time="0.172" /><testcase classname="tests.test_tasks.TestTasksDelete" name="test_delete_task" time="0.132" /><testcase classname="tests.test_tasks.TestTasksDelete" name="test_delete_unknown_ok" time="0.045" /><testcase classname="tests.test_tasks.TestTasksOverdueSupport" name="test_create_task_with_past_due_date" time="0.092" /><testcase classname="tests.test_tasks.TestTasksOverdueStatus" name="test_set_status_overdue" time="0.177" /><testcase classname="tests.test_tasks.TestTasksReminder" name="test_create_task_includes_reminder_fields" time="0.087" /><testcase classname="tests.test_tasks.TestTasksReminder" name="test_create_with_reminder_at" time="0.128" /><testcase classname="tests.test_tasks.TestTasksReminder" name="test_patch_sets_reminder_and_resets_fired" time="0.185" /><testcase classname="tests.test_tasks.TestTasksReminder" name="test_patch_clears_reminder_with_null" time="0.226" /><testcase classname="tests.test_tasks.TestTasksReminder" name="test_patch_reminder_fired_true" time="0.327" /><testcase classname="tests.test_team_faz2.TestOverdueScanner" name="test_scan_creates_self_and_manager_notifications" time="1.367" /><testcase classname="tests.test_team_faz2.TestOverdueScanner" name="test_scan_is_idempotent" time="0.445" /><testcase classname="tests.test_team_faz2.TestOverdueScanner" name="test_scan_now_requires_admin" time="0.074" /><testcase classname="tests.test_team_faz2.TestNotificationEndpoints" name="test_unread_count_and_mark_read" time="0.557" /><testcase classname="tests.test_team_faz2.TestNotificationEndpoints" name="test_mark_read_rejects_foreign" time="0.413" /><testcase classname="tests.test_team_faz2.TestNotificationEndpoints" name="test_read_all" time="0.383" /><testcase classname="tests.test_team_faz2.TestHeatmap" name="test_heatmap_shape" time="0.072" /><testcase classname="tests.test_team_faz2.TestHeatmap" name="test_heatmap_counts_done_only" time="0.331" /><testcase classname="tests.test_team_faz2.TestHeatmap" name="test_employee_heatmap_empty" time="0.078" /><testcase classname="tests.test_team_faz2.TestHeatmap" name="test_admin_heatmap_contains_all" time="0.071" /><testcase classname="tests.test_task_reassign.TestReassign" name="test_manager_reassigns_own_task_to_visible_employee" time="1.266" /><testcase classname="tests.test_task_reassign.TestReassign" name="test_reassign_to_invisible_target_403" time="0.320" /><testcase classname="tests.test_task_reassign.TestReassign" name="test_reassign_task_not_owned_by_caller_returns_404" time="0.168" /><testcase classname="tests.test_task_reassign.TestReassign" name="test_reassign_same_owner_400" time="0.364" /><testcase classname="tests.test_task_reassign.TestReassign" name="test_admin_can_reassign_between_any_users" time="0.385" /><testcase classname="tests.test_task_categories.TestTaskCategoriesCRUD" name="test_manager_creates_lists_updates_deletes" time="4.041" /><testcase classname="tests.test_task_categories.TestTaskCategoriesCRUD" name="test_employee_cannot_create" time="0.362" /><testcase classname="tests.test_task_categories.TestTaskCategoriesCRUD" name="test_duplicate_name_case_insensitive_rejected" time="0.373" /><testcase classname="tests.test_task_categories.TestTaskCategoriesCRUD" name="test_too_short_name_rejected" time="0.073" /><testcase classname="tests.test_task_categories.TestTaskCategoryOnTasks" name="test_task_create_with_category" time="0.385" /><testcase classname="tests.test_task_categories.TestTaskCategoryOnTasks" name="test_patch_task_category_clear_and_set" time="0.648" /><testcase classname="tests.test_task_categories.TestTaskCategoryOnTasks" name="test_delete_category_clears_task_reference" time="0.550" /><testcase classname="tests.test_task_categories.TestTaskCategoryOnTasks" name="test_employee_cannot_assign_foreign_category" time="0.077" /><testcase classname="tests.test_workspace_and_company.TestWorkspaceMode" name="test_login_returns_workspace_mode" time="0.294" /><testcase classname="tests.test_workspace_and_company.TestWorkspaceMode" name="test_me_returns_workspace_mode" time="0.076" /><testcase classname="tests.test_workspace_and_company.TestWorkspaceMode" name="test_put_workspace_mode_team_then_personal" time="0.324" /><testcase classname="tests.test_workspace_and_company.TestWorkspaceMode" name="test_put_workspace_mode_invalid_400" time="0.090" /><testcase classname="tests.test_workspace_and_company.TestWorkspaceMode" name="test_put_workspace_mode_unauth_401" time="0.087" /><testcase classname="tests.test_workspace_and_company.TestTaskOwnershipFields" name="test_create_task_with_owner_fields" time="0.079" /><testcase classname="tests.test_workspace_and_company.TestTaskOwnershipFields" name="test_create_task_without_owner_fields" time="0.079" /><testcase classname="tests.test_workspace_and_company.TestTaskOwnershipFields" name="test_patch_task_add_owner_fields" time="0.079" /><testcase classname="tests.test_workspace_and_company.TestTaskOwnershipFields" name="test_list_tasks_still_works" time="0.074" /><testcase classname="tests.test_workspace_and_company.TestTaskOwnershipFields" name="test_patch_task_status_still_works" time="0.089" /><testcase classname="tests.test_workspace_and_company.TestTaskOwnershipFields" name="test_cleanup_created_tasks" time="0.144" /><testcase classname="tests.test_workspace_and_company.TestAdminCompanies" name="test_admin_companies_requires_admin" time="0.078" /><testcase classname="tests.test_workspace_and_company.TestAdminCompanies" name="test_admin_companies_returns_list" time="0.387" /><testcase classname="tests.test_workspace_and_company.TestAdminCompanies" name="test_admin_update_user_company_flow" time="0.787" /><testcase classname="tests.test_workspace_and_company.TestAdminCompanies" name="test_non_admin_patch_forbidden" time="0.153" /><testcase classname="tests.test_workspace_and_company" name="test_zzz_cleanup_final_state" time="0.414" /><testcase classname="tests.test_due_soon.TestConfigEndpoint" name="test_default_system_default_when_no_overrides" time="0.393" /><testcase classname="tests.test_due_soon.TestConfigEndpoint" name="test_user_override_wins_over_system" time="0.245" /><testcase classname="tests.test_due_soon.TestConfigEndpoint" name="test_invalid_threshold_rejected" time="0.172" /><testcase classname="tests.test_due_soon.TestConfigEndpoint" name="test_null_days_clears_override" time="0.214" /><testcase classname="tests.test_due_soon.TestTaskFields" name="test_create_task_with_reminder_days" time="0.171" /><testcase classname="tests.test_due_soon.TestTaskFields" name="test_create_task_with_disabled_flag" time="0.168" /><testcase classname="tests.test_due_soon.TestTaskFields" name="test_invalid_reminder_days_stored_as_none" time="0.167" /><testcase classname="tests.test_due_soon.TestTaskFields" name="test_patch_updates_reminder_days" time="0.342" /><testcase classname="tests.test_due_soon.TestTaskFields" name="test_patch_toggles_disabled" time="0.319" /><testcase classname="tests.test_due_soon.TestScanner" name="test_scanner_fires_for_task_within_threshold" time="0.327" /><testcase classname="tests.test_due_soon.TestScanner" name="test_scanner_skips_disabled_task" time="0.277" /><testcase classname="tests.test_due_soon.TestScanner" name="test_scanner_skips_task_outside_window" time="0.257" /><testcase classname="tests.test_due_soon.TestScanner" name="test_scanner_is_idempotent_at_same_layer" time="0.530" /></testsuite></testsuites>