<?xml version="1.0" encoding="utf-8"?><testsuites name="pytest tests"><testsuite name="pytest" errors="0" failures="0" skipped="0" tests="29" time="7.340" timestamp="2026-07-28T16:38:37.878318+00:00" hostname="agent-env-482622d7-3b19-47d4-876b-4e88138faee8"><testcase classname="tests.test_task_sharing.TestMultiAssignee" name="test_multi_assignee_per_person_completion" time="1.758" /><testcase classname="tests.test_task_sharing.TestMultiAssignee" name="test_non_assignee_cannot_use_my_completion" time="0.321" /><testcase classname="tests.test_task_sharing.TestTaskSharing" name="test_share_grants_visibility_and_perms" time="0.739" /><testcase classname="tests.test_task_sharing.TestTaskSharing" name="test_share_view_only_cannot_edit" time="0.524" /><testcase classname="tests.test_task_sharing.TestTaskSharing" name="test_non_owner_cannot_share" time="0.316" /><testcase classname="tests.test_task_sharing.TestUserSearch" name="test_search_returns_matches" time="0.077" /><testcase classname="tests.test_task_sharing.TestUserSearch" name="test_empty_query_returns_empty" time="0.069" /><testcase classname="tests.test_tasks.TestTasksAuth" name="test_list_requires_auth" time="0.087" /><testcase classname="tests.test_tasks.TestTasksAuth" name="test_create_requires_auth" time="0.039" /><testcase classname="tests.test_tasks.TestTasksAuth" name="test_patch_requires_auth" time="0.081" /><testcase classname="tests.test_tasks.TestTasksAuth" name="test_delete_requires_auth" time="0.039" /><testcase classname="tests.test_tasks.TestTasksList" name="test_list_returns_array" time="0.354" /><testcase classname="tests.test_tasks.TestTasksCreate" name="test_create_minimal" time="0.192" /><testcase classname="tests.test_tasks.TestTasksCreate" name="test_create_with_all_fields" time="0.114" /><testcase classname="tests.test_tasks.TestTasksPatchStatus" name="test_set_status_done" time="0.270" /><testcase classname="tests.test_tasks.TestTasksPatchStatus" name="test_set_status_paused" time="0.159" /><testcase classname="tests.test_tasks.TestTasksPatchStatus" name="test_set_status_pending" time="0.235" /><testcase classname="tests.test_tasks.TestTasksPatchStatus" name="test_invalid_status_returns_400" time="0.235" /><testcase classname="tests.test_tasks.TestTasksPatchStatus" name="test_patch_unknown_id_returns_404" time="0.038" /><testcase classname="tests.test_tasks.TestTasksPatchStatus" name="test_updated_at_changes" time="0.195" /><testcase classname="tests.test_tasks.TestTasksDelete" name="test_delete_task" time="0.146" /><testcase classname="tests.test_tasks.TestTasksDelete" name="test_delete_unknown_ok" time="0.085" /><testcase classname="tests.test_tasks.TestTasksOverdueSupport" name="test_create_task_with_past_due_date" time="0.123" /><testcase classname="tests.test_tasks.TestTasksOverdueStatus" name="test_set_status_overdue" time="0.167" /><testcase classname="tests.test_tasks.TestTasksReminder" name="test_create_task_includes_reminder_fields" time="0.156" /><testcase classname="tests.test_tasks.TestTasksReminder" name="test_create_with_reminder_at" time="0.071" /><testcase classname="tests.test_tasks.TestTasksReminder" name="test_patch_sets_reminder_and_resets_fired" time="0.228" /><testcase classname="tests.test_tasks.TestTasksReminder" name="test_patch_clears_reminder_with_null" time="0.220" /><testcase classname="tests.test_tasks.TestTasksReminder" name="test_patch_reminder_fired_true" time="0.237" /></testsuite></testsuites>