<?xml version="1.0" encoding="utf-8"?><testsuites name="pytest tests"><testsuite name="pytest" errors="10" failures="0" skipped="0" tests="10" time="0.637" timestamp="2026-07-28T16:36:33.844245+00:00" hostname="agent-env-482622d7-3b19-47d4-876b-4e88138faee8"><testcase classname="tests.test_task_scope" name="test_default_scope_is_mine_for_admin" time="0.513"><error message="failed on setup with &quot;KeyError: 'access_token'&quot;">tests/test_task_scope.py:24: in tokens
    return {k: _login(u, p) for k, (u, p) in CREDS.items()}
           ^^^^^^^^^^^^^^^^^^^^^^^^^^^^^^^^^^^^^^^^^^^^^^^^
tests/test_task_scope.py:24: in &lt;dictcomp&gt;
    return {k: _login(u, p) for k, (u, p) in CREDS.items()}
               ^^^^^^^^^^^^
tests/test_task_scope.py:19: in _login
    return r.json()["access_token"]
           ^^^^^^^^^^^^^^^^^^^^^^^^
E   KeyError: 'access_token'</error></testcase><testcase classname="tests.test_task_scope" name="test_admin_mine_only_own_involvement" time="0.000"><error message="failed on setup with &quot;KeyError: 'access_token'&quot;">tests/test_task_scope.py:24: in tokens
    return {k: _login(u, p) for k, (u, p) in CREDS.items()}
           ^^^^^^^^^^^^^^^^^^^^^^^^^^^^^^^^^^^^^^^^^^^^^^^^
tests/test_task_scope.py:24: in &lt;dictcomp&gt;
    return {k: _login(u, p) for k, (u, p) in CREDS.items()}
               ^^^^^^^^^^^^
tests/test_task_scope.py:19: in _login
    return r.json()["access_token"]
           ^^^^^^^^^^^^^^^^^^^^^^^^
E   KeyError: 'access_token'</error></testcase><testcase classname="tests.test_task_scope" name="test_manager_mine_only_own_involvement" time="0.000"><error message="failed on setup with &quot;KeyError: 'access_token'&quot;">tests/test_task_scope.py:24: in tokens
    return {k: _login(u, p) for k, (u, p) in CREDS.items()}
           ^^^^^^^^^^^^^^^^^^^^^^^^^^^^^^^^^^^^^^^^^^^^^^^^
tests/test_task_scope.py:24: in &lt;dictcomp&gt;
    return {k: _login(u, p) for k, (u, p) in CREDS.items()}
               ^^^^^^^^^^^^
tests/test_task_scope.py:19: in _login
    return r.json()["access_token"]
           ^^^^^^^^^^^^^^^^^^^^^^^^
E   KeyError: 'access_token'</error></testcase><testcase classname="tests.test_task_scope" name="test_employee_mine_only_own_involvement" time="0.000"><error message="failed on setup with &quot;KeyError: 'access_token'&quot;">tests/test_task_scope.py:24: in tokens
    return {k: _login(u, p) for k, (u, p) in CREDS.items()}
           ^^^^^^^^^^^^^^^^^^^^^^^^^^^^^^^^^^^^^^^^^^^^^^^^
tests/test_task_scope.py:24: in &lt;dictcomp&gt;
    return {k: _login(u, p) for k, (u, p) in CREDS.items()}
               ^^^^^^^^^^^^
tests/test_task_scope.py:19: in _login
    return r.json()["access_token"]
           ^^^^^^^^^^^^^^^^^^^^^^^^
E   KeyError: 'access_token'</error></testcase><testcase classname="tests.test_task_scope" name="test_admin_team_excludes_self" time="0.000"><error message="failed on setup with &quot;KeyError: 'access_token'&quot;">tests/test_task_scope.py:24: in tokens
    return {k: _login(u, p) for k, (u, p) in CREDS.items()}
           ^^^^^^^^^^^^^^^^^^^^^^^^^^^^^^^^^^^^^^^^^^^^^^^^
tests/test_task_scope.py:24: in &lt;dictcomp&gt;
    return {k: _login(u, p) for k, (u, p) in CREDS.items()}
               ^^^^^^^^^^^^
tests/test_task_scope.py:19: in _login
    return r.json()["access_token"]
           ^^^^^^^^^^^^^^^^^^^^^^^^
E   KeyError: 'access_token'</error></testcase><testcase classname="tests.test_task_scope" name="test_manager_team_is_only_visible_team" time="0.000"><error message="failed on setup with &quot;KeyError: 'access_token'&quot;">tests/test_task_scope.py:24: in tokens
    return {k: _login(u, p) for k, (u, p) in CREDS.items()}
           ^^^^^^^^^^^^^^^^^^^^^^^^^^^^^^^^^^^^^^^^^^^^^^^^
tests/test_task_scope.py:24: in &lt;dictcomp&gt;
    return {k: _login(u, p) for k, (u, p) in CREDS.items()}
               ^^^^^^^^^^^^
tests/test_task_scope.py:19: in _login
    return r.json()["access_token"]
           ^^^^^^^^^^^^^^^^^^^^^^^^
E   KeyError: 'access_token'</error></testcase><testcase classname="tests.test_task_scope" name="test_employee_team_is_empty" time="0.000"><error message="failed on setup with &quot;KeyError: 'access_token'&quot;">tests/test_task_scope.py:24: in tokens
    return {k: _login(u, p) for k, (u, p) in CREDS.items()}
           ^^^^^^^^^^^^^^^^^^^^^^^^^^^^^^^^^^^^^^^^^^^^^^^^
tests/test_task_scope.py:24: in &lt;dictcomp&gt;
    return {k: _login(u, p) for k, (u, p) in CREDS.items()}
               ^^^^^^^^^^^^
tests/test_task_scope.py:19: in _login
    return r.json()["access_token"]
           ^^^^^^^^^^^^^^^^^^^^^^^^
E   KeyError: 'access_token'</error></testcase><testcase classname="tests.test_task_scope" name="test_admin_private_task_not_visible_to_others" time="0.000"><error message="failed on setup with &quot;KeyError: 'access_token'&quot;">tests/test_task_scope.py:24: in tokens
    return {k: _login(u, p) for k, (u, p) in CREDS.items()}
           ^^^^^^^^^^^^^^^^^^^^^^^^^^^^^^^^^^^^^^^^^^^^^^^^
tests/test_task_scope.py:24: in &lt;dictcomp&gt;
    return {k: _login(u, p) for k, (u, p) in CREDS.items()}
               ^^^^^^^^^^^^
tests/test_task_scope.py:19: in _login
    return r.json()["access_token"]
           ^^^^^^^^^^^^^^^^^^^^^^^^
E   KeyError: 'access_token'</error></testcase><testcase classname="tests.test_task_scope" name="test_user_id_field_present" time="0.000"><error message="failed on setup with &quot;KeyError: 'access_token'&quot;">tests/test_task_scope.py:24: in tokens
    return {k: _login(u, p) for k, (u, p) in CREDS.items()}
           ^^^^^^^^^^^^^^^^^^^^^^^^^^^^^^^^^^^^^^^^^^^^^^^^
tests/test_task_scope.py:24: in &lt;dictcomp&gt;
    return {k: _login(u, p) for k, (u, p) in CREDS.items()}
               ^^^^^^^^^^^^
tests/test_task_scope.py:19: in _login
    return r.json()["access_token"]
           ^^^^^^^^^^^^^^^^^^^^^^^^
E   KeyError: 'access_token'</error></testcase><testcase classname="tests.test_task_scope" name="test_employee_can_share_task" time="0.000"><error message="failed on setup with &quot;KeyError: 'access_token'&quot;">tests/test_task_scope.py:24: in tokens
    return {k: _login(u, p) for k, (u, p) in CREDS.items()}
           ^^^^^^^^^^^^^^^^^^^^^^^^^^^^^^^^^^^^^^^^^^^^^^^^
tests/test_task_scope.py:24: in &lt;dictcomp&gt;
    return {k: _login(u, p) for k, (u, p) in CREDS.items()}
               ^^^^^^^^^^^^
tests/test_task_scope.py:19: in _login
    return r.json()["access_token"]
           ^^^^^^^^^^^^^^^^^^^^^^^^
E   KeyError: 'access_token'</error></testcase></testsuite></testsuites>