<?xml version="1.0" encoding="utf-8"?><testsuites name="pytest tests"><testsuite name="pytest" errors="0" failures="0" skipped="0" tests="20" time="11.837" timestamp="2026-07-28T17:20:37.054795+00:00" hostname="agent-env-482622d7-3b19-47d4-876b-4e88138faee8"><testcase classname="tests.test_task_self_multi.TestSelfInclusiveMulti" name="test_creator_included_in_assignees" time="1.381" /><testcase classname="tests.test_task_self_multi.TestSelfInclusiveMulti" name="test_only_self_multi_still_single_person" time="0.362" /><testcase classname="tests.test_task_self_multi.TestSelfInclusiveMulti" name="test_legacy_single_assignee_still_works" time="0.309" /><testcase classname="tests.test_task_sharing.TestMultiAssignee" name="test_multi_assignee_per_person_completion" time="1.657" /><testcase classname="tests.test_task_sharing.TestMultiAssignee" name="test_non_assignee_cannot_use_my_completion" time="0.331" /><testcase classname="tests.test_task_sharing.TestTaskSharing" name="test_share_grants_visibility_and_perms" time="3.848" /><testcase classname="tests.test_task_sharing.TestTaskSharing" name="test_share_view_only_cannot_edit" time="0.436" /><testcase classname="tests.test_task_sharing.TestTaskSharing" name="test_non_owner_cannot_share" time="0.355" /><testcase classname="tests.test_task_sharing.TestUserSearch" name="test_search_returns_matches" time="0.078" /><testcase classname="tests.test_task_sharing.TestUserSearch" name="test_empty_query_returns_empty" time="0.099" /><testcase classname="tests.test_task_scope" name="test_default_scope_is_mine_for_admin" time="1.108" /><testcase classname="tests.test_task_scope" name="test_admin_mine_only_own_involvement" time="0.357" /><testcase classname="tests.test_task_scope" name="test_manager_mine_only_own_involvement" time="0.093" /><testcase classname="tests.test_task_scope" name="test_employee_mine_only_own_involvement" time="0.075" /><testcase classname="tests.test_task_scope" name="test_admin_team_excludes_self" time="0.078" /><testcase classname="tests.test_task_scope" name="test_manager_team_is_only_visible_team" time="0.100" /><testcase classname="tests.test_task_scope" name="test_employee_team_is_empty" time="0.077" /><testcase classname="tests.test_task_scope" name="test_admin_private_task_not_visible_to_others" time="0.552" /><testcase classname="tests.test_task_scope" name="test_user_id_field_present" time="0.083" /><testcase classname="tests.test_task_scope" name="test_employee_can_share_task" time="0.391" /></testsuite></testsuites>