<?xml version="1.0" encoding="utf-8"?><testsuites name="pytest tests"><testsuite name="pytest" errors="0" failures="0" skipped="0" tests="22" time="2.983" timestamp="2026-07-20T14:00:48.330182+00:00" hostname="agent-env-0be8c9f7-6fac-4072-97ee-e8f0702cb100"><testcase classname="tests.test_tasks.TestTasksReminder" name="test_create_task_includes_reminder_fields" time="0.958" /><testcase classname="tests.test_tasks.TestTasksPatchStatus" name="test_set_status_done" time="1.051" /><testcase classname="tests.test_tasks.TestTasksReminder" name="test_create_with_reminder_at" time="0.126" /><testcase classname="tests.test_tasks.TestTasksReminder" name="test_patch_sets_reminder_and_resets_fired" time="0.247" /><testcase classname="tests.test_tasks.TestTasksPatchStatus" name="test_set_status_paused" time="0.219" /><testcase classname="tests.test_tasks.TestTasksPatchStatus" name="test_set_status_pending" time="0.212" /><testcase classname="tests.test_tasks.TestTasksReminder" name="test_patch_clears_reminder_with_null" time="0.289" /><testcase classname="tests.test_tasks.TestTasksPatchStatus" name="test_invalid_status_returns_400" time="0.196" /><testcase classname="tests.test_tasks.TestTasksReminder" name="test_patch_reminder_fired_true" time="0.239" /><testcase classname="tests.test_tasks.TestTasksPatchStatus" name="test_patch_unknown_id_returns_404" time="0.049" /><testcase classname="tests.test_tasks.TestTasksPatchStatus" name="test_updated_at_changes" time="0.203" /><testcase classname="tests.test_tasks.TestTasksAuth" name="test_list_requires_auth" time="0.040" /><testcase classname="tests.test_tasks.TestTasksAuth" name="test_create_requires_auth" time="0.038" /><testcase classname="tests.test_tasks.TestTasksCreate" name="test_create_minimal" time="0.206" /><testcase classname="tests.test_tasks.TestTasksAuth" name="test_patch_requires_auth" time="0.045" /><testcase classname="tests.test_tasks.TestTasksAuth" name="test_delete_requires_auth" time="0.084" /><testcase classname="tests.test_tasks.TestTasksList" name="test_list_returns_array" time="0.044" /><testcase classname="tests.test_tasks.TestTasksOverdueSupport" name="test_create_task_with_past_due_date" time="0.078" /><testcase classname="tests.test_tasks.TestTasksCreate" name="test_create_with_all_fields" time="0.130" /><testcase classname="tests.test_tasks.TestTasksDelete" name="test_delete_task" time="0.161" /><testcase classname="tests.test_tasks.TestTasksOverdueStatus" name="test_set_status_overdue" time="0.260" /><testcase classname="tests.test_tasks.TestTasksDelete" name="test_delete_unknown_ok" time="0.051" /></testsuite></testsuites>