<?xml version="1.0" encoding="utf-8"?><testsuites name="pytest tests"><testsuite name="pytest" errors="0" failures="0" skipped="0" tests="25" time="7.471" timestamp="2026-07-20T12:22:47.408345+00:00" hostname="agent-env-0be8c9f7-6fac-4072-97ee-e8f0702cb100"><testcase classname="tests.backend_test.TestAuth" name="test_login_success_returns_jwt" time="0.352" /><testcase classname="tests.backend_test.TestProtection" name="test_gets_401_without_token" time="0.496" /><testcase classname="tests.backend_test.TestAuth" name="test_login_wrong_password" time="0.080" /><testcase classname="tests.backend_test.TestAuth" name="test_brute_force_lockout_3rd_attempt" time="0.381" /><testcase classname="tests.backend_test.TestProtection" name="test_gets_200_with_token" time="0.530" /><testcase classname="tests.backend_test.TestAuth" name="test_lockout_isolated_per_username" time="0.276" /><testcase classname="tests.backend_test.TestProtection" name="test_chat_401_without_token" time="0.039" /><testcase classname="tests.backend_test.TestProtection" name="test_tts_401_without_token" time="0.033" /><testcase classname="tests.backend_test.TestAuth" name="test_me_requires_token" time="0.078" /><testcase classname="tests.backend_test.TestProtection" name="test_notes_post_401_without_token" time="0.038" /><testcase classname="tests.backend_test.TestProtection" name="test_reminders_post_401_without_token" time="0.073" /><testcase classname="tests.backend_test.TestProtection" name="test_conversation_messages_401_without_token" time="0.261" /><testcase classname="tests.backend_test.TestAuth" name="test_me_with_valid_token" time="0.344" /><testcase classname="tests.backend_test.TestProtection" name="test_conversation_delete_401_without_token" time="0.075" /><testcase classname="tests.backend_test.TestAuth" name="test_me_with_invalid_token" time="0.294" /><testcase classname="tests.backend_test.TestAccountChanges" name="test_change_password_full_cycle" time="3.804" /><testcase classname="tests.backend_test.TestChat" name="test_chat_first_message_tr" time="1.792" /><testcase classname="tests.backend_test.TestChat" name="test_get_messages_with_auth" time="0.038" /><testcase classname="tests.backend_test.TestChat" name="test_delete_conversation_with_auth" time="0.074" /><testcase classname="tests.backend_test.TestTTS" name="test_tts_returns_mp3" time="1.409" /><testcase classname="tests.backend_test.TestNotes" name="test_note_crud" time="0.571" /><testcase classname="tests.backend_test.TestAccountChanges" name="test_change_username_full_cycle" time="1.593" /><testcase classname="tests.backend_test.TestReminders" name="test_reminder_flow" time="0.362" /><testcase classname="tests.backend_test.TestWeather" name="test_weather_with_auth" time="0.257" /><testcase classname="tests.backend_test.TestHealth" name="test_root_public" time="0.039" /></testsuite></testsuites>