<?xml version="1.0" encoding="utf-8"?><testsuites name="pytest tests"><testsuite name="pytest" errors="0" failures="0" skipped="0" tests="6" time="11.168" timestamp="2026-07-31T20:51:23.938037+00:00" hostname="agent-env-482622d7-3b19-47d4-876b-4e88138faee8"><testcase classname="tests.test_task_attachments.TestHappyPath" name="test_full_flow_small_file" time="1.430" /><testcase classname="tests.test_task_attachments.TestMultiChunk" name="test_9mb_file_3_chunks_integrity" time="4.130" /><testcase classname="tests.test_task_attachments.TestMultipleFiles" name="test_three_files_all_listed" time="2.308" /><testcase classname="tests.test_task_attachments.TestRBACView" name="test_non_viewer_gets_404_on_all_attachment_endpoints" time="0.998" /><testcase classname="tests.test_task_attachments.TestRBACDelete" name="test_delete_permission_matrix" time="2.087" /><testcase classname="tests.test_task_attachments.TestSizeLimit" name="test_init_over_100mb_rejected" time="0.139" /></testsuite></testsuites>