<?xml version="1.0" encoding="utf-8"?><testsuites name="pytest tests"><testsuite name="pytest" errors="0" failures="0" skipped="0" tests="6" time="2.520" timestamp="2026-08-03T16:47:48.580678+00:00" hostname="agent-env-482622d7-3b19-47d4-876b-4e88138faee8"><testcase classname="tests.test_task_categories_hierarchy.TestStatsEndpoint" name="test_stats_admin_returns_direct_counts" time="1.334" /><testcase classname="tests.test_task_categories_hierarchy.TestStatsEndpoint" name="test_stats_shape_is_flat_map" time="0.073" /><testcase classname="tests.test_task_categories_hierarchy.TestReparent" name="test_reparent_to_other_root" time="0.152" /><testcase classname="tests.test_task_categories_hierarchy.TestReparent" name="test_reparent_back_to_root" time="0.187" /><testcase classname="tests.test_task_categories_hierarchy.TestReparent" name="test_reparent_under_self_rejected" time="0.092" /><testcase classname="tests.test_task_categories_hierarchy.TestReparent" name="test_reparent_cycle_under_own_descendant_rejected" time="0.616" /></testsuite></testsuites>