<?xml version="1.0" encoding="utf-8"?><testsuites name="pytest tests"><testsuite name="pytest" errors="0" failures="1" skipped="0" tests="11" time="6.373" timestamp="2026-09-03T15:25:54.290226+00:00" hostname="agent-env-86ba77ad-9d81-45b0-8733-0b762e1a88ae"><testcase classname="tests.test_task_duplicate.TestDuplicateBasic" name="test_duplicate_basic_prefix_status_assignee" time="0.941" /><testcase classname="tests.test_task_duplicate.TestDuplicateBasic" name="test_duplicate_no_category_kolsuz" time="0.097" /><testcase classname="tests.test_task_duplicate.TestDuplicateSubtasks" name="test_include_subtasks_copies_and_resets_done" time="0.151" /><testcase classname="tests.test_task_duplicate.TestDuplicateSubtasks" name="test_exclude_subtasks_yields_empty" time="0.173" /><testcase classname="tests.test_task_duplicate.TestDuplicateAttachments" name="test_include_attachments_duplicates_in_storage" time="1.379"><failure message="assert (405 == 200)&#10; +  where 405 = &lt;Response [405]&gt;.status_code">backend/tests/test_task_duplicate.py:227: in test_include_attachments_duplicates_in_storage
    assert dl_src.status_code == 200 and dl_dup.status_code == 200
E   assert (405 == 200)
E    +  where 405 = &lt;Response [405]&gt;.status_code</failure></testcase><testcase classname="tests.test_task_duplicate.TestDuplicateAttachments" name="test_exclude_attachments_yields_none" time="0.611" /><testcase classname="tests.test_task_duplicate.TestDuplicateExclusions" name="test_lock_flags_not_copied" time="0.145" /><testcase classname="tests.test_task_duplicate.TestDuplicateExclusions" name="test_group_not_copied" time="0.162" /><testcase classname="tests.test_task_duplicate.TestDuplicateMultiPaste" name="test_same_source_pasted_into_two_categories" time="0.201" /><testcase classname="tests.test_task_duplicate.TestDuplicateMultiPaste" name="test_top_of_list_ordering" time="0.136" /><testcase classname="tests.test_task_duplicate.TestDuplicateNotFound" name="test_unknown_task_404" time="2.305" /></testsuite></testsuites>