<?xml version="1.0" encoding="utf-8"?><testsuites name="pytest tests"><testsuite name="pytest" errors="0" failures="0" skipped="0" tests="7" time="2.590" timestamp="2026-07-29T17:35:11.018151+00:00" hostname="agent-env-482622d7-3b19-47d4-876b-4e88138faee8"><testcase classname="tests.test_task_groups.TestTaskGroups" name="test_create_group_requires_two" time="0.875" /><testcase classname="tests.test_task_groups.TestTaskGroups" name="test_create_group_success" time="0.278" /><testcase classname="tests.test_task_groups.TestTaskGroups" name="test_list_groups" time="0.077" /><testcase classname="tests.test_task_groups.TestTaskGroups" name="test_patch_group_name_and_membership" time="0.270" /><testcase classname="tests.test_task_groups.TestTaskGroups" name="test_remove_member" time="0.123" /><testcase classname="tests.test_task_groups.TestTaskGroups" name="test_remove_member_dissolves" time="0.120" /><testcase classname="tests.test_task_groups.TestTaskGroups" name="test_delete_group_clears_members" time="0.505" /></testsuite></testsuites>