<?xml version="1.0" encoding="utf-8"?><testsuites name="pytest tests"><testsuite name="pytest" errors="0" failures="0" skipped="0" tests="5" time="1.964" timestamp="2026-08-03T16:17:42.473771+00:00" hostname="agent-env-482622d7-3b19-47d4-876b-4e88138faee8"><testcase classname="tests.test_task_category_hierarchy" name="test_hierarchy_create_parent_child_grandchild" time="1.031" /><testcase classname="tests.test_task_category_hierarchy" name="test_assign_task_to_leaf_and_parent" time="0.215" /><testcase classname="tests.test_task_category_hierarchy" name="test_cascade_delete_clears_task_category" time="0.319" /><testcase classname="tests.test_task_category_hierarchy" name="test_invalid_parent" time="0.086" /><testcase classname="tests.test_task_category_hierarchy" name="test_cleanup_tasks" time="0.256" /></testsuite></testsuites>