<?xml version="1.0" encoding="utf-8"?><testsuites name="pytest tests"><testsuite name="pytest" errors="0" failures="1" skipped="0" tests="32" time="13.721" timestamp="2026-07-23T17:53:22.650102+00:00" hostname="agent-env-7c49d08f-be77-4404-99d1-eea4ef19378f"><testcase classname="tests.test_license.TestLicenseTypesAndFormat" name="test_types_endpoint_admin_only" time="0.786" /><testcase classname="tests.test_license.TestLicenseTypesAndFormat" name="test_generated_keys_format_and_alphabet" time="0.041" /><testcase classname="tests.test_license.TestLicenseTypesAndFormat" name="test_generated_keys_are_unique" time="0.048" /><testcase classname="tests.test_license.TestLicenseTypesAndFormat" name="test_duration_days_per_type" time="0.274" /><testcase classname="tests.test_license.TestAdminCRUD" name="test_generate_requires_admin" time="0.377" /><testcase classname="tests.test_license.TestAdminCRUD" name="test_generate_invalid_type" time="0.081" /><testcase classname="tests.test_license.TestAdminCRUD" name="test_generate_count_out_of_range" time="0.074" /><testcase classname="tests.test_license.TestAdminCRUD" name="test_list_and_filter" time="0.322" /><testcase classname="tests.test_license.TestAdminCRUD" name="test_stats_shape" time="0.042" /><testcase classname="tests.test_license.TestAdminCRUD" name="test_patch_extend_and_notes" time="0.153" /><testcase classname="tests.test_license.TestAdminCRUD" name="test_patch_suspend_activate_revoke" time="0.237" /><testcase classname="tests.test_license.TestAdminCRUD" name="test_patch_invalid_status" time="0.121" /><testcase classname="tests.test_license.TestAdminCRUD" name="test_delete_unassigned" time="0.117" /><testcase classname="tests.test_license.TestAdminCRUD" name="test_delete_assigned_blocked" time="0.151" /><testcase classname="tests.test_license.TestAdminCRUD" name="test_admin_endpoints_forbidden_for_regular" time="0.139" /><testcase classname="tests.test_license.TestRedeemFlows" name="test_invalid_format_400" time="0.071" /><testcase classname="tests.test_license.TestRedeemFlows" name="test_not_found_404" time="0.034" /><testcase classname="tests.test_license.TestRedeemFlows" name="test_case_insensitive_and_idempotent" time="0.187" /><testcase classname="tests.test_license.TestRedeemFlows" name="test_redeem_by_different_user_conflict" time="0.760" /><testcase classname="tests.test_license.TestRedeemFlows" name="test_suspended_key_rejected" time="0.192" /><testcase classname="tests.test_license.TestRedeemFlows" name="test_revoked_key_rejected" time="0.196" /><testcase classname="tests.test_license.TestLicenseMe" name="test_me_admin_shape" time="0.039" /><testcase classname="tests.test_license.TestLicenseMe" name="test_me_licensed_user_shape" time="0.076" /><testcase classname="tests.test_license.TestLicenseMe" name="test_me_unlicensed_user_shape" time="0.700" /><testcase classname="tests.test_license.TestLicenseGate" name="test_unlicensed_user_blocked_402" time="1.064" /><testcase classname="tests.test_license.TestLicenseGate" name="test_admin_bypasses_gate" time="0.188" /><testcase classname="tests.test_license.TestLicenseGate" name="test_weather_main_endpoint_should_be_gated" time="0.950"><failure message="AssertionError: /api/weather should be license-gated but returned 200. Change Depends(current_user) → Depends(licensed_user) in server.py::weather().&#10;assert 200 == 402&#10; +  where 200 = &lt;Response [200]&gt;.status_code">backend/tests/test_license.py:451: in test_weather_main_endpoint_should_be_gated
    assert r.status_code == 402, (
E   AssertionError: /api/weather should be license-gated but returned 200. Change Depends(current_user) → Depends(licensed_user) in server.py::weather().
E   assert 200 == 402
E    +  where 200 = &lt;Response [200]&gt;.status_code</failure></testcase><testcase classname="tests.test_license.TestExpiryAndRevive" name="test_expired_license_blocked_then_revived" time="1.142" /><testcase classname="tests.test_license.TestSingleSession" name="test_second_login_kicks_first" time="0.895" /><testcase classname="tests.test_license.TestAdminRegression" name="test_admin_health" time="0.037" /><testcase classname="tests.test_license.TestAdminRegression" name="test_admin_tasks_notes" time="0.079" /><testcase classname="tests.test_license.TestAdminRegression" name="test_admin_users_list" time="4.018" /></testsuite></testsuites>