<?xml version="1.0" encoding="utf-8"?><testsuites name="pytest tests"><testsuite name="pytest" errors="0" failures="0" skipped="0" tests="3" time="2.780" timestamp="2026-07-31T16:55:51.244766+00:00" hostname="agent-env-482622d7-3b19-47d4-876b-4e88138faee8"><testcase classname="tests.test_transfer_company" name="test_transfer_companies_admin_lists_all" time="0.579" /><testcase classname="tests.test_transfer_company" name="test_admin_transfer_to_company_and_orphan_pool" time="0.809" /><testcase classname="tests.test_transfer_company" name="test_manager_transfer_to_foreign_company_403" time="1.030" /></testsuite></testsuites>