<?xml version="1.0" encoding="utf-8"?><testsuites name="pytest tests"><testsuite name="pytest" errors="0" failures="0" skipped="0" tests="13" time="4.657" timestamp="2026-07-27T11:24:45.228848+00:00" hostname="agent-env-fd549b7c-101a-4a19-89b4-f609b39ff9c1"><testcase classname="tests.test_tasks_user_policy.TestAdminSetsUserPolicy" name="test_admin_patch_user_lock_flags" time="1.046" /><testcase classname="tests.test_tasks_user_policy.TestAdminSetsUserPolicy" name="test_get_shows_both_channels" time="0.350" /><testcase classname="tests.test_tasks_user_policy.TestTaskInheritsUserPolicy" name="test_new_task_inherits_default_locks_and_otp_flag" time="0.260" /><testcase classname="tests.test_tasks_user_policy.TestUnlockSimple" name="test_delete_flow_with_unlock_simple" time="0.311" /><testcase classname="tests.test_tasks_user_policy.TestUnlockSimple" name="test_unlock_simple_rejected_when_otp_required" time="0.271" /><testcase classname="tests.test_tasks_user_policy.TestSelfChannel" name="test_self_patch_lands_in_self_channel_and_ignores_requires_otp" time="0.174" /><testcase classname="tests.test_tasks_user_policy.TestSelfChannel" name="test_employee_forbidden_on_other_user" time="0.170" /><testcase classname="tests.test_tasks_user_policy.TestUserLockAudit" name="test_admin_reads_audit_and_sees_managed_and_self_rows" time="0.252" /><testcase classname="tests.test_tasks_user_policy.TestManagerPolicy" name="test_manager_without_visibility_forbidden" time="0.480" /><testcase classname="tests.test_tasks_user_policy.TestTaskLockRequiresOtpField" name="test_patch_task_locks_persists_requires_otp" time="0.415" /><testcase classname="tests.test_tasks_user_policy.TestTaskSelfLocks" name="test_assignee_can_set_self_locks" time="0.247" /><testcase classname="tests.test_tasks_user_policy.TestTaskSelfLocks" name="test_non_assignee_forbidden" time="0.251" /><testcase classname="tests.test_tasks_user_policy.TestGuardIncludesSelfLock" name="test_self_lock_blocks_delete" time="0.369" /></testsuite></testsuites>