<?xml version="1.0" encoding="utf-8"?><testsuites name="pytest tests"><testsuite name="pytest" errors="0" failures="0" skipped="0" tests="5" time="1.333" timestamp="2026-07-29T09:33:52.848367+00:00" hostname="agent-env-482622d7-3b19-47d4-876b-4e88138faee8"><testcase classname="tests.test_ux_batch_tasks_notifications" name="test_delete_all_notifications" time="0.536" /><testcase classname="tests.test_ux_batch_tasks_notifications" name="test_delete_selected_empty_ids" time="0.079" /><testcase classname="tests.test_ux_batch_tasks_notifications" name="test_delete_nonexistent_notification" time="0.078" /><testcase classname="tests.test_ux_batch_tasks_notifications" name="test_patch_task_reminder_recurring_fields" time="0.258" /><testcase classname="tests.test_ux_batch_tasks_notifications" name="test_clear_reminder_on_done" time="0.327" /></testsuite></testsuites>