<?xml version="1.0" encoding="utf-8"?><testsuites name="pytest tests"><testsuite name="pytest" errors="0" failures="0" skipped="0" tests="12" time="7.130" timestamp="2026-07-23T20:48:08.725968+00:00" hostname="agent-env-7c49d08f-be77-4404-99d1-eea4ef19378f"><testcase classname="tests.test_admin_user_with_license.TestCreateUserWithLicense" name="test_create_user_with_each_license_type[trial-30]" time="1.420" /><testcase classname="tests.test_admin_user_with_license.TestCreateUserWithLicense" name="test_create_user_with_each_license_type[monthly-30]" time="0.731" /><testcase classname="tests.test_admin_user_with_license.TestCreateUserWithLicense" name="test_create_user_with_each_license_type[yearly-365]" time="0.717" /><testcase classname="tests.test_admin_user_with_license.TestCreateUserWithLicense" name="test_create_user_with_each_license_type[lifetime-None]" time="0.763" /><testcase classname="tests.test_admin_user_with_license.TestCreateUserWithoutLicense" name="test_omitted_with_license_no_license" time="0.707" /><testcase classname="tests.test_admin_user_with_license.TestCreateUserWithoutLicense" name="test_explicit_null_with_license_no_license" time="0.271" /><testcase classname="tests.test_admin_user_with_license.TestInvalidValues" name="test_invalid_license_type_400" time="0.264" /><testcase classname="tests.test_admin_user_with_license.TestInvalidValues" name="test_admin_role_ignores_with_license" time="0.268" /><testcase classname="tests.test_admin_user_with_license.TestRegressions" name="test_admin_users_list_still_works" time="0.045" /><testcase classname="tests.test_admin_user_with_license.TestRegressions" name="test_license_me_still_works_for_admin" time="0.045" /><testcase classname="tests.test_admin_user_with_license.TestRegressions" name="test_license_types_endpoint" time="0.041" /><testcase classname="tests.test_admin_user_with_license.TestExpiringSupport" name="test_patch_expires_at_yields_days_left_5" time="1.782" /></testsuite></testsuites>